2016-04-25 16:43:15.079 [INFO ] org.springframework.context.support.ClassPathXmlApplicationContext "Refreshing org.springframework.context.support.ClassPathXmlApplicationContext@7f2cfe3f: startup date [Mon Apr 25 16:43:15 WIB 2016]; root of context hierarchy"
2016-04-25 16:43:15.146 [INFO ] org.springframework.beans.factory.xml.XmlBeanDefinitionReader "Loading XML bean definitions from class path resource [job-definition.xml]"
2016-04-25 16:43:15.381 [INFO ] org.springframework.beans.factory.xml.XmlBeanDefinitionReader "Loading XML bean definitions from class path resource [context.xml]"
2016-04-25 16:43:15.422 [INFO ] org.springframework.beans.factory.xml.XmlBeanDefinitionReader "Loading XML bean definitions from class path resource [database.xml]"
2016-04-25 16:43:15.470 [INFO ] org.springframework.beans.factory.support.DefaultListableBeanFactory "Overriding bean definition for bean 'transactionManager': replacing [Generic bean: class [org.springframework.batch.support.transaction.ResourcelessTransactionManager]; scope=; abstract=false; lazyInit=false; autowireMode=0; dependencyCheck=0; autowireCandidate=true; primary=false; factoryBeanName=null; factoryMethodName=null; initMethodName=null; destroyMethodName=null; defined in class path resource [context.xml]] with [Generic bean: class [org.springframework.batch.support.transaction.ResourcelessTransactionManager]; scope=; abstract=false; lazyInit=false; autowireMode=0; dependencyCheck=0; autowireCandidate=true; primary=false; factoryBeanName=null; factoryMethodName=null; initMethodName=null; destroyMethodName=null; defined in class path resource [database.xml]]"
2016-04-25 16:43:15.534 [INFO ] org.springframework.beans.factory.support.DefaultListableBeanFactory "Overriding bean definition for bean 'robust-export': replacing [Generic bean: class [org.springframework.batch.core.configuration.xml.SimpleFlowFactoryBean]; scope=; abstract=false; lazyInit=false; autowireMode=0; dependencyCheck=0; autowireCandidate=true; primary=false; factoryBeanName=null; factoryMethodName=null; initMethodName=null; destroyMethodName=null] with [Generic bean: class [org.springframework.batch.core.configuration.xml.JobParserJobFactoryBean]; scope=; abstract=false; lazyInit=false; autowireMode=0; dependencyCheck=0; autowireCandidate=true; primary=false; factoryBeanName=null; factoryMethodName=null; initMethodName=null; destroyMethodName=null]"
2016-04-25 16:43:15.730 [INFO ] org.springframework.beans.factory.support.DefaultListableBeanFactory "Pre-instantiating singletons in org.springframework.beans.factory.support.DefaultListableBeanFactory@4c550889: defining beans [jobRepository,transactionManager,jobLauncher,systemDataSource,targetDataSource,org.springframework.jdbc.datasource.init.DataSourceInitializer#0,checkFileTask,createFileTask,continueTask,org.springframework.batch.core.scope.internalStepScope,org.springframework.beans.factory.config.CustomEditorConfigurer,org.springframework.batch.core.configuration.xml.CoreNamespacePostProcessor,initialization-step,createFileStep,continue-step,robust-export]; root of factory hierarchy"
2016-04-25 16:43:15.761 [INFO ] org.springframework.jdbc.datasource.DriverManagerDataSource "Loaded JDBC driver: org.hsqldb.jdbcDriver"
2016-04-25 16:43:16.125 [INFO ] org.springframework.batch.core.launch.support.SimpleJobLauncher "No TaskExecutor has been set, defaulting to synchronous executor."
2016-04-25 16:43:16.127 [INFO ] org.springframework.jdbc.datasource.DriverManagerDataSource "Loaded JDBC driver: com.mysql.jdbc.Driver"
2016-04-25 16:43:16.628 [INFO ] org.springframework.jdbc.datasource.init.ResourceDatabasePopulator "Executing SQL script from class path resource [org/springframework/batch/core/schema-drop-hsqldb.sql]"
2016-04-25 16:43:16.634 [INFO ] org.springframework.jdbc.datasource.init.ResourceDatabasePopulator "Done executing SQL script from class path resource [org/springframework/batch/core/schema-drop-hsqldb.sql] in 5 ms."
2016-04-25 16:43:16.634 [INFO ] org.springframework.jdbc.datasource.init.ResourceDatabasePopulator "Executing SQL script from class path resource [org/springframework/batch/core/schema-hsqldb.sql]"
2016-04-25 16:43:16.645 [INFO ] org.springframework.jdbc.datasource.init.ResourceDatabasePopulator "Done executing SQL script from class path resource [org/springframework/batch/core/schema-hsqldb.sql] in 11 ms."
2016-04-25 16:43:16.776 [INFO ] com.zaxxer.hikari.HikariDataSource "springHikariCP - Started."
2016-04-25 16:43:18.486 [INFO ] org.springframework.batch.core.launch.support.SimpleJobLauncher "Job: [FlowJob: [name=robust-export]] launched with the following parameters: [{date=1461577398407, maxThread=2}]"
2016-04-25 16:43:18.515 [INFO ] org.springframework.batch.core.job.SimpleStepHandler "Executing step: [initialization-step]"
2016-04-25 16:43:18.797 [INFO ] org.springframework.batch.core.job.SimpleStepHandler "Executing step: [createFileStep]"
2016-04-25 16:43:22.440 [INFO ] org.springframework.batch.core.job.SimpleStepHandler "Executing step: [continue-step]"
2016-04-25 16:43:22.474 [INFO ] org.springframework.batch.core.job.SimpleStepHandler "Duplicate step [initialization-step] detected in execution of job=[robust-export]. If either step fails, both will be executed again on restart."
2016-04-25 16:43:22.481 [INFO ] org.springframework.batch.core.job.SimpleStepHandler "Executing step: [initialization-step]"
2016-04-25 16:43:22.556 [INFO ] org.springframework.batch.core.job.SimpleStepHandler "Duplicate step [createFileStep] detected in execution of job=[robust-export]. If either step fails, both will be executed again on restart."
2016-04-25 16:43:22.564 [INFO ] org.springframework.batch.core.job.SimpleStepHandler "Executing step: [createFileStep]"
2016-04-25 16:43:22.590 [INFO ] org.springframework.batch.core.job.SimpleStepHandler "Duplicate step [continue-step] detected in execution of job=[robust-export]. If either step fails, both will be executed again on restart."
2016-04-25 16:43:22.598 [INFO ] org.springframework.batch.core.job.SimpleStepHandler "Executing step: [continue-step]"
2016-04-25 16:43:22.621 [INFO ] org.springframework.batch.core.job.SimpleStepHandler "Duplicate step [initialization-step] detected in execution of job=[robust-export]. If either step fails, both will be executed again on restart."
2016-04-25 16:43:22.628 [INFO ] org.springframework.batch.core.job.SimpleStepHandler "Executing step: [initialization-step]"
2016-04-25 16:43:22.687 [INFO ] org.springframework.batch.core.job.SimpleStepHandler "Duplicate step [createFileStep] detected in execution of job=[robust-export]. If either step fails, both will be executed again on restart."
2016-04-25 16:43:22.696 [INFO ] org.springframework.batch.core.job.SimpleStepHandler "Executing step: [createFileStep]"
2016-04-25 16:43:22.718 [INFO ] org.springframework.batch.core.job.SimpleStepHandler "Duplicate step [continue-step] detected in execution of job=[robust-export]. If either step fails, both will be executed again on restart."
2016-04-25 16:43:22.725 [INFO ] org.springframework.batch.core.job.SimpleStepHandler "Executing step: [continue-step]"
2016-04-25 16:43:22.743 [INFO ] org.springframework.batch.core.job.SimpleStepHandler "Duplicate step [initialization-step] detected in execution of job=[robust-export]. If either step fails, both will be executed again on restart."
2016-04-25 16:43:22.750 [INFO ] org.springframework.batch.core.job.SimpleStepHandler "Executing step: [initialization-step]"
2016-04-25 16:43:22.795 [INFO ] org.springframework.batch.core.job.SimpleStepHandler "Duplicate step [createFileStep] detected in execution of job=[robust-export]. If either step fails, both will be executed again on restart."
2016-04-25 16:43:22.800 [INFO ] org.springframework.batch.core.job.SimpleStepHandler "Executing step: [createFileStep]"
2016-04-25 16:43:22.814 [INFO ] org.springframework.batch.core.job.SimpleStepHandler "Duplicate step [continue-step] detected in execution of job=[robust-export]. If either step fails, both will be executed again on restart."
2016-04-25 16:43:22.819 [INFO ] org.springframework.batch.core.job.SimpleStepHandler "Executing step: [continue-step]"
2016-04-25 16:43:22.833 [INFO ] org.springframework.batch.core.job.SimpleStepHandler "Duplicate step [initialization-step] detected in execution of job=[robust-export]. If either step fails, both will be executed again on restart."
2016-04-25 16:43:22.839 [INFO ] org.springframework.batch.core.job.SimpleStepHandler "Executing step: [initialization-step]"
2016-04-25 16:43:22.896 [INFO ] org.springframework.batch.core.job.SimpleStepHandler "Duplicate step [createFileStep] detected in execution of job=[robust-export]. If either step fails, both will be executed again on restart."
2016-04-25 16:43:22.912 [INFO ] org.springframework.batch.core.job.SimpleStepHandler "Executing step: [createFileStep]"
2016-04-25 16:43:22.936 [INFO ] org.springframework.batch.core.job.SimpleStepHandler "Duplicate step [continue-step] detected in execution of job=[robust-export]. If either step fails, both will be executed again on restart."
2016-04-25 16:43:22.941 [INFO ] org.springframework.batch.core.job.SimpleStepHandler "Executing step: [continue-step]"
2016-04-25 16:43:22.959 [INFO ] org.springframework.batch.core.job.SimpleStepHandler "Duplicate step [initialization-step] detected in execution of job=[robust-export]. If either step fails, both will be executed again on restart."
2016-04-25 16:43:22.965 [INFO ] org.springframework.batch.core.job.SimpleStepHandler "Executing step: [initialization-step]"
2016-04-25 16:43:23.330 [INFO ] org.springframework.batch.core.job.SimpleStepHandler "Duplicate step [createFileStep] detected in execution of job=[robust-export]. If either step fails, both will be executed again on restart."
2016-04-25 16:43:23.335 [INFO ] org.springframework.batch.core.job.SimpleStepHandler "Executing step: [createFileStep]"
2016-04-25 16:43:23.350 [INFO ] org.springframework.batch.core.job.SimpleStepHandler "Duplicate step [continue-step] detected in execution of job=[robust-export]. If either step fails, both will be executed again on restart."
2016-04-25 16:43:23.355 [INFO ] org.springframework.batch.core.job.SimpleStepHandler "Executing step: [continue-step]"
2016-04-25 16:43:23.368 [INFO ] org.springframework.batch.core.job.SimpleStepHandler "Duplicate step [initialization-step] detected in execution of job=[robust-export]. If either step fails, both will be executed again on restart."
2016-04-25 16:43:23.376 [INFO ] org.springframework.batch.core.job.SimpleStepHandler "Executing step: [initialization-step]"
2016-04-25 16:43:23.463 [INFO ] org.springframework.batch.core.job.SimpleStepHandler "Duplicate step [createFileStep] detected in execution of job=[robust-export]. If either step fails, both will be executed again on restart."
2016-04-25 16:43:23.468 [INFO ] org.springframework.batch.core.job.SimpleStepHandler "Executing step: [createFileStep]"
2016-04-25 16:43:23.490 [INFO ] org.springframework.batch.core.job.SimpleStepHandler "Duplicate step [continue-step] detected in execution of job=[robust-export]. If either step fails, both will be executed again on restart."
2016-04-25 16:43:23.494 [INFO ] org.springframework.batch.core.job.SimpleStepHandler "Executing step: [continue-step]"
2016-04-25 16:43:23.504 [INFO ] org.springframework.batch.core.job.SimpleStepHandler "Duplicate step [initialization-step] detected in execution of job=[robust-export]. If either step fails, both will be executed again on restart."
2016-04-25 16:43:23.509 [INFO ] org.springframework.batch.core.job.SimpleStepHandler "Executing step: [initialization-step]"
2016-04-25 16:43:24.104 [INFO ] org.springframework.batch.core.job.SimpleStepHandler "Duplicate step [createFileStep] detected in execution of job=[robust-export]. If either step fails, both will be executed again on restart."
2016-04-25 16:43:24.111 [INFO ] org.springframework.batch.core.job.SimpleStepHandler "Executing step: [createFileStep]"
2016-04-25 16:43:24.122 [INFO ] org.springframework.batch.core.job.SimpleStepHandler "Duplicate step [continue-step] detected in execution of job=[robust-export]. If either step fails, both will be executed again on restart."
2016-04-25 16:43:24.128 [INFO ] org.springframework.batch.core.job.SimpleStepHandler "Executing step: [continue-step]"
2016-04-25 16:43:24.142 [INFO ] org.springframework.batch.core.job.SimpleStepHandler "Duplicate step [initialization-step] detected in execution of job=[robust-export]. If either step fails, both will be executed again on restart."
2016-04-25 16:43:24.172 [INFO ] org.springframework.batch.core.job.SimpleStepHandler "Executing step: [initialization-step]"
2016-04-25 16:43:28.440 [INFO ] org.springframework.batch.core.job.SimpleStepHandler "Duplicate step [createFileStep] detected in execution of job=[robust-export]. If either step fails, both will be executed again on restart."
2016-04-25 16:43:28.444 [INFO ] org.springframework.batch.core.job.SimpleStepHandler "Executing step: [createFileStep]"
2016-04-25 16:43:28.457 [INFO ] org.springframework.batch.core.job.SimpleStepHandler "Duplicate step [continue-step] detected in execution of job=[robust-export]. If either step fails, both will be executed again on restart."
2016-04-25 16:43:28.462 [INFO ] org.springframework.batch.core.job.SimpleStepHandler "Executing step: [continue-step]"
2016-04-25 16:43:28.476 [INFO ] org.springframework.batch.core.job.SimpleStepHandler "Duplicate step [initialization-step] detected in execution of job=[robust-export]. If either step fails, both will be executed again on restart."
2016-04-25 16:43:28.481 [INFO ] org.springframework.batch.core.job.SimpleStepHandler "Executing step: [initialization-step]"
2016-04-25 16:43:29.702 [INFO ] org.springframework.batch.core.job.SimpleStepHandler "Duplicate step [createFileStep] detected in execution of job=[robust-export]. If either step fails, both will be executed again on restart."
2016-04-25 16:43:29.706 [INFO ] org.springframework.batch.core.job.SimpleStepHandler "Executing step: [createFileStep]"
2016-04-25 16:43:29.720 [INFO ] org.springframework.batch.core.job.SimpleStepHandler "Duplicate step [continue-step] detected in execution of job=[robust-export]. If either step fails, both will be executed again on restart."
2016-04-25 16:43:29.724 [INFO ] org.springframework.batch.core.job.SimpleStepHandler "Executing step: [continue-step]"
2016-04-25 16:43:29.736 [INFO ] org.springframework.batch.core.job.SimpleStepHandler "Duplicate step [initialization-step] detected in execution of job=[robust-export]. If either step fails, both will be executed again on restart."
2016-04-25 16:43:29.740 [INFO ] org.springframework.batch.core.job.SimpleStepHandler "Executing step: [initialization-step]"
2016-04-25 16:43:36.267 [ERROR] com.numazu.export.task.CheckFileTask "java.net.SocketTimeoutException: Read timed out"
2016-04-25 16:43:36.280 [INFO ] org.springframework.batch.core.job.SimpleStepHandler "Duplicate step [createFileStep] detected in execution of job=[robust-export]. If either step fails, both will be executed again on restart."
2016-04-25 16:43:36.284 [INFO ] org.springframework.batch.core.job.SimpleStepHandler "Executing step: [createFileStep]"
2016-04-25 16:43:36.293 [INFO ] org.springframework.batch.core.job.SimpleStepHandler "Duplicate step [continue-step] detected in execution of job=[robust-export]. If either step fails, both will be executed again on restart."
2016-04-25 16:43:36.296 [INFO ] org.springframework.batch.core.job.SimpleStepHandler "Executing step: [continue-step]"
2016-04-25 16:43:36.308 [INFO ] org.springframework.batch.core.job.SimpleStepHandler "Duplicate step [initialization-step] detected in execution of job=[robust-export]. If either step fails, both will be executed again on restart."
2016-04-25 16:43:36.313 [INFO ] org.springframework.batch.core.job.SimpleStepHandler "Executing step: [initialization-step]"
2016-04-25 16:43:41.335 [WARN ] com.zaxxer.hikari.pool.PoolBase "springHikariCP - Failed to validate connection com.mysql.jdbc.JDBC4Connection@62765aec (Communications link failure

The last packet successfully received from the server was 9,078 milliseconds ago.  The last packet sent successfully to the server was 5,018 milliseconds ago.)"
2016-04-25 16:43:41.478 [INFO ] org.springframework.batch.core.job.SimpleStepHandler "Duplicate step [createFileStep] detected in execution of job=[robust-export]. If either step fails, both will be executed again on restart."
2016-04-25 16:43:41.484 [INFO ] org.springframework.batch.core.job.SimpleStepHandler "Executing step: [createFileStep]"
2016-04-25 16:43:41.494 [INFO ] org.springframework.batch.core.job.SimpleStepHandler "Duplicate step [continue-step] detected in execution of job=[robust-export]. If either step fails, both will be executed again on restart."
2016-04-25 16:43:41.498 [INFO ] org.springframework.batch.core.job.SimpleStepHandler "Executing step: [continue-step]"
2016-04-25 16:43:41.510 [INFO ] org.springframework.batch.core.job.SimpleStepHandler "Duplicate step [initialization-step] detected in execution of job=[robust-export]. If either step fails, both will be executed again on restart."
2016-04-25 16:43:41.514 [INFO ] org.springframework.batch.core.job.SimpleStepHandler "Executing step: [initialization-step]"
2016-04-25 16:43:41.622 [INFO ] org.springframework.batch.core.job.SimpleStepHandler "Duplicate step [createFileStep] detected in execution of job=[robust-export]. If either step fails, both will be executed again on restart."
2016-04-25 16:43:41.628 [INFO ] org.springframework.batch.core.job.SimpleStepHandler "Executing step: [createFileStep]"
2016-04-25 16:43:41.641 [INFO ] org.springframework.batch.core.job.SimpleStepHandler "Duplicate step [continue-step] detected in execution of job=[robust-export]. If either step fails, both will be executed again on restart."
2016-04-25 16:43:41.645 [INFO ] org.springframework.batch.core.job.SimpleStepHandler "Executing step: [continue-step]"
2016-04-25 16:43:41.657 [INFO ] org.springframework.batch.core.job.SimpleStepHandler "Duplicate step [initialization-step] detected in execution of job=[robust-export]. If either step fails, both will be executed again on restart."
2016-04-25 16:43:41.661 [INFO ] org.springframework.batch.core.job.SimpleStepHandler "Executing step: [initialization-step]"
2016-04-25 16:43:41.966 [INFO ] org.springframework.batch.core.job.SimpleStepHandler "Duplicate step [createFileStep] detected in execution of job=[robust-export]. If either step fails, both will be executed again on restart."
2016-04-25 16:43:41.970 [INFO ] org.springframework.batch.core.job.SimpleStepHandler "Executing step: [createFileStep]"
2016-04-25 16:43:41.981 [INFO ] org.springframework.batch.core.job.SimpleStepHandler "Duplicate step [continue-step] detected in execution of job=[robust-export]. If either step fails, both will be executed again on restart."
2016-04-25 16:43:41.986 [INFO ] org.springframework.batch.core.job.SimpleStepHandler "Executing step: [continue-step]"
2016-04-25 16:43:41.997 [INFO ] org.springframework.batch.core.job.SimpleStepHandler "Duplicate step [initialization-step] detected in execution of job=[robust-export]. If either step fails, both will be executed again on restart."
2016-04-25 16:43:42.001 [INFO ] org.springframework.batch.core.job.SimpleStepHandler "Executing step: [initialization-step]"
2016-04-25 16:43:42.140 [INFO ] org.springframework.batch.core.job.SimpleStepHandler "Duplicate step [createFileStep] detected in execution of job=[robust-export]. If either step fails, both will be executed again on restart."
2016-04-25 16:43:42.144 [INFO ] org.springframework.batch.core.job.SimpleStepHandler "Executing step: [createFileStep]"
2016-04-25 16:43:42.156 [INFO ] org.springframework.batch.core.job.SimpleStepHandler "Duplicate step [continue-step] detected in execution of job=[robust-export]. If either step fails, both will be executed again on restart."
2016-04-25 16:43:42.159 [INFO ] org.springframework.batch.core.job.SimpleStepHandler "Executing step: [continue-step]"
2016-04-25 16:43:42.170 [INFO ] org.springframework.batch.core.job.SimpleStepHandler "Duplicate step [initialization-step] detected in execution of job=[robust-export]. If either step fails, both will be executed again on restart."
2016-04-25 16:43:42.173 [INFO ] org.springframework.batch.core.job.SimpleStepHandler "Executing step: [initialization-step]"
2016-04-25 16:43:42.197 [INFO ] org.springframework.batch.core.job.SimpleStepHandler "Duplicate step [createFileStep] detected in execution of job=[robust-export]. If either step fails, both will be executed again on restart."
2016-04-25 16:43:42.201 [INFO ] org.springframework.batch.core.job.SimpleStepHandler "Executing step: [createFileStep]"
2016-04-25 16:43:42.212 [INFO ] org.springframework.batch.core.job.SimpleStepHandler "Duplicate step [continue-step] detected in execution of job=[robust-export]. If either step fails, both will be executed again on restart."
2016-04-25 16:43:42.216 [INFO ] org.springframework.batch.core.job.SimpleStepHandler "Executing step: [continue-step]"
2016-04-25 16:43:42.227 [INFO ] org.springframework.batch.core.job.SimpleStepHandler "Duplicate step [initialization-step] detected in execution of job=[robust-export]. If either step fails, both will be executed again on restart."
2016-04-25 16:43:42.230 [INFO ] org.springframework.batch.core.job.SimpleStepHandler "Executing step: [initialization-step]"
2016-04-25 16:43:42.263 [INFO ] org.springframework.batch.core.job.SimpleStepHandler "Duplicate step [createFileStep] detected in execution of job=[robust-export]. If either step fails, both will be executed again on restart."
2016-04-25 16:43:42.266 [INFO ] org.springframework.batch.core.job.SimpleStepHandler "Executing step: [createFileStep]"
2016-04-25 16:43:42.276 [INFO ] org.springframework.batch.core.job.SimpleStepHandler "Duplicate step [continue-step] detected in execution of job=[robust-export]. If either step fails, both will be executed again on restart."
2016-04-25 16:43:42.280 [INFO ] org.springframework.batch.core.job.SimpleStepHandler "Executing step: [continue-step]"
2016-04-25 16:43:42.291 [INFO ] org.springframework.batch.core.job.SimpleStepHandler "Duplicate step [initialization-step] detected in execution of job=[robust-export]. If either step fails, both will be executed again on restart."
2016-04-25 16:43:42.295 [INFO ] org.springframework.batch.core.job.SimpleStepHandler "Executing step: [initialization-step]"
2016-04-25 16:43:42.315 [INFO ] org.springframework.batch.core.job.SimpleStepHandler "Duplicate step [createFileStep] detected in execution of job=[robust-export]. If either step fails, both will be executed again on restart."
2016-04-25 16:43:42.318 [INFO ] org.springframework.batch.core.job.SimpleStepHandler "Executing step: [createFileStep]"
2016-04-25 16:43:42.329 [INFO ] org.springframework.batch.core.job.SimpleStepHandler "Duplicate step [continue-step] detected in execution of job=[robust-export]. If either step fails, both will be executed again on restart."
2016-04-25 16:43:42.349 [INFO ] org.springframework.batch.core.job.SimpleStepHandler "Executing step: [continue-step]"
2016-04-25 16:43:42.357 [INFO ] org.springframework.batch.core.job.SimpleStepHandler "Duplicate step [initialization-step] detected in execution of job=[robust-export]. If either step fails, both will be executed again on restart."
2016-04-25 16:43:42.361 [INFO ] org.springframework.batch.core.job.SimpleStepHandler "Executing step: [initialization-step]"
2016-04-25 16:43:42.388 [INFO ] org.springframework.batch.core.job.SimpleStepHandler "Duplicate step [createFileStep] detected in execution of job=[robust-export]. If either step fails, both will be executed again on restart."
2016-04-25 16:43:42.390 [INFO ] org.springframework.batch.core.job.SimpleStepHandler "Executing step: [createFileStep]"
2016-04-25 16:43:42.398 [INFO ] org.springframework.batch.core.job.SimpleStepHandler "Duplicate step [continue-step] detected in execution of job=[robust-export]. If either step fails, both will be executed again on restart."
2016-04-25 16:43:42.402 [INFO ] org.springframework.batch.core.job.SimpleStepHandler "Executing step: [continue-step]"
2016-04-25 16:43:42.413 [INFO ] org.springframework.batch.core.job.SimpleStepHandler "Duplicate step [initialization-step] detected in execution of job=[robust-export]. If either step fails, both will be executed again on restart."
2016-04-25 16:43:42.418 [INFO ] org.springframework.batch.core.job.SimpleStepHandler "Executing step: [initialization-step]"
2016-04-25 16:43:42.437 [INFO ] org.springframework.batch.core.job.SimpleStepHandler "Duplicate step [createFileStep] detected in execution of job=[robust-export]. If either step fails, both will be executed again on restart."
2016-04-25 16:43:42.440 [INFO ] org.springframework.batch.core.job.SimpleStepHandler "Executing step: [createFileStep]"
2016-04-25 16:43:42.450 [INFO ] org.springframework.batch.core.job.SimpleStepHandler "Duplicate step [continue-step] detected in execution of job=[robust-export]. If either step fails, both will be executed again on restart."
2016-04-25 16:43:42.454 [INFO ] org.springframework.batch.core.job.SimpleStepHandler "Executing step: [continue-step]"
2016-04-25 16:43:42.465 [INFO ] org.springframework.batch.core.job.SimpleStepHandler "Duplicate step [initialization-step] detected in execution of job=[robust-export]. If either step fails, both will be executed again on restart."
2016-04-25 16:43:42.469 [INFO ] org.springframework.batch.core.job.SimpleStepHandler "Executing step: [initialization-step]"
2016-04-25 16:43:42.496 [INFO ] org.springframework.batch.core.job.SimpleStepHandler "Duplicate step [createFileStep] detected in execution of job=[robust-export]. If either step fails, both will be executed again on restart."
2016-04-25 16:43:42.500 [INFO ] org.springframework.batch.core.job.SimpleStepHandler "Executing step: [createFileStep]"
2016-04-25 16:43:42.512 [INFO ] org.springframework.batch.core.job.SimpleStepHandler "Duplicate step [continue-step] detected in execution of job=[robust-export]. If either step fails, both will be executed again on restart."
2016-04-25 16:43:42.514 [INFO ] org.springframework.batch.core.job.SimpleStepHandler "Executing step: [continue-step]"
2016-04-25 16:43:42.527 [INFO ] org.springframework.batch.core.job.SimpleStepHandler "Duplicate step [initialization-step] detected in execution of job=[robust-export]. If either step fails, both will be executed again on restart."
2016-04-25 16:43:42.530 [INFO ] org.springframework.batch.core.job.SimpleStepHandler "Executing step: [initialization-step]"
2016-04-25 16:43:42.560 [INFO ] org.springframework.batch.core.job.SimpleStepHandler "Duplicate step [createFileStep] detected in execution of job=[robust-export]. If either step fails, both will be executed again on restart."
2016-04-25 16:43:42.564 [INFO ] org.springframework.batch.core.job.SimpleStepHandler "Executing step: [createFileStep]"
2016-04-25 16:43:42.576 [INFO ] org.springframework.batch.core.job.SimpleStepHandler "Duplicate step [continue-step] detected in execution of job=[robust-export]. If either step fails, both will be executed again on restart."
2016-04-25 16:43:42.578 [INFO ] org.springframework.batch.core.job.SimpleStepHandler "Executing step: [continue-step]"
2016-04-25 16:43:42.585 [INFO ] org.springframework.batch.core.job.SimpleStepHandler "Duplicate step [initialization-step] detected in execution of job=[robust-export]. If either step fails, both will be executed again on restart."
2016-04-25 16:43:42.588 [INFO ] org.springframework.batch.core.job.SimpleStepHandler "Executing step: [initialization-step]"
2016-04-25 16:44:03.349 [INFO ] org.springframework.context.support.ClassPathXmlApplicationContext "Refreshing org.springframework.context.support.ClassPathXmlApplicationContext@50f6ac94: startup date [Mon Apr 25 16:44:03 WIB 2016]; root of context hierarchy"
2016-04-25 16:44:03.395 [INFO ] org.springframework.beans.factory.xml.XmlBeanDefinitionReader "Loading XML bean definitions from class path resource [job-definition.xml]"
2016-04-25 16:44:03.534 [INFO ] org.springframework.beans.factory.xml.XmlBeanDefinitionReader "Loading XML bean definitions from class path resource [context.xml]"
2016-04-25 16:44:03.576 [INFO ] org.springframework.beans.factory.xml.XmlBeanDefinitionReader "Loading XML bean definitions from class path resource [database.xml]"
2016-04-25 16:44:03.631 [INFO ] org.springframework.beans.factory.support.DefaultListableBeanFactory "Overriding bean definition for bean 'transactionManager': replacing [Generic bean: class [org.springframework.batch.support.transaction.ResourcelessTransactionManager]; scope=; abstract=false; lazyInit=false; autowireMode=0; dependencyCheck=0; autowireCandidate=true; primary=false; factoryBeanName=null; factoryMethodName=null; initMethodName=null; destroyMethodName=null; defined in class path resource [context.xml]] with [Generic bean: class [org.springframework.batch.support.transaction.ResourcelessTransactionManager]; scope=; abstract=false; lazyInit=false; autowireMode=0; dependencyCheck=0; autowireCandidate=true; primary=false; factoryBeanName=null; factoryMethodName=null; initMethodName=null; destroyMethodName=null; defined in class path resource [database.xml]]"
2016-04-25 16:44:03.691 [INFO ] org.springframework.beans.factory.support.DefaultListableBeanFactory "Overriding bean definition for bean 'robust-export': replacing [Generic bean: class [org.springframework.batch.core.configuration.xml.SimpleFlowFactoryBean]; scope=; abstract=false; lazyInit=false; autowireMode=0; dependencyCheck=0; autowireCandidate=true; primary=false; factoryBeanName=null; factoryMethodName=null; initMethodName=null; destroyMethodName=null] with [Generic bean: class [org.springframework.batch.core.configuration.xml.JobParserJobFactoryBean]; scope=; abstract=false; lazyInit=false; autowireMode=0; dependencyCheck=0; autowireCandidate=true; primary=false; factoryBeanName=null; factoryMethodName=null; initMethodName=null; destroyMethodName=null]"
2016-04-25 16:44:03.866 [INFO ] org.springframework.beans.factory.support.DefaultListableBeanFactory "Pre-instantiating singletons in org.springframework.beans.factory.support.DefaultListableBeanFactory@78f5c518: defining beans [jobRepository,transactionManager,jobLauncher,systemDataSource,targetDataSource,org.springframework.jdbc.datasource.init.DataSourceInitializer#0,checkFileTask,createFileTask,continueTask,org.springframework.batch.core.scope.internalStepScope,org.springframework.beans.factory.config.CustomEditorConfigurer,org.springframework.batch.core.configuration.xml.CoreNamespacePostProcessor,initialization-step,createFileStep,continue-step,robust-export]; root of factory hierarchy"
2016-04-25 16:44:03.889 [INFO ] org.springframework.jdbc.datasource.DriverManagerDataSource "Loaded JDBC driver: org.hsqldb.jdbcDriver"
2016-04-25 16:44:04.164 [INFO ] org.springframework.batch.core.launch.support.SimpleJobLauncher "No TaskExecutor has been set, defaulting to synchronous executor."
2016-04-25 16:44:04.166 [INFO ] org.springframework.jdbc.datasource.DriverManagerDataSource "Loaded JDBC driver: com.mysql.jdbc.Driver"
2016-04-25 16:44:04.544 [INFO ] org.springframework.jdbc.datasource.init.ResourceDatabasePopulator "Executing SQL script from class path resource [org/springframework/batch/core/schema-drop-hsqldb.sql]"
2016-04-25 16:44:04.549 [INFO ] org.springframework.jdbc.datasource.init.ResourceDatabasePopulator "Done executing SQL script from class path resource [org/springframework/batch/core/schema-drop-hsqldb.sql] in 5 ms."
2016-04-25 16:44:04.550 [INFO ] org.springframework.jdbc.datasource.init.ResourceDatabasePopulator "Executing SQL script from class path resource [org/springframework/batch/core/schema-hsqldb.sql]"
2016-04-25 16:44:04.560 [INFO ] org.springframework.jdbc.datasource.init.ResourceDatabasePopulator "Done executing SQL script from class path resource [org/springframework/batch/core/schema-hsqldb.sql] in 10 ms."
2016-04-25 16:44:04.711 [INFO ] com.zaxxer.hikari.HikariDataSource "springHikariCP - Started."
2016-04-25 16:44:05.777 [INFO ] org.springframework.batch.core.launch.support.SimpleJobLauncher "Job: [FlowJob: [name=robust-export]] launched with the following parameters: [{date=1461577445698, maxThread=2}]"
2016-04-25 16:44:05.804 [INFO ] org.springframework.batch.core.job.SimpleStepHandler "Executing step: [initialization-step]"
