2016-04-25 14:34:22.874 [INFO ] org.springframework.context.support.ClassPathXmlApplicationContext "Refreshing org.springframework.context.support.ClassPathXmlApplicationContext@3e2055d6: startup date [Mon Apr 25 14:34:22 WIB 2016]; root of context hierarchy"
2016-04-25 14:34:22.946 [INFO ] org.springframework.beans.factory.xml.XmlBeanDefinitionReader "Loading XML bean definitions from class path resource [job-definition.xml]"
2016-04-25 14:34:23.158 [INFO ] org.springframework.beans.factory.xml.XmlBeanDefinitionReader "Loading XML bean definitions from class path resource [context.xml]"
2016-04-25 14:34:23.196 [INFO ] org.springframework.beans.factory.xml.XmlBeanDefinitionReader "Loading XML bean definitions from class path resource [database.xml]"
2016-04-25 14:34:23.223 [INFO ] org.springframework.beans.factory.support.DefaultListableBeanFactory "Overriding bean definition for bean 'transactionManager': replacing [Generic bean: class [org.springframework.batch.support.transaction.ResourcelessTransactionManager]; scope=; abstract=false; lazyInit=false; autowireMode=0; dependencyCheck=0; autowireCandidate=true; primary=false; factoryBeanName=null; factoryMethodName=null; initMethodName=null; destroyMethodName=null; defined in class path resource [context.xml]] with [Generic bean: class [org.springframework.batch.support.transaction.ResourcelessTransactionManager]; scope=; abstract=false; lazyInit=false; autowireMode=0; dependencyCheck=0; autowireCandidate=true; primary=false; factoryBeanName=null; factoryMethodName=null; initMethodName=null; destroyMethodName=null; defined in class path resource [database.xml]]"
2016-04-25 14:34:23.297 [INFO ] org.springframework.beans.factory.support.DefaultListableBeanFactory "Overriding bean definition for bean 'robust-export': replacing [Generic bean: class [org.springframework.batch.core.configuration.xml.SimpleFlowFactoryBean]; scope=; abstract=false; lazyInit=false; autowireMode=0; dependencyCheck=0; autowireCandidate=true; primary=false; factoryBeanName=null; factoryMethodName=null; initMethodName=null; destroyMethodName=null] with [Generic bean: class [org.springframework.batch.core.configuration.xml.JobParserJobFactoryBean]; scope=; abstract=false; lazyInit=false; autowireMode=0; dependencyCheck=0; autowireCandidate=true; primary=false; factoryBeanName=null; factoryMethodName=null; initMethodName=null; destroyMethodName=null]"
2016-04-25 14:34:23.518 [INFO ] org.springframework.beans.factory.support.DefaultListableBeanFactory "Pre-instantiating singletons in org.springframework.beans.factory.support.DefaultListableBeanFactory@7cbc3762: defining beans [jobRepository,transactionManager,jobLauncher,systemDataSource,targetDataSource,org.springframework.jdbc.datasource.init.DataSourceInitializer#0,checkFileTask,createFileTask,continueTask,org.springframework.batch.core.scope.internalStepScope,org.springframework.beans.factory.config.CustomEditorConfigurer,org.springframework.batch.core.configuration.xml.CoreNamespacePostProcessor,initialization-step,createFileStep,continue-step,robust-export]; root of factory hierarchy"
2016-04-25 14:34:23.571 [INFO ] org.springframework.jdbc.datasource.DriverManagerDataSource "Loaded JDBC driver: org.hsqldb.jdbcDriver"
2016-04-25 14:34:23.852 [INFO ] org.springframework.batch.core.launch.support.SimpleJobLauncher "No TaskExecutor has been set, defaulting to synchronous executor."
2016-04-25 14:34:23.854 [INFO ] org.springframework.jdbc.datasource.DriverManagerDataSource "Loaded JDBC driver: com.mysql.jdbc.Driver"
2016-04-25 14:34:24.373 [INFO ] org.springframework.jdbc.datasource.init.ResourceDatabasePopulator "Executing SQL script from class path resource [org/springframework/batch/core/schema-drop-hsqldb.sql]"
2016-04-25 14:34:24.378 [INFO ] org.springframework.jdbc.datasource.init.ResourceDatabasePopulator "Done executing SQL script from class path resource [org/springframework/batch/core/schema-drop-hsqldb.sql] in 4 ms."
2016-04-25 14:34:24.379 [INFO ] org.springframework.jdbc.datasource.init.ResourceDatabasePopulator "Executing SQL script from class path resource [org/springframework/batch/core/schema-hsqldb.sql]"
2016-04-25 14:34:24.388 [INFO ] org.springframework.jdbc.datasource.init.ResourceDatabasePopulator "Done executing SQL script from class path resource [org/springframework/batch/core/schema-hsqldb.sql] in 9 ms."
2016-04-25 14:34:24.533 [INFO ] com.zaxxer.hikari.HikariDataSource "springHikariCP - Started."
2016-04-25 14:34:26.377 [INFO ] org.springframework.batch.core.launch.support.SimpleJobLauncher "Job: [FlowJob: [name=robust-export]] launched with the following parameters: [{date=1461569666229, maxThread=2}]"
2016-04-25 14:34:26.403 [INFO ] org.springframework.batch.core.job.SimpleStepHandler "Executing step: [initialization-step]"
2016-04-25 14:34:26.919 [INFO ] org.springframework.batch.core.job.SimpleStepHandler "Executing step: [createFileStep]"
2016-04-25 14:34:26.953 [INFO ] org.springframework.batch.core.job.SimpleStepHandler "Executing step: [continue-step]"
2016-04-25 14:34:27.036 [INFO ] org.springframework.batch.core.job.SimpleStepHandler "Duplicate step [initialization-step] detected in execution of job=[robust-export]. If either step fails, both will be executed again on restart."
2016-04-25 14:34:27.043 [INFO ] org.springframework.batch.core.job.SimpleStepHandler "Executing step: [initialization-step]"
2016-04-25 14:34:27.089 [INFO ] org.springframework.batch.core.job.SimpleStepHandler "Duplicate step [createFileStep] detected in execution of job=[robust-export]. If either step fails, both will be executed again on restart."
2016-04-25 14:34:27.096 [INFO ] org.springframework.batch.core.job.SimpleStepHandler "Executing step: [createFileStep]"
2016-04-25 14:34:27.118 [INFO ] org.springframework.batch.core.job.SimpleStepHandler "Duplicate step [continue-step] detected in execution of job=[robust-export]. If either step fails, both will be executed again on restart."
2016-04-25 14:34:27.125 [INFO ] org.springframework.batch.core.job.SimpleStepHandler "Executing step: [continue-step]"
2016-04-25 14:34:27.155 [INFO ] org.springframework.batch.core.job.SimpleStepHandler "Duplicate step [initialization-step] detected in execution of job=[robust-export]. If either step fails, both will be executed again on restart."
2016-04-25 14:34:27.162 [INFO ] org.springframework.batch.core.job.SimpleStepHandler "Executing step: [initialization-step]"
2016-04-25 14:34:27.207 [INFO ] org.springframework.batch.core.job.SimpleStepHandler "Duplicate step [createFileStep] detected in execution of job=[robust-export]. If either step fails, both will be executed again on restart."
2016-04-25 14:34:27.214 [INFO ] org.springframework.batch.core.job.SimpleStepHandler "Executing step: [createFileStep]"
2016-04-25 14:34:27.233 [INFO ] org.springframework.batch.core.job.SimpleStepHandler "Duplicate step [continue-step] detected in execution of job=[robust-export]. If either step fails, both will be executed again on restart."
2016-04-25 14:34:27.239 [INFO ] org.springframework.batch.core.job.SimpleStepHandler "Executing step: [continue-step]"
2016-04-25 14:34:27.260 [INFO ] org.springframework.batch.core.job.SimpleStepHandler "Duplicate step [initialization-step] detected in execution of job=[robust-export]. If either step fails, both will be executed again on restart."
2016-04-25 14:34:27.268 [INFO ] org.springframework.batch.core.job.SimpleStepHandler "Executing step: [initialization-step]"
2016-04-25 14:34:27.315 [INFO ] org.springframework.batch.core.job.SimpleStepHandler "Duplicate step [createFileStep] detected in execution of job=[robust-export]. If either step fails, both will be executed again on restart."
2016-04-25 14:34:27.323 [INFO ] org.springframework.batch.core.job.SimpleStepHandler "Executing step: [createFileStep]"
2016-04-25 14:34:27.342 [INFO ] org.springframework.batch.core.job.SimpleStepHandler "Duplicate step [continue-step] detected in execution of job=[robust-export]. If either step fails, both will be executed again on restart."
2016-04-25 14:34:27.348 [INFO ] org.springframework.batch.core.job.SimpleStepHandler "Executing step: [continue-step]"
2016-04-25 14:34:27.373 [INFO ] org.springframework.batch.core.job.SimpleStepHandler "Duplicate step [initialization-step] detected in execution of job=[robust-export]. If either step fails, both will be executed again on restart."
2016-04-25 14:34:27.380 [INFO ] org.springframework.batch.core.job.SimpleStepHandler "Executing step: [initialization-step]"
2016-04-25 14:34:27.424 [INFO ] org.springframework.batch.core.job.SimpleStepHandler "Duplicate step [createFileStep] detected in execution of job=[robust-export]. If either step fails, both will be executed again on restart."
2016-04-25 14:34:27.429 [INFO ] org.springframework.batch.core.job.SimpleStepHandler "Executing step: [createFileStep]"
2016-04-25 14:34:27.454 [INFO ] org.springframework.batch.core.job.SimpleStepHandler "Duplicate step [continue-step] detected in execution of job=[robust-export]. If either step fails, both will be executed again on restart."
2016-04-25 14:34:27.461 [INFO ] org.springframework.batch.core.job.SimpleStepHandler "Executing step: [continue-step]"
2016-04-25 14:34:27.491 [INFO ] org.springframework.batch.core.job.SimpleStepHandler "Duplicate step [initialization-step] detected in execution of job=[robust-export]. If either step fails, both will be executed again on restart."
2016-04-25 14:34:27.497 [INFO ] org.springframework.batch.core.job.SimpleStepHandler "Executing step: [initialization-step]"
2016-04-25 14:34:27.537 [INFO ] org.springframework.batch.core.job.SimpleStepHandler "Duplicate step [createFileStep] detected in execution of job=[robust-export]. If either step fails, both will be executed again on restart."
2016-04-25 14:34:27.544 [INFO ] org.springframework.batch.core.job.SimpleStepHandler "Executing step: [createFileStep]"
2016-04-25 14:34:27.564 [INFO ] org.springframework.batch.core.job.SimpleStepHandler "Duplicate step [continue-step] detected in execution of job=[robust-export]. If either step fails, both will be executed again on restart."
2016-04-25 14:34:27.571 [INFO ] org.springframework.batch.core.job.SimpleStepHandler "Executing step: [continue-step]"
2016-04-25 14:34:27.596 [INFO ] org.springframework.batch.core.job.SimpleStepHandler "Duplicate step [initialization-step] detected in execution of job=[robust-export]. If either step fails, both will be executed again on restart."
2016-04-25 14:34:27.602 [INFO ] org.springframework.batch.core.job.SimpleStepHandler "Executing step: [initialization-step]"
2016-04-25 14:34:27.644 [INFO ] org.springframework.batch.core.job.SimpleStepHandler "Duplicate step [createFileStep] detected in execution of job=[robust-export]. If either step fails, both will be executed again on restart."
2016-04-25 14:34:27.649 [INFO ] org.springframework.batch.core.job.SimpleStepHandler "Executing step: [createFileStep]"
2016-04-25 14:34:27.666 [INFO ] org.springframework.batch.core.job.SimpleStepHandler "Duplicate step [continue-step] detected in execution of job=[robust-export]. If either step fails, both will be executed again on restart."
2016-04-25 14:34:27.672 [INFO ] org.springframework.batch.core.job.SimpleStepHandler "Executing step: [continue-step]"
2016-04-25 14:34:27.691 [INFO ] org.springframework.batch.core.job.SimpleStepHandler "Duplicate step [initialization-step] detected in execution of job=[robust-export]. If either step fails, both will be executed again on restart."
2016-04-25 14:34:27.697 [INFO ] org.springframework.batch.core.job.SimpleStepHandler "Executing step: [initialization-step]"
2016-04-25 14:34:27.732 [INFO ] org.springframework.batch.core.job.SimpleStepHandler "Duplicate step [createFileStep] detected in execution of job=[robust-export]. If either step fails, both will be executed again on restart."
2016-04-25 14:34:27.738 [INFO ] org.springframework.batch.core.job.SimpleStepHandler "Executing step: [createFileStep]"
2016-04-25 14:34:27.753 [INFO ] org.springframework.batch.core.job.SimpleStepHandler "Duplicate step [continue-step] detected in execution of job=[robust-export]. If either step fails, both will be executed again on restart."
2016-04-25 14:34:27.759 [INFO ] org.springframework.batch.core.job.SimpleStepHandler "Executing step: [continue-step]"
2016-04-25 14:34:27.776 [INFO ] org.springframework.batch.core.job.SimpleStepHandler "Duplicate step [initialization-step] detected in execution of job=[robust-export]. If either step fails, both will be executed again on restart."
2016-04-25 14:34:27.781 [INFO ] org.springframework.batch.core.job.SimpleStepHandler "Executing step: [initialization-step]"
2016-04-25 14:34:27.825 [INFO ] org.springframework.batch.core.job.SimpleStepHandler "Duplicate step [createFileStep] detected in execution of job=[robust-export]. If either step fails, both will be executed again on restart."
2016-04-25 14:34:27.841 [INFO ] org.springframework.batch.core.job.SimpleStepHandler "Executing step: [createFileStep]"
2016-04-25 14:34:27.858 [INFO ] org.springframework.batch.core.job.SimpleStepHandler "Duplicate step [continue-step] detected in execution of job=[robust-export]. If either step fails, both will be executed again on restart."
2016-04-25 14:34:27.863 [INFO ] org.springframework.batch.core.job.SimpleStepHandler "Executing step: [continue-step]"
2016-04-25 14:34:27.891 [INFO ] org.springframework.batch.core.job.SimpleStepHandler "Duplicate step [initialization-step] detected in execution of job=[robust-export]. If either step fails, both will be executed again on restart."
2016-04-25 14:34:27.895 [INFO ] org.springframework.batch.core.job.SimpleStepHandler "Executing step: [initialization-step]"
2016-04-25 14:34:27.930 [INFO ] org.springframework.batch.core.job.SimpleStepHandler "Duplicate step [createFileStep] detected in execution of job=[robust-export]. If either step fails, both will be executed again on restart."
2016-04-25 14:34:27.935 [INFO ] org.springframework.batch.core.job.SimpleStepHandler "Executing step: [createFileStep]"
2016-04-25 14:34:27.948 [INFO ] org.springframework.batch.core.job.SimpleStepHandler "Duplicate step [continue-step] detected in execution of job=[robust-export]. If either step fails, both will be executed again on restart."
2016-04-25 14:34:27.953 [INFO ] org.springframework.batch.core.job.SimpleStepHandler "Executing step: [continue-step]"
2016-04-25 14:34:27.965 [INFO ] org.springframework.batch.core.job.SimpleStepHandler "Duplicate step [initialization-step] detected in execution of job=[robust-export]. If either step fails, both will be executed again on restart."
2016-04-25 14:34:27.970 [INFO ] org.springframework.batch.core.job.SimpleStepHandler "Executing step: [initialization-step]"
2016-04-25 14:34:28.004 [INFO ] org.springframework.batch.core.job.SimpleStepHandler "Duplicate step [createFileStep] detected in execution of job=[robust-export]. If either step fails, both will be executed again on restart."
2016-04-25 14:34:28.009 [INFO ] org.springframework.batch.core.job.SimpleStepHandler "Executing step: [createFileStep]"
2016-04-25 14:34:28.033 [INFO ] org.springframework.batch.core.job.SimpleStepHandler "Duplicate step [continue-step] detected in execution of job=[robust-export]. If either step fails, both will be executed again on restart."
2016-04-25 14:34:28.040 [INFO ] org.springframework.batch.core.job.SimpleStepHandler "Executing step: [continue-step]"
2016-04-25 14:34:28.053 [INFO ] org.springframework.batch.core.job.SimpleStepHandler "Duplicate step [initialization-step] detected in execution of job=[robust-export]. If either step fails, both will be executed again on restart."
2016-04-25 14:34:28.058 [INFO ] org.springframework.batch.core.job.SimpleStepHandler "Executing step: [initialization-step]"
2016-04-25 14:34:28.103 [INFO ] org.springframework.batch.core.job.SimpleStepHandler "Duplicate step [createFileStep] detected in execution of job=[robust-export]. If either step fails, both will be executed again on restart."
2016-04-25 14:34:28.108 [INFO ] org.springframework.batch.core.job.SimpleStepHandler "Executing step: [createFileStep]"
2016-04-25 14:34:28.122 [INFO ] org.springframework.batch.core.job.SimpleStepHandler "Duplicate step [continue-step] detected in execution of job=[robust-export]. If either step fails, both will be executed again on restart."
2016-04-25 14:34:28.127 [INFO ] org.springframework.batch.core.job.SimpleStepHandler "Executing step: [continue-step]"
2016-04-25 14:34:28.141 [INFO ] org.springframework.batch.core.job.SimpleStepHandler "Duplicate step [initialization-step] detected in execution of job=[robust-export]. If either step fails, both will be executed again on restart."
2016-04-25 14:34:28.145 [INFO ] org.springframework.batch.core.job.SimpleStepHandler "Executing step: [initialization-step]"
2016-04-25 14:34:28.180 [INFO ] org.springframework.batch.core.job.SimpleStepHandler "Duplicate step [createFileStep] detected in execution of job=[robust-export]. If either step fails, both will be executed again on restart."
2016-04-25 14:34:28.184 [INFO ] org.springframework.batch.core.job.SimpleStepHandler "Executing step: [createFileStep]"
2016-04-25 14:34:28.202 [INFO ] org.springframework.batch.core.job.SimpleStepHandler "Duplicate step [continue-step] detected in execution of job=[robust-export]. If either step fails, both will be executed again on restart."
2016-04-25 14:34:28.211 [INFO ] org.springframework.batch.core.job.SimpleStepHandler "Executing step: [continue-step]"
2016-04-25 14:34:28.229 [INFO ] org.springframework.batch.core.job.SimpleStepHandler "Duplicate step [initialization-step] detected in execution of job=[robust-export]. If either step fails, both will be executed again on restart."
2016-04-25 14:34:28.234 [INFO ] org.springframework.batch.core.job.SimpleStepHandler "Executing step: [initialization-step]"
2016-04-25 14:34:28.296 [INFO ] org.springframework.batch.core.job.SimpleStepHandler "Duplicate step [createFileStep] detected in execution of job=[robust-export]. If either step fails, both will be executed again on restart."
2016-04-25 14:34:28.299 [INFO ] org.springframework.batch.core.job.SimpleStepHandler "Executing step: [createFileStep]"
2016-04-25 14:34:28.310 [INFO ] org.springframework.batch.core.job.SimpleStepHandler "Duplicate step [continue-step] detected in execution of job=[robust-export]. If either step fails, both will be executed again on restart."
2016-04-25 14:34:28.316 [INFO ] org.springframework.batch.core.job.SimpleStepHandler "Executing step: [continue-step]"
2016-04-25 14:34:28.328 [INFO ] org.springframework.batch.core.job.SimpleStepHandler "Duplicate step [initialization-step] detected in execution of job=[robust-export]. If either step fails, both will be executed again on restart."
2016-04-25 14:34:28.332 [INFO ] org.springframework.batch.core.job.SimpleStepHandler "Executing step: [initialization-step]"
2016-04-25 14:34:28.398 [INFO ] org.springframework.batch.core.job.SimpleStepHandler "Duplicate step [createFileStep] detected in execution of job=[robust-export]. If either step fails, both will be executed again on restart."
2016-04-25 14:34:28.402 [INFO ] org.springframework.batch.core.job.SimpleStepHandler "Executing step: [createFileStep]"
2016-04-25 14:34:28.419 [INFO ] org.springframework.batch.core.job.SimpleStepHandler "Duplicate step [continue-step] detected in execution of job=[robust-export]. If either step fails, both will be executed again on restart."
2016-04-25 14:34:28.422 [INFO ] org.springframework.batch.core.job.SimpleStepHandler "Executing step: [continue-step]"
2016-04-25 14:34:28.437 [INFO ] org.springframework.batch.core.job.SimpleStepHandler "Duplicate step [initialization-step] detected in execution of job=[robust-export]. If either step fails, both will be executed again on restart."
2016-04-25 14:34:28.442 [INFO ] org.springframework.batch.core.job.SimpleStepHandler "Executing step: [initialization-step]"
2016-04-25 14:34:28.484 [INFO ] org.springframework.batch.core.job.SimpleStepHandler "Duplicate step [createFileStep] detected in execution of job=[robust-export]. If either step fails, both will be executed again on restart."
2016-04-25 14:34:28.488 [INFO ] org.springframework.batch.core.job.SimpleStepHandler "Executing step: [createFileStep]"
2016-04-25 14:34:28.500 [INFO ] org.springframework.batch.core.job.SimpleStepHandler "Duplicate step [continue-step] detected in execution of job=[robust-export]. If either step fails, both will be executed again on restart."
2016-04-25 14:34:28.503 [INFO ] org.springframework.batch.core.job.SimpleStepHandler "Executing step: [continue-step]"
2016-04-25 14:34:28.514 [INFO ] org.springframework.batch.core.job.SimpleStepHandler "Duplicate step [initialization-step] detected in execution of job=[robust-export]. If either step fails, both will be executed again on restart."
2016-04-25 14:34:28.519 [INFO ] org.springframework.batch.core.job.SimpleStepHandler "Executing step: [initialization-step]"
2016-04-25 14:34:28.577 [INFO ] org.springframework.batch.core.job.SimpleStepHandler "Duplicate step [createFileStep] detected in execution of job=[robust-export]. If either step fails, both will be executed again on restart."
2016-04-25 14:34:28.583 [INFO ] org.springframework.batch.core.job.SimpleStepHandler "Executing step: [createFileStep]"
2016-04-25 14:34:28.597 [INFO ] org.springframework.batch.core.job.SimpleStepHandler "Duplicate step [continue-step] detected in execution of job=[robust-export]. If either step fails, both will be executed again on restart."
2016-04-25 14:34:28.600 [INFO ] org.springframework.batch.core.job.SimpleStepHandler "Executing step: [continue-step]"
2016-04-25 14:34:28.611 [INFO ] org.springframework.batch.core.job.SimpleStepHandler "Duplicate step [initialization-step] detected in execution of job=[robust-export]. If either step fails, both will be executed again on restart."
2016-04-25 14:34:28.615 [INFO ] org.springframework.batch.core.job.SimpleStepHandler "Executing step: [initialization-step]"
2016-04-25 14:34:28.681 [INFO ] org.springframework.batch.core.job.SimpleStepHandler "Duplicate step [createFileStep] detected in execution of job=[robust-export]. If either step fails, both will be executed again on restart."
2016-04-25 14:34:28.684 [INFO ] org.springframework.batch.core.job.SimpleStepHandler "Executing step: [createFileStep]"
2016-04-25 14:34:28.697 [INFO ] org.springframework.batch.core.job.SimpleStepHandler "Duplicate step [continue-step] detected in execution of job=[robust-export]. If either step fails, both will be executed again on restart."
2016-04-25 14:34:28.701 [INFO ] org.springframework.batch.core.job.SimpleStepHandler "Executing step: [continue-step]"
2016-04-25 14:34:28.713 [INFO ] org.springframework.batch.core.job.SimpleStepHandler "Duplicate step [initialization-step] detected in execution of job=[robust-export]. If either step fails, both will be executed again on restart."
2016-04-25 14:34:28.717 [INFO ] org.springframework.batch.core.job.SimpleStepHandler "Executing step: [initialization-step]"
2016-04-25 14:34:28.747 [INFO ] org.springframework.batch.core.job.SimpleStepHandler "Duplicate step [createFileStep] detected in execution of job=[robust-export]. If either step fails, both will be executed again on restart."
2016-04-25 14:34:28.750 [INFO ] org.springframework.batch.core.job.SimpleStepHandler "Executing step: [createFileStep]"
2016-04-25 14:34:28.760 [INFO ] org.springframework.batch.core.job.SimpleStepHandler "Duplicate step [continue-step] detected in execution of job=[robust-export]. If either step fails, both will be executed again on restart."
2016-04-25 14:34:28.764 [INFO ] org.springframework.batch.core.job.SimpleStepHandler "Executing step: [continue-step]"
2016-04-25 14:34:28.774 [INFO ] org.springframework.batch.core.job.SimpleStepHandler "Duplicate step [initialization-step] detected in execution of job=[robust-export]. If either step fails, both will be executed again on restart."
2016-04-25 14:34:28.778 [INFO ] org.springframework.batch.core.job.SimpleStepHandler "Executing step: [initialization-step]"
2016-04-25 14:34:28.812 [INFO ] org.springframework.batch.core.job.SimpleStepHandler "Duplicate step [createFileStep] detected in execution of job=[robust-export]. If either step fails, both will be executed again on restart."
2016-04-25 14:34:28.816 [INFO ] org.springframework.batch.core.job.SimpleStepHandler "Executing step: [createFileStep]"
2016-04-25 14:34:28.826 [INFO ] org.springframework.batch.core.job.SimpleStepHandler "Duplicate step [continue-step] detected in execution of job=[robust-export]. If either step fails, both will be executed again on restart."
2016-04-25 14:34:28.829 [INFO ] org.springframework.batch.core.job.SimpleStepHandler "Executing step: [continue-step]"
2016-04-25 14:34:28.840 [INFO ] org.springframework.batch.core.job.SimpleStepHandler "Duplicate step [initialization-step] detected in execution of job=[robust-export]. If either step fails, both will be executed again on restart."
2016-04-25 14:34:28.844 [INFO ] org.springframework.batch.core.job.SimpleStepHandler "Executing step: [initialization-step]"
2016-04-25 14:34:28.924 [INFO ] org.springframework.batch.core.job.SimpleStepHandler "Duplicate step [createFileStep] detected in execution of job=[robust-export]. If either step fails, both will be executed again on restart."
2016-04-25 14:34:28.927 [INFO ] org.springframework.batch.core.job.SimpleStepHandler "Executing step: [createFileStep]"
2016-04-25 14:34:28.936 [INFO ] org.springframework.batch.core.job.SimpleStepHandler "Duplicate step [continue-step] detected in execution of job=[robust-export]. If either step fails, both will be executed again on restart."
2016-04-25 14:34:28.940 [INFO ] org.springframework.batch.core.job.SimpleStepHandler "Executing step: [continue-step]"
2016-04-25 14:34:28.950 [INFO ] org.springframework.batch.core.job.SimpleStepHandler "Duplicate step [initialization-step] detected in execution of job=[robust-export]. If either step fails, both will be executed again on restart."
2016-04-25 14:34:28.953 [INFO ] org.springframework.batch.core.job.SimpleStepHandler "Executing step: [initialization-step]"
2016-04-25 14:34:28.989 [INFO ] org.springframework.batch.core.job.SimpleStepHandler "Duplicate step [createFileStep] detected in execution of job=[robust-export]. If either step fails, both will be executed again on restart."
2016-04-25 14:34:28.992 [INFO ] org.springframework.batch.core.job.SimpleStepHandler "Executing step: [createFileStep]"
2016-04-25 14:34:29.004 [INFO ] org.springframework.batch.core.job.SimpleStepHandler "Duplicate step [continue-step] detected in execution of job=[robust-export]. If either step fails, both will be executed again on restart."
2016-04-25 14:34:29.007 [INFO ] org.springframework.batch.core.job.SimpleStepHandler "Executing step: [continue-step]"
2016-04-25 14:34:29.016 [INFO ] org.springframework.batch.core.job.SimpleStepHandler "Duplicate step [initialization-step] detected in execution of job=[robust-export]. If either step fails, both will be executed again on restart."
2016-04-25 14:34:29.019 [INFO ] org.springframework.batch.core.job.SimpleStepHandler "Executing step: [initialization-step]"
2016-04-25 14:34:29.061 [INFO ] org.springframework.batch.core.job.SimpleStepHandler "Duplicate step [createFileStep] detected in execution of job=[robust-export]. If either step fails, both will be executed again on restart."
2016-04-25 14:34:29.066 [INFO ] org.springframework.batch.core.job.SimpleStepHandler "Executing step: [createFileStep]"
2016-04-25 14:34:29.079 [INFO ] org.springframework.batch.core.job.SimpleStepHandler "Duplicate step [continue-step] detected in execution of job=[robust-export]. If either step fails, both will be executed again on restart."
2016-04-25 14:34:29.083 [INFO ] org.springframework.batch.core.job.SimpleStepHandler "Executing step: [continue-step]"
2016-04-25 14:34:29.096 [INFO ] org.springframework.batch.core.job.SimpleStepHandler "Duplicate step [initialization-step] detected in execution of job=[robust-export]. If either step fails, both will be executed again on restart."
2016-04-25 14:34:29.107 [INFO ] org.springframework.batch.core.job.SimpleStepHandler "Executing step: [initialization-step]"
2016-04-25 14:34:29.173 [INFO ] org.springframework.batch.core.job.SimpleStepHandler "Duplicate step [createFileStep] detected in execution of job=[robust-export]. If either step fails, both will be executed again on restart."
2016-04-25 14:34:29.179 [INFO ] org.springframework.batch.core.job.SimpleStepHandler "Executing step: [createFileStep]"
2016-04-25 14:34:29.191 [INFO ] org.springframework.batch.core.job.SimpleStepHandler "Duplicate step [continue-step] detected in execution of job=[robust-export]. If either step fails, both will be executed again on restart."
2016-04-25 14:34:29.194 [INFO ] org.springframework.batch.core.job.SimpleStepHandler "Executing step: [continue-step]"
2016-04-25 14:34:29.206 [INFO ] org.springframework.batch.core.job.SimpleStepHandler "Duplicate step [initialization-step] detected in execution of job=[robust-export]. If either step fails, both will be executed again on restart."
2016-04-25 14:34:29.208 [INFO ] org.springframework.batch.core.job.SimpleStepHandler "Executing step: [initialization-step]"
2016-04-25 14:34:29.242 [INFO ] org.springframework.batch.core.job.SimpleStepHandler "Duplicate step [createFileStep] detected in execution of job=[robust-export]. If either step fails, both will be executed again on restart."
2016-04-25 14:34:29.244 [INFO ] org.springframework.batch.core.job.SimpleStepHandler "Executing step: [createFileStep]"
2016-04-25 14:34:29.249 [INFO ] org.springframework.batch.core.job.SimpleStepHandler "Duplicate step [continue-step] detected in execution of job=[robust-export]. If either step fails, both will be executed again on restart."
2016-04-25 14:34:29.252 [INFO ] org.springframework.batch.core.job.SimpleStepHandler "Executing step: [continue-step]"
2016-04-25 14:34:29.259 [INFO ] org.springframework.batch.core.job.SimpleStepHandler "Duplicate step [initialization-step] detected in execution of job=[robust-export]. If either step fails, both will be executed again on restart."
2016-04-25 14:34:29.261 [INFO ] org.springframework.batch.core.job.SimpleStepHandler "Executing step: [initialization-step]"
2016-04-25 14:34:29.305 [INFO ] org.springframework.batch.core.job.SimpleStepHandler "Duplicate step [createFileStep] detected in execution of job=[robust-export]. If either step fails, both will be executed again on restart."
2016-04-25 14:34:29.308 [INFO ] org.springframework.batch.core.job.SimpleStepHandler "Executing step: [createFileStep]"
2016-04-25 14:34:29.315 [INFO ] org.springframework.batch.core.job.SimpleStepHandler "Duplicate step [continue-step] detected in execution of job=[robust-export]. If either step fails, both will be executed again on restart."
2016-04-25 14:34:29.317 [INFO ] org.springframework.batch.core.job.SimpleStepHandler "Executing step: [continue-step]"
2016-04-25 14:34:29.325 [INFO ] org.springframework.batch.core.job.SimpleStepHandler "Duplicate step [initialization-step] detected in execution of job=[robust-export]. If either step fails, both will be executed again on restart."
2016-04-25 14:34:29.327 [INFO ] org.springframework.batch.core.job.SimpleStepHandler "Executing step: [initialization-step]"
2016-04-25 14:34:29.366 [INFO ] org.springframework.batch.core.job.SimpleStepHandler "Duplicate step [createFileStep] detected in execution of job=[robust-export]. If either step fails, both will be executed again on restart."
2016-04-25 14:34:29.369 [INFO ] org.springframework.batch.core.job.SimpleStepHandler "Executing step: [createFileStep]"
2016-04-25 14:34:29.377 [INFO ] org.springframework.batch.core.job.SimpleStepHandler "Duplicate step [continue-step] detected in execution of job=[robust-export]. If either step fails, both will be executed again on restart."
2016-04-25 14:34:29.380 [INFO ] org.springframework.batch.core.job.SimpleStepHandler "Executing step: [continue-step]"
2016-04-25 14:34:29.387 [INFO ] org.springframework.batch.core.job.SimpleStepHandler "Duplicate step [initialization-step] detected in execution of job=[robust-export]. If either step fails, both will be executed again on restart."
2016-04-25 14:34:29.390 [INFO ] org.springframework.batch.core.job.SimpleStepHandler "Executing step: [initialization-step]"
2016-04-25 14:34:29.425 [INFO ] org.springframework.batch.core.job.SimpleStepHandler "Duplicate step [createFileStep] detected in execution of job=[robust-export]. If either step fails, both will be executed again on restart."
2016-04-25 14:34:29.428 [INFO ] org.springframework.batch.core.job.SimpleStepHandler "Executing step: [createFileStep]"
2016-04-25 14:34:29.437 [INFO ] org.springframework.batch.core.job.SimpleStepHandler "Duplicate step [continue-step] detected in execution of job=[robust-export]. If either step fails, both will be executed again on restart."
2016-04-25 14:34:29.439 [INFO ] org.springframework.batch.core.job.SimpleStepHandler "Executing step: [continue-step]"
2016-04-25 14:34:29.450 [INFO ] org.springframework.batch.core.job.SimpleStepHandler "Duplicate step [initialization-step] detected in execution of job=[robust-export]. If either step fails, both will be executed again on restart."
2016-04-25 14:34:29.454 [INFO ] org.springframework.batch.core.job.SimpleStepHandler "Executing step: [initialization-step]"
2016-04-25 14:34:29.489 [INFO ] org.springframework.batch.core.job.SimpleStepHandler "Duplicate step [createFileStep] detected in execution of job=[robust-export]. If either step fails, both will be executed again on restart."
2016-04-25 14:34:29.491 [INFO ] org.springframework.batch.core.job.SimpleStepHandler "Executing step: [createFileStep]"
2016-04-25 14:34:29.523 [INFO ] org.springframework.batch.core.job.SimpleStepHandler "Duplicate step [continue-step] detected in execution of job=[robust-export]. If either step fails, both will be executed again on restart."
2016-04-25 14:34:29.526 [INFO ] org.springframework.batch.core.job.SimpleStepHandler "Executing step: [continue-step]"
2016-04-25 14:34:29.534 [INFO ] org.springframework.batch.core.job.SimpleStepHandler "Duplicate step [initialization-step] detected in execution of job=[robust-export]. If either step fails, both will be executed again on restart."
2016-04-25 14:34:29.537 [INFO ] org.springframework.batch.core.job.SimpleStepHandler "Executing step: [initialization-step]"
2016-04-25 14:34:29.786 [INFO ] org.springframework.batch.core.job.SimpleStepHandler "Duplicate step [createFileStep] detected in execution of job=[robust-export]. If either step fails, both will be executed again on restart."
2016-04-25 14:34:29.789 [INFO ] org.springframework.batch.core.job.SimpleStepHandler "Executing step: [createFileStep]"
2016-04-25 14:34:29.796 [INFO ] org.springframework.batch.core.job.SimpleStepHandler "Duplicate step [continue-step] detected in execution of job=[robust-export]. If either step fails, both will be executed again on restart."
2016-04-25 14:34:29.800 [INFO ] org.springframework.batch.core.job.SimpleStepHandler "Executing step: [continue-step]"
2016-04-25 14:34:29.810 [INFO ] org.springframework.batch.core.job.SimpleStepHandler "Duplicate step [initialization-step] detected in execution of job=[robust-export]. If either step fails, both will be executed again on restart."
2016-04-25 14:34:29.813 [INFO ] org.springframework.batch.core.job.SimpleStepHandler "Executing step: [initialization-step]"
2016-04-25 14:34:29.848 [INFO ] org.springframework.batch.core.job.SimpleStepHandler "Duplicate step [createFileStep] detected in execution of job=[robust-export]. If either step fails, both will be executed again on restart."
2016-04-25 14:34:29.850 [INFO ] org.springframework.batch.core.job.SimpleStepHandler "Executing step: [createFileStep]"
2016-04-25 14:34:29.855 [INFO ] org.springframework.batch.core.job.SimpleStepHandler "Duplicate step [continue-step] detected in execution of job=[robust-export]. If either step fails, both will be executed again on restart."
2016-04-25 14:34:29.857 [INFO ] org.springframework.batch.core.job.SimpleStepHandler "Executing step: [continue-step]"
2016-04-25 14:34:29.863 [INFO ] org.springframework.batch.core.job.SimpleStepHandler "Duplicate step [initialization-step] detected in execution of job=[robust-export]. If either step fails, both will be executed again on restart."
2016-04-25 14:34:29.865 [INFO ] org.springframework.batch.core.job.SimpleStepHandler "Executing step: [initialization-step]"
2016-04-25 14:34:29.895 [INFO ] org.springframework.batch.core.job.SimpleStepHandler "Duplicate step [createFileStep] detected in execution of job=[robust-export]. If either step fails, both will be executed again on restart."
2016-04-25 14:34:29.898 [INFO ] org.springframework.batch.core.job.SimpleStepHandler "Executing step: [createFileStep]"
2016-04-25 14:34:29.907 [INFO ] org.springframework.batch.core.job.SimpleStepHandler "Duplicate step [continue-step] detected in execution of job=[robust-export]. If either step fails, both will be executed again on restart."
2016-04-25 14:34:29.910 [INFO ] org.springframework.batch.core.job.SimpleStepHandler "Executing step: [continue-step]"
2016-04-25 14:34:29.921 [INFO ] org.springframework.batch.core.job.SimpleStepHandler "Duplicate step [initialization-step] detected in execution of job=[robust-export]. If either step fails, both will be executed again on restart."
2016-04-25 14:34:29.924 [INFO ] org.springframework.batch.core.job.SimpleStepHandler "Executing step: [initialization-step]"
2016-04-25 14:34:29.953 [INFO ] org.springframework.batch.core.job.SimpleStepHandler "Duplicate step [createFileStep] detected in execution of job=[robust-export]. If either step fails, both will be executed again on restart."
2016-04-25 14:34:29.955 [INFO ] org.springframework.batch.core.job.SimpleStepHandler "Executing step: [createFileStep]"
2016-04-25 14:34:29.962 [INFO ] org.springframework.batch.core.job.SimpleStepHandler "Duplicate step [continue-step] detected in execution of job=[robust-export]. If either step fails, both will be executed again on restart."
2016-04-25 14:34:29.965 [INFO ] org.springframework.batch.core.job.SimpleStepHandler "Executing step: [continue-step]"
2016-04-25 14:34:29.974 [INFO ] org.springframework.batch.core.job.SimpleStepHandler "Duplicate step [initialization-step] detected in execution of job=[robust-export]. If either step fails, both will be executed again on restart."
2016-04-25 14:34:29.977 [INFO ] org.springframework.batch.core.job.SimpleStepHandler "Executing step: [initialization-step]"
2016-04-25 14:34:30.033 [INFO ] org.springframework.batch.core.job.SimpleStepHandler "Duplicate step [createFileStep] detected in execution of job=[robust-export]. If either step fails, both will be executed again on restart."
2016-04-25 14:34:30.036 [INFO ] org.springframework.batch.core.job.SimpleStepHandler "Executing step: [createFileStep]"
2016-04-25 14:34:30.042 [INFO ] org.springframework.batch.core.job.SimpleStepHandler "Duplicate step [continue-step] detected in execution of job=[robust-export]. If either step fails, both will be executed again on restart."
2016-04-25 14:34:30.044 [INFO ] org.springframework.batch.core.job.SimpleStepHandler "Executing step: [continue-step]"
2016-04-25 14:34:30.052 [INFO ] org.springframework.batch.core.job.SimpleStepHandler "Duplicate step [initialization-step] detected in execution of job=[robust-export]. If either step fails, both will be executed again on restart."
2016-04-25 14:34:30.055 [INFO ] org.springframework.batch.core.job.SimpleStepHandler "Executing step: [initialization-step]"
2016-04-25 14:34:30.085 [INFO ] org.springframework.batch.core.job.SimpleStepHandler "Duplicate step [createFileStep] detected in execution of job=[robust-export]. If either step fails, both will be executed again on restart."
2016-04-25 14:34:30.089 [INFO ] org.springframework.batch.core.job.SimpleStepHandler "Executing step: [createFileStep]"
2016-04-25 14:34:30.097 [INFO ] org.springframework.batch.core.job.SimpleStepHandler "Duplicate step [continue-step] detected in execution of job=[robust-export]. If either step fails, both will be executed again on restart."
2016-04-25 14:34:30.101 [INFO ] org.springframework.batch.core.job.SimpleStepHandler "Executing step: [continue-step]"
2016-04-25 14:34:30.112 [INFO ] org.springframework.batch.core.job.SimpleStepHandler "Duplicate step [initialization-step] detected in execution of job=[robust-export]. If either step fails, both will be executed again on restart."
2016-04-25 14:34:30.114 [INFO ] org.springframework.batch.core.job.SimpleStepHandler "Executing step: [initialization-step]"
2016-04-25 14:34:30.149 [INFO ] org.springframework.batch.core.job.SimpleStepHandler "Duplicate step [createFileStep] detected in execution of job=[robust-export]. If either step fails, both will be executed again on restart."
2016-04-25 14:34:30.153 [INFO ] org.springframework.batch.core.job.SimpleStepHandler "Executing step: [createFileStep]"
2016-04-25 14:34:30.160 [INFO ] org.springframework.batch.core.job.SimpleStepHandler "Duplicate step [continue-step] detected in execution of job=[robust-export]. If either step fails, both will be executed again on restart."
2016-04-25 14:34:30.163 [INFO ] org.springframework.batch.core.job.SimpleStepHandler "Executing step: [continue-step]"
2016-04-25 14:34:30.170 [INFO ] org.springframework.batch.core.job.SimpleStepHandler "Duplicate step [initialization-step] detected in execution of job=[robust-export]. If either step fails, both will be executed again on restart."
2016-04-25 14:34:30.173 [INFO ] org.springframework.batch.core.job.SimpleStepHandler "Executing step: [initialization-step]"
2016-04-25 14:34:30.219 [INFO ] org.springframework.batch.core.job.SimpleStepHandler "Duplicate step [createFileStep] detected in execution of job=[robust-export]. If either step fails, both will be executed again on restart."
2016-04-25 14:34:30.222 [INFO ] org.springframework.batch.core.job.SimpleStepHandler "Executing step: [createFileStep]"
2016-04-25 14:34:30.229 [INFO ] org.springframework.batch.core.job.SimpleStepHandler "Duplicate step [continue-step] detected in execution of job=[robust-export]. If either step fails, both will be executed again on restart."
2016-04-25 14:34:30.232 [INFO ] org.springframework.batch.core.job.SimpleStepHandler "Executing step: [continue-step]"
2016-04-25 14:34:30.239 [INFO ] org.springframework.batch.core.job.SimpleStepHandler "Duplicate step [initialization-step] detected in execution of job=[robust-export]. If either step fails, both will be executed again on restart."
2016-04-25 14:34:30.242 [INFO ] org.springframework.batch.core.job.SimpleStepHandler "Executing step: [initialization-step]"
2016-04-25 14:34:30.272 [INFO ] org.springframework.batch.core.job.SimpleStepHandler "Duplicate step [createFileStep] detected in execution of job=[robust-export]. If either step fails, both will be executed again on restart."
2016-04-25 14:34:30.274 [INFO ] org.springframework.batch.core.job.SimpleStepHandler "Executing step: [createFileStep]"
2016-04-25 14:34:30.282 [INFO ] org.springframework.batch.core.job.SimpleStepHandler "Duplicate step [continue-step] detected in execution of job=[robust-export]. If either step fails, both will be executed again on restart."
2016-04-25 14:34:30.285 [INFO ] org.springframework.batch.core.job.SimpleStepHandler "Executing step: [continue-step]"
2016-04-25 14:34:30.295 [INFO ] org.springframework.batch.core.job.SimpleStepHandler "Duplicate step [initialization-step] detected in execution of job=[robust-export]. If either step fails, both will be executed again on restart."
2016-04-25 14:34:30.298 [INFO ] org.springframework.batch.core.job.SimpleStepHandler "Executing step: [initialization-step]"
2016-04-25 14:34:30.353 [INFO ] org.springframework.batch.core.job.SimpleStepHandler "Duplicate step [createFileStep] detected in execution of job=[robust-export]. If either step fails, both will be executed again on restart."
2016-04-25 14:34:30.356 [INFO ] org.springframework.batch.core.job.SimpleStepHandler "Executing step: [createFileStep]"
2016-04-25 14:34:30.363 [INFO ] org.springframework.batch.core.job.SimpleStepHandler "Duplicate step [continue-step] detected in execution of job=[robust-export]. If either step fails, both will be executed again on restart."
2016-04-25 14:34:30.366 [INFO ] org.springframework.batch.core.job.SimpleStepHandler "Executing step: [continue-step]"
2016-04-25 14:34:30.376 [INFO ] org.springframework.batch.core.job.SimpleStepHandler "Duplicate step [initialization-step] detected in execution of job=[robust-export]. If either step fails, both will be executed again on restart."
2016-04-25 14:34:30.381 [INFO ] org.springframework.batch.core.job.SimpleStepHandler "Executing step: [initialization-step]"
2016-04-25 14:34:30.410 [INFO ] org.springframework.batch.core.job.SimpleStepHandler "Duplicate step [createFileStep] detected in execution of job=[robust-export]. If either step fails, both will be executed again on restart."
2016-04-25 14:34:30.413 [INFO ] org.springframework.batch.core.job.SimpleStepHandler "Executing step: [createFileStep]"
2016-04-25 14:34:30.437 [INFO ] org.springframework.batch.core.job.SimpleStepHandler "Duplicate step [continue-step] detected in execution of job=[robust-export]. If either step fails, both will be executed again on restart."
2016-04-25 14:34:30.441 [INFO ] org.springframework.batch.core.job.SimpleStepHandler "Executing step: [continue-step]"
2016-04-25 14:34:30.449 [INFO ] org.springframework.batch.core.job.SimpleStepHandler "Duplicate step [initialization-step] detected in execution of job=[robust-export]. If either step fails, both will be executed again on restart."
2016-04-25 14:34:30.452 [INFO ] org.springframework.batch.core.job.SimpleStepHandler "Executing step: [initialization-step]"
2016-04-25 14:34:30.483 [INFO ] org.springframework.batch.core.job.SimpleStepHandler "Duplicate step [createFileStep] detected in execution of job=[robust-export]. If either step fails, both will be executed again on restart."
2016-04-25 14:34:30.501 [INFO ] org.springframework.batch.core.job.SimpleStepHandler "Executing step: [createFileStep]"
2016-04-25 14:34:30.509 [INFO ] org.springframework.batch.core.job.SimpleStepHandler "Duplicate step [continue-step] detected in execution of job=[robust-export]. If either step fails, both will be executed again on restart."
2016-04-25 14:34:30.511 [INFO ] org.springframework.batch.core.job.SimpleStepHandler "Executing step: [continue-step]"
2016-04-25 14:34:30.516 [INFO ] org.springframework.batch.core.job.SimpleStepHandler "Duplicate step [initialization-step] detected in execution of job=[robust-export]. If either step fails, both will be executed again on restart."
2016-04-25 14:34:30.518 [INFO ] org.springframework.batch.core.job.SimpleStepHandler "Executing step: [initialization-step]"
2016-04-25 14:34:30.601 [INFO ] org.springframework.batch.core.job.SimpleStepHandler "Duplicate step [createFileStep] detected in execution of job=[robust-export]. If either step fails, both will be executed again on restart."
2016-04-25 14:34:30.603 [INFO ] org.springframework.batch.core.job.SimpleStepHandler "Executing step: [createFileStep]"
2016-04-25 14:34:30.608 [INFO ] org.springframework.batch.core.job.SimpleStepHandler "Duplicate step [continue-step] detected in execution of job=[robust-export]. If either step fails, both will be executed again on restart."
2016-04-25 14:34:30.610 [INFO ] org.springframework.batch.core.job.SimpleStepHandler "Executing step: [continue-step]"
2016-04-25 14:34:30.617 [INFO ] org.springframework.batch.core.job.SimpleStepHandler "Duplicate step [initialization-step] detected in execution of job=[robust-export]. If either step fails, both will be executed again on restart."
2016-04-25 14:34:30.619 [INFO ] org.springframework.batch.core.job.SimpleStepHandler "Executing step: [initialization-step]"
2016-04-25 14:34:30.647 [INFO ] org.springframework.batch.core.job.SimpleStepHandler "Duplicate step [createFileStep] detected in execution of job=[robust-export]. If either step fails, both will be executed again on restart."
2016-04-25 14:34:30.650 [INFO ] org.springframework.batch.core.job.SimpleStepHandler "Executing step: [createFileStep]"
2016-04-25 14:34:30.657 [INFO ] org.springframework.batch.core.job.SimpleStepHandler "Duplicate step [continue-step] detected in execution of job=[robust-export]. If either step fails, both will be executed again on restart."
2016-04-25 14:34:30.660 [INFO ] org.springframework.batch.core.job.SimpleStepHandler "Executing step: [continue-step]"
2016-04-25 14:34:30.667 [INFO ] org.springframework.batch.core.job.SimpleStepHandler "Duplicate step [initialization-step] detected in execution of job=[robust-export]. If either step fails, both will be executed again on restart."
2016-04-25 14:34:30.669 [INFO ] org.springframework.batch.core.job.SimpleStepHandler "Executing step: [initialization-step]"
2016-04-25 14:34:30.704 [INFO ] org.springframework.batch.core.job.SimpleStepHandler "Duplicate step [createFileStep] detected in execution of job=[robust-export]. If either step fails, both will be executed again on restart."
2016-04-25 14:34:30.706 [INFO ] org.springframework.batch.core.job.SimpleStepHandler "Executing step: [createFileStep]"
2016-04-25 14:34:30.727 [INFO ] org.springframework.batch.core.job.SimpleStepHandler "Duplicate step [continue-step] detected in execution of job=[robust-export]. If either step fails, both will be executed again on restart."
2016-04-25 14:34:30.733 [INFO ] org.springframework.batch.core.job.SimpleStepHandler "Executing step: [continue-step]"
2016-04-25 14:34:30.742 [INFO ] org.springframework.batch.core.job.SimpleStepHandler "Duplicate step [initialization-step] detected in execution of job=[robust-export]. If either step fails, both will be executed again on restart."
2016-04-25 14:34:30.745 [INFO ] org.springframework.batch.core.job.SimpleStepHandler "Executing step: [initialization-step]"
2016-04-25 14:34:30.773 [INFO ] org.springframework.batch.core.job.SimpleStepHandler "Duplicate step [createFileStep] detected in execution of job=[robust-export]. If either step fails, both will be executed again on restart."
2016-04-25 14:34:30.776 [INFO ] org.springframework.batch.core.job.SimpleStepHandler "Executing step: [createFileStep]"
2016-04-25 14:34:30.783 [INFO ] org.springframework.batch.core.job.SimpleStepHandler "Duplicate step [continue-step] detected in execution of job=[robust-export]. If either step fails, both will be executed again on restart."
2016-04-25 14:34:30.785 [INFO ] org.springframework.batch.core.job.SimpleStepHandler "Executing step: [continue-step]"
2016-04-25 14:34:30.791 [INFO ] org.springframework.batch.core.job.SimpleStepHandler "Duplicate step [initialization-step] detected in execution of job=[robust-export]. If either step fails, both will be executed again on restart."
2016-04-25 14:34:30.793 [INFO ] org.springframework.batch.core.job.SimpleStepHandler "Executing step: [initialization-step]"
2016-04-25 14:34:30.818 [INFO ] org.springframework.batch.core.job.SimpleStepHandler "Duplicate step [createFileStep] detected in execution of job=[robust-export]. If either step fails, both will be executed again on restart."
2016-04-25 14:34:30.820 [INFO ] org.springframework.batch.core.job.SimpleStepHandler "Executing step: [createFileStep]"
2016-04-25 14:34:30.825 [INFO ] org.springframework.batch.core.job.SimpleStepHandler "Duplicate step [continue-step] detected in execution of job=[robust-export]. If either step fails, both will be executed again on restart."
2016-04-25 14:34:30.828 [INFO ] org.springframework.batch.core.job.SimpleStepHandler "Executing step: [continue-step]"
2016-04-25 14:34:30.836 [INFO ] org.springframework.batch.core.job.SimpleStepHandler "Duplicate step [initialization-step] detected in execution of job=[robust-export]. If either step fails, both will be executed again on restart."
2016-04-25 14:34:30.839 [INFO ] org.springframework.batch.core.job.SimpleStepHandler "Executing step: [initialization-step]"
2016-04-25 14:34:30.876 [INFO ] org.springframework.batch.core.job.SimpleStepHandler "Duplicate step [createFileStep] detected in execution of job=[robust-export]. If either step fails, both will be executed again on restart."
2016-04-25 14:34:30.878 [INFO ] org.springframework.batch.core.job.SimpleStepHandler "Executing step: [createFileStep]"
2016-04-25 14:34:30.889 [INFO ] org.springframework.batch.core.job.SimpleStepHandler "Duplicate step [continue-step] detected in execution of job=[robust-export]. If either step fails, both will be executed again on restart."
2016-04-25 14:34:30.893 [INFO ] org.springframework.batch.core.job.SimpleStepHandler "Executing step: [continue-step]"
2016-04-25 14:34:30.902 [INFO ] org.springframework.batch.core.job.SimpleStepHandler "Duplicate step [initialization-step] detected in execution of job=[robust-export]. If either step fails, both will be executed again on restart."
2016-04-25 14:34:30.904 [INFO ] org.springframework.batch.core.job.SimpleStepHandler "Executing step: [initialization-step]"
2016-04-25 14:34:30.932 [INFO ] org.springframework.batch.core.job.SimpleStepHandler "Duplicate step [createFileStep] detected in execution of job=[robust-export]. If either step fails, both will be executed again on restart."
2016-04-25 14:34:30.934 [INFO ] org.springframework.batch.core.job.SimpleStepHandler "Executing step: [createFileStep]"
2016-04-25 14:34:30.939 [INFO ] org.springframework.batch.core.job.SimpleStepHandler "Duplicate step [continue-step] detected in execution of job=[robust-export]. If either step fails, both will be executed again on restart."
2016-04-25 14:34:30.941 [INFO ] org.springframework.batch.core.job.SimpleStepHandler "Executing step: [continue-step]"
2016-04-25 14:34:30.947 [INFO ] org.springframework.batch.core.job.SimpleStepHandler "Duplicate step [initialization-step] detected in execution of job=[robust-export]. If either step fails, both will be executed again on restart."
2016-04-25 14:34:30.949 [INFO ] org.springframework.batch.core.job.SimpleStepHandler "Executing step: [initialization-step]"
2016-04-25 14:34:30.979 [INFO ] org.springframework.batch.core.job.SimpleStepHandler "Duplicate step [createFileStep] detected in execution of job=[robust-export]. If either step fails, both will be executed again on restart."
2016-04-25 14:34:30.982 [INFO ] org.springframework.batch.core.job.SimpleStepHandler "Executing step: [createFileStep]"
2016-04-25 14:34:30.990 [INFO ] org.springframework.batch.core.job.SimpleStepHandler "Duplicate step [continue-step] detected in execution of job=[robust-export]. If either step fails, both will be executed again on restart."
2016-04-25 14:34:30.992 [INFO ] org.springframework.batch.core.job.SimpleStepHandler "Executing step: [continue-step]"
2016-04-25 14:34:31.000 [INFO ] org.springframework.batch.core.job.SimpleStepHandler "Duplicate step [initialization-step] detected in execution of job=[robust-export]. If either step fails, both will be executed again on restart."
2016-04-25 14:34:31.003 [INFO ] org.springframework.batch.core.job.SimpleStepHandler "Executing step: [initialization-step]"
2016-04-25 14:34:31.036 [INFO ] org.springframework.batch.core.job.SimpleStepHandler "Duplicate step [createFileStep] detected in execution of job=[robust-export]. If either step fails, both will be executed again on restart."
2016-04-25 14:34:31.039 [INFO ] org.springframework.batch.core.job.SimpleStepHandler "Executing step: [createFileStep]"
2016-04-25 14:34:31.047 [INFO ] org.springframework.batch.core.job.SimpleStepHandler "Duplicate step [continue-step] detected in execution of job=[robust-export]. If either step fails, both will be executed again on restart."
2016-04-25 14:34:31.049 [INFO ] org.springframework.batch.core.job.SimpleStepHandler "Executing step: [continue-step]"
2016-04-25 14:34:31.057 [INFO ] org.springframework.batch.core.job.SimpleStepHandler "Duplicate step [initialization-step] detected in execution of job=[robust-export]. If either step fails, both will be executed again on restart."
2016-04-25 14:34:31.059 [INFO ] org.springframework.batch.core.job.SimpleStepHandler "Executing step: [initialization-step]"
2016-04-25 14:34:31.084 [INFO ] org.springframework.batch.core.job.SimpleStepHandler "Duplicate step [createFileStep] detected in execution of job=[robust-export]. If either step fails, both will be executed again on restart."
2016-04-25 14:34:31.086 [INFO ] org.springframework.batch.core.job.SimpleStepHandler "Executing step: [createFileStep]"
2016-04-25 14:34:31.092 [INFO ] org.springframework.batch.core.job.SimpleStepHandler "Duplicate step [continue-step] detected in execution of job=[robust-export]. If either step fails, both will be executed again on restart."
2016-04-25 14:34:31.094 [INFO ] org.springframework.batch.core.job.SimpleStepHandler "Executing step: [continue-step]"
2016-04-25 14:34:31.103 [INFO ] org.springframework.batch.core.job.SimpleStepHandler "Duplicate step [initialization-step] detected in execution of job=[robust-export]. If either step fails, both will be executed again on restart."
2016-04-25 14:34:31.107 [INFO ] org.springframework.batch.core.job.SimpleStepHandler "Executing step: [initialization-step]"
2016-04-25 14:34:31.136 [INFO ] org.springframework.batch.core.job.SimpleStepHandler "Duplicate step [createFileStep] detected in execution of job=[robust-export]. If either step fails, both will be executed again on restart."
2016-04-25 14:34:31.138 [INFO ] org.springframework.batch.core.job.SimpleStepHandler "Executing step: [createFileStep]"
2016-04-25 14:34:31.147 [INFO ] org.springframework.batch.core.job.SimpleStepHandler "Duplicate step [continue-step] detected in execution of job=[robust-export]. If either step fails, both will be executed again on restart."
2016-04-25 14:34:31.150 [INFO ] org.springframework.batch.core.job.SimpleStepHandler "Executing step: [continue-step]"
2016-04-25 14:34:31.158 [INFO ] org.springframework.batch.core.job.SimpleStepHandler "Duplicate step [initialization-step] detected in execution of job=[robust-export]. If either step fails, both will be executed again on restart."
2016-04-25 14:34:31.161 [INFO ] org.springframework.batch.core.job.SimpleStepHandler "Executing step: [initialization-step]"
2016-04-25 14:34:31.189 [INFO ] org.springframework.batch.core.job.SimpleStepHandler "Duplicate step [createFileStep] detected in execution of job=[robust-export]. If either step fails, both will be executed again on restart."
2016-04-25 14:34:31.192 [INFO ] org.springframework.batch.core.job.SimpleStepHandler "Executing step: [createFileStep]"
2016-04-25 14:34:31.199 [INFO ] org.springframework.batch.core.job.SimpleStepHandler "Duplicate step [continue-step] detected in execution of job=[robust-export]. If either step fails, both will be executed again on restart."
2016-04-25 14:34:31.201 [INFO ] org.springframework.batch.core.job.SimpleStepHandler "Executing step: [continue-step]"
2016-04-25 14:34:31.207 [INFO ] org.springframework.batch.core.job.SimpleStepHandler "Duplicate step [initialization-step] detected in execution of job=[robust-export]. If either step fails, both will be executed again on restart."
2016-04-25 14:34:31.209 [INFO ] org.springframework.batch.core.job.SimpleStepHandler "Executing step: [initialization-step]"
2016-04-25 14:34:31.241 [INFO ] org.springframework.batch.core.job.SimpleStepHandler "Duplicate step [createFileStep] detected in execution of job=[robust-export]. If either step fails, both will be executed again on restart."
2016-04-25 14:34:31.244 [INFO ] org.springframework.batch.core.job.SimpleStepHandler "Executing step: [createFileStep]"
2016-04-25 14:34:31.253 [INFO ] org.springframework.batch.core.job.SimpleStepHandler "Duplicate step [continue-step] detected in execution of job=[robust-export]. If either step fails, both will be executed again on restart."
2016-04-25 14:34:31.256 [INFO ] org.springframework.batch.core.job.SimpleStepHandler "Executing step: [continue-step]"
2016-04-25 14:34:31.265 [INFO ] org.springframework.batch.core.job.SimpleStepHandler "Duplicate step [initialization-step] detected in execution of job=[robust-export]. If either step fails, both will be executed again on restart."
2016-04-25 14:34:31.269 [INFO ] org.springframework.batch.core.job.SimpleStepHandler "Executing step: [initialization-step]"
2016-04-25 14:34:31.299 [INFO ] org.springframework.batch.core.job.SimpleStepHandler "Duplicate step [createFileStep] detected in execution of job=[robust-export]. If either step fails, both will be executed again on restart."
2016-04-25 14:34:31.300 [INFO ] org.springframework.batch.core.job.SimpleStepHandler "Executing step: [createFileStep]"
2016-04-25 14:34:31.306 [INFO ] org.springframework.batch.core.job.SimpleStepHandler "Duplicate step [continue-step] detected in execution of job=[robust-export]. If either step fails, both will be executed again on restart."
2016-04-25 14:34:31.309 [INFO ] org.springframework.batch.core.job.SimpleStepHandler "Executing step: [continue-step]"
2016-04-25 14:34:31.317 [INFO ] org.springframework.batch.core.job.SimpleStepHandler "Duplicate step [initialization-step] detected in execution of job=[robust-export]. If either step fails, both will be executed again on restart."
2016-04-25 14:34:31.320 [INFO ] org.springframework.batch.core.job.SimpleStepHandler "Executing step: [initialization-step]"
2016-04-25 14:34:31.361 [INFO ] org.springframework.batch.core.job.SimpleStepHandler "Duplicate step [createFileStep] detected in execution of job=[robust-export]. If either step fails, both will be executed again on restart."
2016-04-25 14:34:31.365 [INFO ] org.springframework.batch.core.job.SimpleStepHandler "Executing step: [createFileStep]"
2016-04-25 14:34:31.377 [INFO ] org.springframework.batch.core.job.SimpleStepHandler "Duplicate step [continue-step] detected in execution of job=[robust-export]. If either step fails, both will be executed again on restart."
2016-04-25 14:34:31.381 [INFO ] org.springframework.batch.core.job.SimpleStepHandler "Executing step: [continue-step]"
2016-04-25 14:34:31.392 [INFO ] org.springframework.batch.core.job.SimpleStepHandler "Duplicate step [initialization-step] detected in execution of job=[robust-export]. If either step fails, both will be executed again on restart."
2016-04-25 14:34:31.396 [INFO ] org.springframework.batch.core.job.SimpleStepHandler "Executing step: [initialization-step]"
2016-04-25 14:34:31.428 [INFO ] org.springframework.batch.core.job.SimpleStepHandler "Duplicate step [createFileStep] detected in execution of job=[robust-export]. If either step fails, both will be executed again on restart."
2016-04-25 14:34:31.432 [INFO ] org.springframework.batch.core.job.SimpleStepHandler "Executing step: [createFileStep]"
2016-04-25 14:34:31.442 [INFO ] org.springframework.batch.core.job.SimpleStepHandler "Duplicate step [continue-step] detected in execution of job=[robust-export]. If either step fails, both will be executed again on restart."
2016-04-25 14:34:31.446 [INFO ] org.springframework.batch.core.job.SimpleStepHandler "Executing step: [continue-step]"
2016-04-25 14:34:31.457 [INFO ] org.springframework.batch.core.job.SimpleStepHandler "Duplicate step [initialization-step] detected in execution of job=[robust-export]. If either step fails, both will be executed again on restart."
2016-04-25 14:34:31.461 [INFO ] org.springframework.batch.core.job.SimpleStepHandler "Executing step: [initialization-step]"
2016-04-25 14:34:31.492 [INFO ] org.springframework.batch.core.job.SimpleStepHandler "Duplicate step [createFileStep] detected in execution of job=[robust-export]. If either step fails, both will be executed again on restart."
2016-04-25 14:34:31.495 [INFO ] org.springframework.batch.core.job.SimpleStepHandler "Executing step: [createFileStep]"
2016-04-25 14:34:31.503 [INFO ] org.springframework.batch.core.job.SimpleStepHandler "Duplicate step [continue-step] detected in execution of job=[robust-export]. If either step fails, both will be executed again on restart."
2016-04-25 14:34:31.507 [INFO ] org.springframework.batch.core.job.SimpleStepHandler "Executing step: [continue-step]"
2016-04-25 14:34:31.516 [INFO ] org.springframework.batch.core.job.SimpleStepHandler "Duplicate step [initialization-step] detected in execution of job=[robust-export]. If either step fails, both will be executed again on restart."
2016-04-25 14:34:31.519 [INFO ] org.springframework.batch.core.job.SimpleStepHandler "Executing step: [initialization-step]"
2016-04-25 14:34:31.548 [INFO ] org.springframework.batch.core.job.SimpleStepHandler "Duplicate step [createFileStep] detected in execution of job=[robust-export]. If either step fails, both will be executed again on restart."
2016-04-25 14:34:31.551 [INFO ] org.springframework.batch.core.job.SimpleStepHandler "Executing step: [createFileStep]"
2016-04-25 14:34:31.561 [INFO ] org.springframework.batch.core.job.SimpleStepHandler "Duplicate step [continue-step] detected in execution of job=[robust-export]. If either step fails, both will be executed again on restart."
2016-04-25 14:34:31.564 [INFO ] org.springframework.batch.core.job.SimpleStepHandler "Executing step: [continue-step]"
2016-04-25 14:34:31.575 [INFO ] org.springframework.batch.core.job.SimpleStepHandler "Duplicate step [initialization-step] detected in execution of job=[robust-export]. If either step fails, both will be executed again on restart."
2016-04-25 14:34:31.578 [INFO ] org.springframework.batch.core.job.SimpleStepHandler "Executing step: [initialization-step]"
2016-04-25 14:34:31.609 [INFO ] org.springframework.batch.core.job.SimpleStepHandler "Duplicate step [createFileStep] detected in execution of job=[robust-export]. If either step fails, both will be executed again on restart."
2016-04-25 14:34:31.613 [INFO ] org.springframework.batch.core.job.SimpleStepHandler "Executing step: [createFileStep]"
2016-04-25 14:34:31.622 [INFO ] org.springframework.batch.core.job.SimpleStepHandler "Duplicate step [continue-step] detected in execution of job=[robust-export]. If either step fails, both will be executed again on restart."
2016-04-25 14:34:31.626 [INFO ] org.springframework.batch.core.job.SimpleStepHandler "Executing step: [continue-step]"
2016-04-25 14:34:31.634 [INFO ] org.springframework.batch.core.job.SimpleStepHandler "Duplicate step [initialization-step] detected in execution of job=[robust-export]. If either step fails, both will be executed again on restart."
2016-04-25 14:34:31.637 [INFO ] org.springframework.batch.core.job.SimpleStepHandler "Executing step: [initialization-step]"
2016-04-25 14:34:31.669 [INFO ] org.springframework.batch.core.job.SimpleStepHandler "Duplicate step [createFileStep] detected in execution of job=[robust-export]. If either step fails, both will be executed again on restart."
2016-04-25 14:34:31.673 [INFO ] org.springframework.batch.core.job.SimpleStepHandler "Executing step: [createFileStep]"
2016-04-25 14:34:31.684 [INFO ] org.springframework.batch.core.job.SimpleStepHandler "Duplicate step [continue-step] detected in execution of job=[robust-export]. If either step fails, both will be executed again on restart."
2016-04-25 14:34:31.688 [INFO ] org.springframework.batch.core.job.SimpleStepHandler "Executing step: [continue-step]"
2016-04-25 14:34:31.697 [INFO ] org.springframework.batch.core.job.SimpleStepHandler "Duplicate step [initialization-step] detected in execution of job=[robust-export]. If either step fails, both will be executed again on restart."
2016-04-25 14:34:31.700 [INFO ] org.springframework.batch.core.job.SimpleStepHandler "Executing step: [initialization-step]"
2016-04-25 14:34:31.742 [INFO ] org.springframework.batch.core.job.SimpleStepHandler "Duplicate step [createFileStep] detected in execution of job=[robust-export]. If either step fails, both will be executed again on restart."
2016-04-25 14:34:31.745 [INFO ] org.springframework.batch.core.job.SimpleStepHandler "Executing step: [createFileStep]"
2016-04-25 14:34:31.755 [INFO ] org.springframework.batch.core.job.SimpleStepHandler "Duplicate step [continue-step] detected in execution of job=[robust-export]. If either step fails, both will be executed again on restart."
2016-04-25 14:34:31.758 [INFO ] org.springframework.batch.core.job.SimpleStepHandler "Executing step: [continue-step]"
2016-04-25 14:34:31.768 [INFO ] org.springframework.batch.core.job.SimpleStepHandler "Duplicate step [initialization-step] detected in execution of job=[robust-export]. If either step fails, both will be executed again on restart."
2016-04-25 14:34:31.772 [INFO ] org.springframework.batch.core.job.SimpleStepHandler "Executing step: [initialization-step]"
2016-04-25 14:34:31.808 [INFO ] org.springframework.batch.core.job.SimpleStepHandler "Duplicate step [createFileStep] detected in execution of job=[robust-export]. If either step fails, both will be executed again on restart."
2016-04-25 14:34:31.811 [INFO ] org.springframework.batch.core.job.SimpleStepHandler "Executing step: [createFileStep]"
2016-04-25 14:34:31.819 [INFO ] org.springframework.batch.core.job.SimpleStepHandler "Duplicate step [continue-step] detected in execution of job=[robust-export]. If either step fails, both will be executed again on restart."
2016-04-25 14:34:31.822 [INFO ] org.springframework.batch.core.job.SimpleStepHandler "Executing step: [continue-step]"
2016-04-25 14:34:31.830 [INFO ] org.springframework.batch.core.job.SimpleStepHandler "Duplicate step [initialization-step] detected in execution of job=[robust-export]. If either step fails, both will be executed again on restart."
2016-04-25 14:34:31.834 [INFO ] org.springframework.batch.core.job.SimpleStepHandler "Executing step: [initialization-step]"
2016-04-25 14:34:31.862 [INFO ] org.springframework.batch.core.job.SimpleStepHandler "Duplicate step [createFileStep] detected in execution of job=[robust-export]. If either step fails, both will be executed again on restart."
2016-04-25 14:34:31.864 [INFO ] org.springframework.batch.core.job.SimpleStepHandler "Executing step: [createFileStep]"
2016-04-25 14:34:31.869 [INFO ] org.springframework.batch.core.job.SimpleStepHandler "Duplicate step [continue-step] detected in execution of job=[robust-export]. If either step fails, both will be executed again on restart."
2016-04-25 14:34:31.872 [INFO ] org.springframework.batch.core.job.SimpleStepHandler "Executing step: [continue-step]"
2016-04-25 14:34:31.879 [INFO ] org.springframework.batch.core.job.SimpleStepHandler "Duplicate step [initialization-step] detected in execution of job=[robust-export]. If either step fails, both will be executed again on restart."
2016-04-25 14:34:31.883 [INFO ] org.springframework.batch.core.job.SimpleStepHandler "Executing step: [initialization-step]"
2016-04-25 14:34:31.912 [INFO ] org.springframework.batch.core.job.SimpleStepHandler "Duplicate step [createFileStep] detected in execution of job=[robust-export]. If either step fails, both will be executed again on restart."
2016-04-25 14:34:31.914 [INFO ] org.springframework.batch.core.job.SimpleStepHandler "Executing step: [createFileStep]"
2016-04-25 14:34:31.921 [INFO ] org.springframework.batch.core.job.SimpleStepHandler "Duplicate step [continue-step] detected in execution of job=[robust-export]. If either step fails, both will be executed again on restart."
2016-04-25 14:34:31.930 [INFO ] org.springframework.batch.core.job.SimpleStepHandler "Executing step: [continue-step]"
2016-04-25 14:34:31.939 [INFO ] org.springframework.batch.core.job.SimpleStepHandler "Duplicate step [initialization-step] detected in execution of job=[robust-export]. If either step fails, both will be executed again on restart."
2016-04-25 14:34:31.942 [INFO ] org.springframework.batch.core.job.SimpleStepHandler "Executing step: [initialization-step]"
2016-04-25 14:34:31.974 [INFO ] org.springframework.batch.core.job.SimpleStepHandler "Duplicate step [createFileStep] detected in execution of job=[robust-export]. If either step fails, both will be executed again on restart."
2016-04-25 14:34:31.976 [INFO ] org.springframework.batch.core.job.SimpleStepHandler "Executing step: [createFileStep]"
2016-04-25 14:34:31.983 [INFO ] org.springframework.batch.core.job.SimpleStepHandler "Duplicate step [continue-step] detected in execution of job=[robust-export]. If either step fails, both will be executed again on restart."
2016-04-25 14:34:31.986 [INFO ] org.springframework.batch.core.job.SimpleStepHandler "Executing step: [continue-step]"
2016-04-25 14:34:31.994 [INFO ] org.springframework.batch.core.job.SimpleStepHandler "Duplicate step [initialization-step] detected in execution of job=[robust-export]. If either step fails, both will be executed again on restart."
2016-04-25 14:34:31.999 [INFO ] org.springframework.batch.core.job.SimpleStepHandler "Executing step: [initialization-step]"
2016-04-25 14:34:32.028 [INFO ] org.springframework.batch.core.job.SimpleStepHandler "Duplicate step [createFileStep] detected in execution of job=[robust-export]. If either step fails, both will be executed again on restart."
2016-04-25 14:34:32.032 [INFO ] org.springframework.batch.core.job.SimpleStepHandler "Executing step: [createFileStep]"
2016-04-25 14:34:32.042 [INFO ] org.springframework.batch.core.job.SimpleStepHandler "Duplicate step [continue-step] detected in execution of job=[robust-export]. If either step fails, both will be executed again on restart."
2016-04-25 14:34:32.047 [INFO ] org.springframework.batch.core.job.SimpleStepHandler "Executing step: [continue-step]"
2016-04-25 14:34:32.056 [INFO ] org.springframework.batch.core.job.SimpleStepHandler "Duplicate step [initialization-step] detected in execution of job=[robust-export]. If either step fails, both will be executed again on restart."
2016-04-25 14:34:32.060 [INFO ] org.springframework.batch.core.job.SimpleStepHandler "Executing step: [initialization-step]"
2016-04-25 14:34:32.094 [INFO ] org.springframework.batch.core.job.SimpleStepHandler "Duplicate step [createFileStep] detected in execution of job=[robust-export]. If either step fails, both will be executed again on restart."
2016-04-25 14:34:32.097 [INFO ] org.springframework.batch.core.job.SimpleStepHandler "Executing step: [createFileStep]"
2016-04-25 14:34:32.107 [INFO ] org.springframework.batch.core.job.SimpleStepHandler "Duplicate step [continue-step] detected in execution of job=[robust-export]. If either step fails, both will be executed again on restart."
2016-04-25 14:35:05.259 [INFO ] org.springframework.context.support.ClassPathXmlApplicationContext "Refreshing org.springframework.context.support.ClassPathXmlApplicationContext@3e2055d6: startup date [Mon Apr 25 14:35:05 WIB 2016]; root of context hierarchy"
2016-04-25 14:35:05.306 [INFO ] org.springframework.beans.factory.xml.XmlBeanDefinitionReader "Loading XML bean definitions from class path resource [job-definition.xml]"
2016-04-25 14:35:05.447 [INFO ] org.springframework.beans.factory.xml.XmlBeanDefinitionReader "Loading XML bean definitions from class path resource [context.xml]"
2016-04-25 14:35:05.488 [INFO ] org.springframework.beans.factory.xml.XmlBeanDefinitionReader "Loading XML bean definitions from class path resource [database.xml]"
2016-04-25 14:35:05.527 [INFO ] org.springframework.beans.factory.support.DefaultListableBeanFactory "Overriding bean definition for bean 'transactionManager': replacing [Generic bean: class [org.springframework.batch.support.transaction.ResourcelessTransactionManager]; scope=; abstract=false; lazyInit=false; autowireMode=0; dependencyCheck=0; autowireCandidate=true; primary=false; factoryBeanName=null; factoryMethodName=null; initMethodName=null; destroyMethodName=null; defined in class path resource [context.xml]] with [Generic bean: class [org.springframework.batch.support.transaction.ResourcelessTransactionManager]; scope=; abstract=false; lazyInit=false; autowireMode=0; dependencyCheck=0; autowireCandidate=true; primary=false; factoryBeanName=null; factoryMethodName=null; initMethodName=null; destroyMethodName=null; defined in class path resource [database.xml]]"
2016-04-25 14:35:05.590 [INFO ] org.springframework.beans.factory.support.DefaultListableBeanFactory "Overriding bean definition for bean 'robust-export': replacing [Generic bean: class [org.springframework.batch.core.configuration.xml.SimpleFlowFactoryBean]; scope=; abstract=false; lazyInit=false; autowireMode=0; dependencyCheck=0; autowireCandidate=true; primary=false; factoryBeanName=null; factoryMethodName=null; initMethodName=null; destroyMethodName=null] with [Generic bean: class [org.springframework.batch.core.configuration.xml.JobParserJobFactoryBean]; scope=; abstract=false; lazyInit=false; autowireMode=0; dependencyCheck=0; autowireCandidate=true; primary=false; factoryBeanName=null; factoryMethodName=null; initMethodName=null; destroyMethodName=null]"
2016-04-25 14:35:05.772 [INFO ] org.springframework.beans.factory.support.DefaultListableBeanFactory "Pre-instantiating singletons in org.springframework.beans.factory.support.DefaultListableBeanFactory@7cbc3762: defining beans [jobRepository,transactionManager,jobLauncher,systemDataSource,targetDataSource,org.springframework.jdbc.datasource.init.DataSourceInitializer#0,checkFileTask,createFileTask,continueTask,org.springframework.batch.core.scope.internalStepScope,org.springframework.beans.factory.config.CustomEditorConfigurer,org.springframework.batch.core.configuration.xml.CoreNamespacePostProcessor,initialization-step,createFileStep,continue-step,robust-export]; root of factory hierarchy"
2016-04-25 14:35:05.800 [INFO ] org.springframework.jdbc.datasource.DriverManagerDataSource "Loaded JDBC driver: org.hsqldb.jdbcDriver"
2016-04-25 14:35:06.035 [INFO ] org.springframework.batch.core.launch.support.SimpleJobLauncher "No TaskExecutor has been set, defaulting to synchronous executor."
2016-04-25 14:35:06.037 [INFO ] org.springframework.jdbc.datasource.DriverManagerDataSource "Loaded JDBC driver: com.mysql.jdbc.Driver"
2016-04-25 14:35:06.468 [INFO ] org.springframework.jdbc.datasource.init.ResourceDatabasePopulator "Executing SQL script from class path resource [org/springframework/batch/core/schema-drop-hsqldb.sql]"
2016-04-25 14:35:06.473 [INFO ] org.springframework.jdbc.datasource.init.ResourceDatabasePopulator "Done executing SQL script from class path resource [org/springframework/batch/core/schema-drop-hsqldb.sql] in 5 ms."
2016-04-25 14:35:06.474 [INFO ] org.springframework.jdbc.datasource.init.ResourceDatabasePopulator "Executing SQL script from class path resource [org/springframework/batch/core/schema-hsqldb.sql]"
2016-04-25 14:35:06.485 [INFO ] org.springframework.jdbc.datasource.init.ResourceDatabasePopulator "Done executing SQL script from class path resource [org/springframework/batch/core/schema-hsqldb.sql] in 11 ms."
2016-04-25 14:35:06.617 [INFO ] com.zaxxer.hikari.HikariDataSource "springHikariCP - Started."
2016-04-25 14:35:07.944 [INFO ] org.springframework.batch.core.launch.support.SimpleJobLauncher "Job: [FlowJob: [name=robust-export]] launched with the following parameters: [{date=1461569707816, maxThread=2}]"
2016-04-25 14:35:07.974 [INFO ] org.springframework.batch.core.job.SimpleStepHandler "Executing step: [initialization-step]"
2016-04-25 14:49:48.461 [INFO ] org.springframework.context.support.ClassPathXmlApplicationContext "Refreshing org.springframework.context.support.ClassPathXmlApplicationContext@3e2055d6: startup date [Mon Apr 25 14:49:48 WIB 2016]; root of context hierarchy"
2016-04-25 14:49:48.509 [INFO ] org.springframework.beans.factory.xml.XmlBeanDefinitionReader "Loading XML bean definitions from class path resource [job-definition.xml]"
2016-04-25 14:49:48.661 [INFO ] org.springframework.beans.factory.xml.XmlBeanDefinitionReader "Loading XML bean definitions from class path resource [context.xml]"
2016-04-25 14:49:48.705 [INFO ] org.springframework.beans.factory.xml.XmlBeanDefinitionReader "Loading XML bean definitions from class path resource [database.xml]"
2016-04-25 14:49:48.737 [INFO ] org.springframework.beans.factory.support.DefaultListableBeanFactory "Overriding bean definition for bean 'transactionManager': replacing [Generic bean: class [org.springframework.batch.support.transaction.ResourcelessTransactionManager]; scope=; abstract=false; lazyInit=false; autowireMode=0; dependencyCheck=0; autowireCandidate=true; primary=false; factoryBeanName=null; factoryMethodName=null; initMethodName=null; destroyMethodName=null; defined in class path resource [context.xml]] with [Generic bean: class [org.springframework.batch.support.transaction.ResourcelessTransactionManager]; scope=; abstract=false; lazyInit=false; autowireMode=0; dependencyCheck=0; autowireCandidate=true; primary=false; factoryBeanName=null; factoryMethodName=null; initMethodName=null; destroyMethodName=null; defined in class path resource [database.xml]]"
2016-04-25 14:49:48.798 [INFO ] org.springframework.beans.factory.support.DefaultListableBeanFactory "Overriding bean definition for bean 'robust-export': replacing [Generic bean: class [org.springframework.batch.core.configuration.xml.SimpleFlowFactoryBean]; scope=; abstract=false; lazyInit=false; autowireMode=0; dependencyCheck=0; autowireCandidate=true; primary=false; factoryBeanName=null; factoryMethodName=null; initMethodName=null; destroyMethodName=null] with [Generic bean: class [org.springframework.batch.core.configuration.xml.JobParserJobFactoryBean]; scope=; abstract=false; lazyInit=false; autowireMode=0; dependencyCheck=0; autowireCandidate=true; primary=false; factoryBeanName=null; factoryMethodName=null; initMethodName=null; destroyMethodName=null]"
2016-04-25 14:49:48.959 [INFO ] org.springframework.beans.factory.support.DefaultListableBeanFactory "Pre-instantiating singletons in org.springframework.beans.factory.support.DefaultListableBeanFactory@7cbc3762: defining beans [jobRepository,transactionManager,jobLauncher,systemDataSource,targetDataSource,org.springframework.jdbc.datasource.init.DataSourceInitializer#0,checkFileTask,createFileTask,continueTask,org.springframework.batch.core.scope.internalStepScope,org.springframework.beans.factory.config.CustomEditorConfigurer,org.springframework.batch.core.configuration.xml.CoreNamespacePostProcessor,initialization-step,createFileStep,continue-step,robust-export]; root of factory hierarchy"
2016-04-25 14:49:48.986 [INFO ] org.springframework.jdbc.datasource.DriverManagerDataSource "Loaded JDBC driver: org.hsqldb.jdbcDriver"
2016-04-25 14:49:49.221 [INFO ] org.springframework.batch.core.launch.support.SimpleJobLauncher "No TaskExecutor has been set, defaulting to synchronous executor."
2016-04-25 14:49:49.223 [INFO ] org.springframework.jdbc.datasource.DriverManagerDataSource "Loaded JDBC driver: com.mysql.jdbc.Driver"
2016-04-25 14:49:49.684 [INFO ] org.springframework.jdbc.datasource.init.ResourceDatabasePopulator "Executing SQL script from class path resource [org/springframework/batch/core/schema-drop-hsqldb.sql]"
2016-04-25 14:49:49.689 [INFO ] org.springframework.jdbc.datasource.init.ResourceDatabasePopulator "Done executing SQL script from class path resource [org/springframework/batch/core/schema-drop-hsqldb.sql] in 5 ms."
2016-04-25 14:49:49.689 [INFO ] org.springframework.jdbc.datasource.init.ResourceDatabasePopulator "Executing SQL script from class path resource [org/springframework/batch/core/schema-hsqldb.sql]"
2016-04-25 14:49:49.699 [INFO ] org.springframework.jdbc.datasource.init.ResourceDatabasePopulator "Done executing SQL script from class path resource [org/springframework/batch/core/schema-hsqldb.sql] in 10 ms."
2016-04-25 14:49:49.820 [INFO ] com.zaxxer.hikari.HikariDataSource "springHikariCP - Started."
2016-04-25 14:49:51.701 [INFO ] org.springframework.batch.core.launch.support.SimpleJobLauncher "Job: [FlowJob: [name=robust-export]] launched with the following parameters: [{date=1461570591641, maxThread=2}]"
2016-04-25 14:49:51.725 [INFO ] org.springframework.batch.core.job.SimpleStepHandler "Executing step: [initialization-step]"
