2016-03-28 23:05:15.669 [INFO ] org.springframework.context.support.ClassPathXmlApplicationContext "Refreshing org.springframework.context.support.ClassPathXmlApplicationContext@1c384a7c: startup date [Mon Mar 28 23:05:15 WIB 2016]; root of context hierarchy"
2016-03-28 23:05:15.815 [INFO ] org.springframework.beans.factory.xml.XmlBeanDefinitionReader "Loading XML bean definitions from class path resource [job-definition.xml]"
2016-03-28 23:05:16.467 [INFO ] org.springframework.beans.factory.xml.XmlBeanDefinitionReader "Loading XML bean definitions from class path resource [context.xml]"
2016-03-28 23:05:16.526 [INFO ] org.springframework.beans.factory.xml.XmlBeanDefinitionReader "Loading XML bean definitions from class path resource [database.xml]"
2016-03-28 23:05:16.599 [INFO ] org.springframework.beans.factory.support.DefaultListableBeanFactory "Overriding bean definition for bean 'transactionManager': replacing [Generic bean: class [org.springframework.batch.support.transaction.ResourcelessTransactionManager]; scope=; abstract=false; lazyInit=false; autowireMode=0; dependencyCheck=0; autowireCandidate=true; primary=false; factoryBeanName=null; factoryMethodName=null; initMethodName=null; destroyMethodName=null; defined in class path resource [context.xml]] with [Generic bean: class [org.springframework.batch.support.transaction.ResourcelessTransactionManager]; scope=; abstract=false; lazyInit=false; autowireMode=0; dependencyCheck=0; autowireCandidate=true; primary=false; factoryBeanName=null; factoryMethodName=null; initMethodName=null; destroyMethodName=null; defined in class path resource [database.xml]]"
2016-03-28 23:05:16.736 [INFO ] org.springframework.beans.factory.support.DefaultListableBeanFactory "Overriding bean definition for bean 'robust-export': replacing [Generic bean: class [org.springframework.batch.core.configuration.xml.SimpleFlowFactoryBean]; scope=; abstract=false; lazyInit=false; autowireMode=0; dependencyCheck=0; autowireCandidate=true; primary=false; factoryBeanName=null; factoryMethodName=null; initMethodName=null; destroyMethodName=null] with [Generic bean: class [org.springframework.batch.core.configuration.xml.JobParserJobFactoryBean]; scope=; abstract=false; lazyInit=false; autowireMode=0; dependencyCheck=0; autowireCandidate=true; primary=false; factoryBeanName=null; factoryMethodName=null; initMethodName=null; destroyMethodName=null]"
2016-03-28 23:05:16.927 [INFO ] org.springframework.beans.factory.support.DefaultListableBeanFactory "Pre-instantiating singletons in org.springframework.beans.factory.support.DefaultListableBeanFactory@378a92eb: defining beans [jobRepository,transactionManager,jobLauncher,systemDataSource,targetDataSource,org.springframework.jdbc.datasource.init.DataSourceInitializer#0,checkFileTask,createFileTask,continueTask,org.springframework.batch.core.scope.internalStepScope,org.springframework.beans.factory.config.CustomEditorConfigurer,org.springframework.batch.core.configuration.xml.CoreNamespacePostProcessor,initialization-step,createFileStep,continue-step,robust-export]; root of factory hierarchy"
2016-03-28 23:05:17.017 [INFO ] org.springframework.jdbc.datasource.DriverManagerDataSource "Loaded JDBC driver: org.hsqldb.jdbcDriver"
2016-03-28 23:05:17.559 [INFO ] org.springframework.batch.core.launch.support.SimpleJobLauncher "No TaskExecutor has been set, defaulting to synchronous executor."
2016-03-28 23:05:17.560 [INFO ] org.springframework.jdbc.datasource.DriverManagerDataSource "Loaded JDBC driver: com.mysql.jdbc.Driver"
2016-03-28 23:05:18.165 [INFO ] org.springframework.jdbc.datasource.init.ResourceDatabasePopulator "Executing SQL script from class path resource [org/springframework/batch/core/schema-drop-hsqldb.sql]"
2016-03-28 23:05:18.170 [INFO ] org.springframework.jdbc.datasource.init.ResourceDatabasePopulator "Done executing SQL script from class path resource [org/springframework/batch/core/schema-drop-hsqldb.sql] in 4 ms."
2016-03-28 23:05:18.170 [INFO ] org.springframework.jdbc.datasource.init.ResourceDatabasePopulator "Executing SQL script from class path resource [org/springframework/batch/core/schema-hsqldb.sql]"
2016-03-28 23:05:18.182 [INFO ] org.springframework.jdbc.datasource.init.ResourceDatabasePopulator "Done executing SQL script from class path resource [org/springframework/batch/core/schema-hsqldb.sql] in 12 ms."
2016-03-28 23:05:18.905 [INFO ] org.springframework.batch.core.launch.support.SimpleJobLauncher "Job: [FlowJob: [name=robust-export]] launched with the following parameters: [{date=1459181118678, maxThread=2}]"
2016-03-28 23:05:18.931 [INFO ] org.springframework.batch.core.job.SimpleStepHandler "Executing step: [initialization-step]"
2016-03-28 23:05:42.143 [INFO ] org.springframework.batch.core.job.SimpleStepHandler "Executing step: [createFileStep]"
2016-03-28 23:27:10.668 [INFO ] org.springframework.context.support.ClassPathXmlApplicationContext "Refreshing org.springframework.context.support.ClassPathXmlApplicationContext@2aa613e3: startup date [Mon Mar 28 23:27:10 WIB 2016]; root of context hierarchy"
2016-03-28 23:27:10.746 [INFO ] org.springframework.beans.factory.xml.XmlBeanDefinitionReader "Loading XML bean definitions from class path resource [job-definition.xml]"
2016-03-28 23:27:10.921 [INFO ] org.springframework.beans.factory.xml.XmlBeanDefinitionReader "Loading XML bean definitions from class path resource [context.xml]"
2016-03-28 23:27:10.961 [INFO ] org.springframework.beans.factory.xml.XmlBeanDefinitionReader "Loading XML bean definitions from class path resource [database.xml]"
2016-03-28 23:27:11.003 [INFO ] org.springframework.beans.factory.support.DefaultListableBeanFactory "Overriding bean definition for bean 'transactionManager': replacing [Generic bean: class [org.springframework.batch.support.transaction.ResourcelessTransactionManager]; scope=; abstract=false; lazyInit=false; autowireMode=0; dependencyCheck=0; autowireCandidate=true; primary=false; factoryBeanName=null; factoryMethodName=null; initMethodName=null; destroyMethodName=null; defined in class path resource [context.xml]] with [Generic bean: class [org.springframework.batch.support.transaction.ResourcelessTransactionManager]; scope=; abstract=false; lazyInit=false; autowireMode=0; dependencyCheck=0; autowireCandidate=true; primary=false; factoryBeanName=null; factoryMethodName=null; initMethodName=null; destroyMethodName=null; defined in class path resource [database.xml]]"
2016-03-28 23:27:11.076 [INFO ] org.springframework.beans.factory.support.DefaultListableBeanFactory "Overriding bean definition for bean 'robust-export': replacing [Generic bean: class [org.springframework.batch.core.configuration.xml.SimpleFlowFactoryBean]; scope=; abstract=false; lazyInit=false; autowireMode=0; dependencyCheck=0; autowireCandidate=true; primary=false; factoryBeanName=null; factoryMethodName=null; initMethodName=null; destroyMethodName=null] with [Generic bean: class [org.springframework.batch.core.configuration.xml.JobParserJobFactoryBean]; scope=; abstract=false; lazyInit=false; autowireMode=0; dependencyCheck=0; autowireCandidate=true; primary=false; factoryBeanName=null; factoryMethodName=null; initMethodName=null; destroyMethodName=null]"
2016-03-28 23:27:11.225 [INFO ] org.springframework.beans.factory.support.DefaultListableBeanFactory "Pre-instantiating singletons in org.springframework.beans.factory.support.DefaultListableBeanFactory@1efe2851: defining beans [jobRepository,transactionManager,jobLauncher,systemDataSource,targetDataSource,org.springframework.jdbc.datasource.init.DataSourceInitializer#0,checkFileTask,createFileTask,continueTask,org.springframework.batch.core.scope.internalStepScope,org.springframework.beans.factory.config.CustomEditorConfigurer,org.springframework.batch.core.configuration.xml.CoreNamespacePostProcessor,initialization-step,createFileStep,continue-step,robust-export]; root of factory hierarchy"
2016-03-28 23:27:11.307 [INFO ] org.springframework.jdbc.datasource.DriverManagerDataSource "Loaded JDBC driver: org.hsqldb.jdbcDriver"
2016-03-28 23:27:11.658 [INFO ] org.springframework.batch.core.launch.support.SimpleJobLauncher "No TaskExecutor has been set, defaulting to synchronous executor."
2016-03-28 23:27:11.660 [INFO ] org.springframework.jdbc.datasource.DriverManagerDataSource "Loaded JDBC driver: com.mysql.jdbc.Driver"
2016-03-28 23:27:12.083 [INFO ] org.springframework.jdbc.datasource.init.ResourceDatabasePopulator "Executing SQL script from class path resource [org/springframework/batch/core/schema-drop-hsqldb.sql]"
2016-03-28 23:27:12.087 [INFO ] org.springframework.jdbc.datasource.init.ResourceDatabasePopulator "Done executing SQL script from class path resource [org/springframework/batch/core/schema-drop-hsqldb.sql] in 3 ms."
2016-03-28 23:27:12.087 [INFO ] org.springframework.jdbc.datasource.init.ResourceDatabasePopulator "Executing SQL script from class path resource [org/springframework/batch/core/schema-hsqldb.sql]"
2016-03-28 23:27:12.096 [INFO ] org.springframework.jdbc.datasource.init.ResourceDatabasePopulator "Done executing SQL script from class path resource [org/springframework/batch/core/schema-hsqldb.sql] in 9 ms."
2016-03-28 23:27:12.563 [INFO ] org.springframework.batch.core.launch.support.SimpleJobLauncher "Job: [FlowJob: [name=robust-export]] launched with the following parameters: [{date=1459182432455, maxThread=2}]"
2016-03-28 23:27:12.592 [INFO ] org.springframework.batch.core.job.SimpleStepHandler "Executing step: [initialization-step]"
2016-03-28 23:28:11.600 [INFO ] org.springframework.batch.core.job.SimpleStepHandler "Executing step: [createFileStep]"
2016-03-28 23:29:46.318 [INFO ] org.springframework.context.support.ClassPathXmlApplicationContext "Refreshing org.springframework.context.support.ClassPathXmlApplicationContext@2aa613e3: startup date [Mon Mar 28 23:29:46 WIB 2016]; root of context hierarchy"
2016-03-28 23:29:46.380 [INFO ] org.springframework.beans.factory.xml.XmlBeanDefinitionReader "Loading XML bean definitions from class path resource [job-definition.xml]"
2016-03-28 23:29:46.557 [INFO ] org.springframework.beans.factory.xml.XmlBeanDefinitionReader "Loading XML bean definitions from class path resource [context.xml]"
2016-03-28 23:29:46.613 [INFO ] org.springframework.beans.factory.xml.XmlBeanDefinitionReader "Loading XML bean definitions from class path resource [database.xml]"
2016-03-28 23:29:46.673 [INFO ] org.springframework.beans.factory.support.DefaultListableBeanFactory "Overriding bean definition for bean 'transactionManager': replacing [Generic bean: class [org.springframework.batch.support.transaction.ResourcelessTransactionManager]; scope=; abstract=false; lazyInit=false; autowireMode=0; dependencyCheck=0; autowireCandidate=true; primary=false; factoryBeanName=null; factoryMethodName=null; initMethodName=null; destroyMethodName=null; defined in class path resource [context.xml]] with [Generic bean: class [org.springframework.batch.support.transaction.ResourcelessTransactionManager]; scope=; abstract=false; lazyInit=false; autowireMode=0; dependencyCheck=0; autowireCandidate=true; primary=false; factoryBeanName=null; factoryMethodName=null; initMethodName=null; destroyMethodName=null; defined in class path resource [database.xml]]"
2016-03-28 23:29:46.749 [INFO ] org.springframework.beans.factory.support.DefaultListableBeanFactory "Overriding bean definition for bean 'robust-export': replacing [Generic bean: class [org.springframework.batch.core.configuration.xml.SimpleFlowFactoryBean]; scope=; abstract=false; lazyInit=false; autowireMode=0; dependencyCheck=0; autowireCandidate=true; primary=false; factoryBeanName=null; factoryMethodName=null; initMethodName=null; destroyMethodName=null] with [Generic bean: class [org.springframework.batch.core.configuration.xml.JobParserJobFactoryBean]; scope=; abstract=false; lazyInit=false; autowireMode=0; dependencyCheck=0; autowireCandidate=true; primary=false; factoryBeanName=null; factoryMethodName=null; initMethodName=null; destroyMethodName=null]"
2016-03-28 23:29:46.882 [INFO ] org.springframework.beans.factory.support.DefaultListableBeanFactory "Pre-instantiating singletons in org.springframework.beans.factory.support.DefaultListableBeanFactory@5d2abe5d: defining beans [jobRepository,transactionManager,jobLauncher,systemDataSource,targetDataSource,org.springframework.jdbc.datasource.init.DataSourceInitializer#0,checkFileTask,createFileTask,continueTask,org.springframework.batch.core.scope.internalStepScope,org.springframework.beans.factory.config.CustomEditorConfigurer,org.springframework.batch.core.configuration.xml.CoreNamespacePostProcessor,initialization-step,createFileStep,continue-step,robust-export]; root of factory hierarchy"
2016-03-28 23:29:46.904 [INFO ] org.springframework.jdbc.datasource.DriverManagerDataSource "Loaded JDBC driver: org.hsqldb.jdbcDriver"
2016-03-28 23:29:47.082 [INFO ] org.springframework.batch.core.launch.support.SimpleJobLauncher "No TaskExecutor has been set, defaulting to synchronous executor."
2016-03-28 23:29:47.083 [INFO ] org.springframework.jdbc.datasource.DriverManagerDataSource "Loaded JDBC driver: com.mysql.jdbc.Driver"
2016-03-28 23:29:47.505 [INFO ] org.springframework.jdbc.datasource.init.ResourceDatabasePopulator "Executing SQL script from class path resource [org/springframework/batch/core/schema-drop-hsqldb.sql]"
2016-03-28 23:29:47.509 [INFO ] org.springframework.jdbc.datasource.init.ResourceDatabasePopulator "Done executing SQL script from class path resource [org/springframework/batch/core/schema-drop-hsqldb.sql] in 4 ms."
2016-03-28 23:29:47.509 [INFO ] org.springframework.jdbc.datasource.init.ResourceDatabasePopulator "Executing SQL script from class path resource [org/springframework/batch/core/schema-hsqldb.sql]"
2016-03-28 23:29:47.518 [INFO ] org.springframework.jdbc.datasource.init.ResourceDatabasePopulator "Done executing SQL script from class path resource [org/springframework/batch/core/schema-hsqldb.sql] in 9 ms."
2016-03-28 23:29:47.878 [INFO ] org.springframework.batch.core.launch.support.SimpleJobLauncher "Job: [FlowJob: [name=robust-export]] launched with the following parameters: [{date=1459182587825, maxThread=2}]"
2016-03-28 23:29:47.899 [INFO ] org.springframework.batch.core.job.SimpleStepHandler "Executing step: [initialization-step]"
2016-03-28 23:30:16.149 [INFO ] org.springframework.batch.core.job.SimpleStepHandler "Executing step: [createFileStep]"
