2016-04-22 15:00:18.115 [WARN ] com.zaxxer.hikari.pool.PoolBase "springHikariCP - Failed to validate connection com.mysql.jdbc.JDBC4Connection@7d3c09ec (Communications link failure

The last packet successfully received from the server was 248,730 milliseconds ago.  The last packet sent successfully to the server was 42 milliseconds ago.)"
2016-04-22 15:05:01.633 [INFO ] org.springframework.context.support.ClassPathXmlApplicationContext "Refreshing org.springframework.context.support.ClassPathXmlApplicationContext@3e2055d6: startup date [Fri Apr 22 15:05:01 WIB 2016]; root of context hierarchy"
2016-04-22 15:05:01.697 [INFO ] org.springframework.beans.factory.xml.XmlBeanDefinitionReader "Loading XML bean definitions from class path resource [job-definition.xml]"
2016-04-22 15:05:01.868 [INFO ] org.springframework.beans.factory.xml.XmlBeanDefinitionReader "Loading XML bean definitions from class path resource [context.xml]"
2016-04-22 15:05:01.919 [INFO ] org.springframework.beans.factory.xml.XmlBeanDefinitionReader "Loading XML bean definitions from class path resource [database.xml]"
2016-04-22 15:05:01.952 [INFO ] org.springframework.beans.factory.support.DefaultListableBeanFactory "Overriding bean definition for bean 'transactionManager': replacing [Generic bean: class [org.springframework.batch.support.transaction.ResourcelessTransactionManager]; scope=; abstract=false; lazyInit=false; autowireMode=0; dependencyCheck=0; autowireCandidate=true; primary=false; factoryBeanName=null; factoryMethodName=null; initMethodName=null; destroyMethodName=null; defined in class path resource [context.xml]] with [Generic bean: class [org.springframework.batch.support.transaction.ResourcelessTransactionManager]; scope=; abstract=false; lazyInit=false; autowireMode=0; dependencyCheck=0; autowireCandidate=true; primary=false; factoryBeanName=null; factoryMethodName=null; initMethodName=null; destroyMethodName=null; defined in class path resource [database.xml]]"
2016-04-22 15:05:02.006 [INFO ] org.springframework.beans.factory.support.DefaultListableBeanFactory "Overriding bean definition for bean 'robust-export': replacing [Generic bean: class [org.springframework.batch.core.configuration.xml.SimpleFlowFactoryBean]; scope=; abstract=false; lazyInit=false; autowireMode=0; dependencyCheck=0; autowireCandidate=true; primary=false; factoryBeanName=null; factoryMethodName=null; initMethodName=null; destroyMethodName=null] with [Generic bean: class [org.springframework.batch.core.configuration.xml.JobParserJobFactoryBean]; scope=; abstract=false; lazyInit=false; autowireMode=0; dependencyCheck=0; autowireCandidate=true; primary=false; factoryBeanName=null; factoryMethodName=null; initMethodName=null; destroyMethodName=null]"
2016-04-22 15:05:02.172 [INFO ] org.springframework.beans.factory.support.DefaultListableBeanFactory "Pre-instantiating singletons in org.springframework.beans.factory.support.DefaultListableBeanFactory@7cbc3762: defining beans [jobRepository,transactionManager,jobLauncher,systemDataSource,targetDataSource,org.springframework.jdbc.datasource.init.DataSourceInitializer#0,checkFileTask,createFileTask,continueTask,org.springframework.batch.core.scope.internalStepScope,org.springframework.beans.factory.config.CustomEditorConfigurer,org.springframework.batch.core.configuration.xml.CoreNamespacePostProcessor,initialization-step,createFileStep,continue-step,robust-export]; root of factory hierarchy"
2016-04-22 15:05:02.222 [INFO ] org.springframework.jdbc.datasource.DriverManagerDataSource "Loaded JDBC driver: org.hsqldb.jdbcDriver"
2016-04-22 15:05:02.612 [INFO ] org.springframework.batch.core.launch.support.SimpleJobLauncher "No TaskExecutor has been set, defaulting to synchronous executor."
2016-04-22 15:05:02.619 [INFO ] org.springframework.jdbc.datasource.DriverManagerDataSource "Loaded JDBC driver: com.mysql.jdbc.Driver"
2016-04-22 15:05:03.041 [INFO ] org.springframework.jdbc.datasource.init.ResourceDatabasePopulator "Executing SQL script from class path resource [org/springframework/batch/core/schema-drop-hsqldb.sql]"
2016-04-22 15:05:03.046 [INFO ] org.springframework.jdbc.datasource.init.ResourceDatabasePopulator "Done executing SQL script from class path resource [org/springframework/batch/core/schema-drop-hsqldb.sql] in 5 ms."
2016-04-22 15:05:03.046 [INFO ] org.springframework.jdbc.datasource.init.ResourceDatabasePopulator "Executing SQL script from class path resource [org/springframework/batch/core/schema-hsqldb.sql]"
2016-04-22 15:05:03.056 [INFO ] org.springframework.jdbc.datasource.init.ResourceDatabasePopulator "Done executing SQL script from class path resource [org/springframework/batch/core/schema-hsqldb.sql] in 9 ms."
2016-04-22 15:05:03.236 [INFO ] com.zaxxer.hikari.HikariDataSource "springHikariCP - Started."
2016-04-22 15:22:37.557 [INFO ] org.springframework.batch.core.launch.support.SimpleJobLauncher "Job: [FlowJob: [name=robust-export]] launched with the following parameters: [{date=1461313356796, maxThread=2}]"
2016-04-22 15:22:37.655 [INFO ] org.springframework.batch.core.job.SimpleStepHandler "Executing step: [initialization-step]"
2016-04-22 15:22:50.598 [INFO ] org.springframework.batch.core.job.SimpleStepHandler "Executing step: [createFileStep]"
2016-04-22 15:23:25.819 [ERROR] org.springframework.batch.core.step.AbstractStep "Encountered an error executing the step"
java.lang.NullPointerException
	at com.numazu.export.util.PushIOSThread.getDeviceToken(PushIOSThread.java:97) ~[bin/:?]
	at com.numazu.export.task.CreateFileTask.doLoopSendToJms2(CreateFileTask.java:192) ~[bin/:?]
	at com.numazu.export.task.CreateFileTask.lambda$1(CreateFileTask.java:129) ~[bin/:?]
	at java.util.stream.ForEachOps$ForEachOp$OfRef.accept(ForEachOps.java:184) ~[?:1.8.0_60]
	at java.util.ArrayList$ArrayListSpliterator.forEachRemaining(ArrayList.java:1374) ~[?:1.8.0_60]
	at java.util.stream.AbstractPipeline.copyInto(AbstractPipeline.java:481) ~[?:1.8.0_60]
	at java.util.stream.AbstractPipeline.wrapAndCopyInto(AbstractPipeline.java:471) ~[?:1.8.0_60]
	at java.util.stream.ForEachOps$ForEachOrderedTask.onCompletion(ForEachOps.java:495) ~[?:1.8.0_60]
	at java.util.concurrent.CountedCompleter.tryComplete(CountedCompleter.java:577) ~[?:1.8.0_60]
	at java.util.stream.ForEachOps$ForEachOrderedTask.doCompute(ForEachOps.java:483) ~[?:1.8.0_60]
	at java.util.stream.ForEachOps$ForEachOrderedTask.compute(ForEachOps.java:400) ~[?:1.8.0_60]
	at java.util.concurrent.CountedCompleter.exec(CountedCompleter.java:731) ~[?:1.8.0_60]
	at java.util.concurrent.ForkJoinTask.doExec(ForkJoinTask.java:289) ~[?:1.8.0_60]
	at java.util.concurrent.ForkJoinPool.helpComplete(ForkJoinPool.java:1870) ~[?:1.8.0_60]
	at java.util.concurrent.ForkJoinPool.externalHelpComplete(ForkJoinPool.java:2467) ~[?:1.8.0_60]
	at java.util.concurrent.ForkJoinTask.externalAwaitDone(ForkJoinTask.java:324) ~[?:1.8.0_60]
	at java.util.concurrent.ForkJoinTask.doInvoke(ForkJoinTask.java:405) ~[?:1.8.0_60]
	at java.util.concurrent.ForkJoinTask.invoke(ForkJoinTask.java:734) ~[?:1.8.0_60]
	at java.util.stream.ForEachOps$ForEachOp.evaluateParallel(ForEachOps.java:158) ~[?:1.8.0_60]
	at java.util.stream.ForEachOps$ForEachOp$OfRef.evaluateParallel(ForEachOps.java:174) ~[?:1.8.0_60]
	at java.util.stream.AbstractPipeline.evaluate(AbstractPipeline.java:233) ~[?:1.8.0_60]
	at java.util.stream.ReferencePipeline.forEachOrdered(ReferencePipeline.java:423) ~[?:1.8.0_60]
	at java.util.stream.ReferencePipeline$Head.forEachOrdered(ReferencePipeline.java:593) ~[?:1.8.0_60]
	at com.numazu.export.task.CreateFileTask.createFile(CreateFileTask.java:129) ~[bin/:?]
	at com.numazu.export.task.CreateFileTask.checkStepRunning(CreateFileTask.java:73) ~[bin/:?]
	at com.numazu.export.task.CreateFileTask.execute(CreateFileTask.java:61) ~[bin/:?]
	at org.springframework.batch.core.step.tasklet.TaskletStep$ChunkTransactionCallback.doInTransaction(TaskletStep.java:395) ~[spring-batch-core-2.2.0.RELEASE.jar:?]
	at org.springframework.transaction.support.TransactionTemplate.execute(TransactionTemplate.java:130) ~[spring-tx-3.2.0.RELEASE.jar:3.2.0.RELEASE]
	at org.springframework.batch.core.step.tasklet.TaskletStep$2.doInChunkContext(TaskletStep.java:267) ~[spring-batch-core-2.2.0.RELEASE.jar:?]
	at org.springframework.batch.core.scope.context.StepContextRepeatCallback.doInIteration(StepContextRepeatCallback.java:77) ~[spring-batch-core-2.2.0.RELEASE.jar:?]
	at org.springframework.batch.repeat.support.RepeatTemplate.getNextResult(RepeatTemplate.java:368) ~[spring-batch-infrastructure-2.2.0.RELEASE.jar:?]
	at org.springframework.batch.repeat.support.RepeatTemplate.executeInternal(RepeatTemplate.java:215) ~[spring-batch-infrastructure-2.2.0.RELEASE.jar:?]
	at org.springframework.batch.repeat.support.RepeatTemplate.iterate(RepeatTemplate.java:144) ~[spring-batch-infrastructure-2.2.0.RELEASE.jar:?]
	at org.springframework.batch.core.step.tasklet.TaskletStep.doExecute(TaskletStep.java:253) ~[spring-batch-core-2.2.0.RELEASE.jar:?]
	at org.springframework.batch.core.step.AbstractStep.execute(AbstractStep.java:195) [spring-batch-core-2.2.0.RELEASE.jar:?]
	at org.springframework.batch.core.job.SimpleStepHandler.handleStep(SimpleStepHandler.java:137) [spring-batch-core-2.2.0.RELEASE.jar:?]
	at org.springframework.batch.core.job.flow.JobFlowExecutor.executeStep(JobFlowExecutor.java:64) [spring-batch-core-2.2.0.RELEASE.jar:?]
	at org.springframework.batch.core.job.flow.support.state.StepState.handle(StepState.java:60) [spring-batch-core-2.2.0.RELEASE.jar:?]
	at org.springframework.batch.core.job.flow.support.SimpleFlow.resume(SimpleFlow.java:152) [spring-batch-core-2.2.0.RELEASE.jar:?]
	at org.springframework.batch.core.job.flow.support.SimpleFlow.start(SimpleFlow.java:131) [spring-batch-core-2.2.0.RELEASE.jar:?]
	at org.springframework.batch.core.job.flow.FlowJob.doExecute(FlowJob.java:135) [spring-batch-core-2.2.0.RELEASE.jar:?]
	at org.springframework.batch.core.job.AbstractJob.execute(AbstractJob.java:301) [spring-batch-core-2.2.0.RELEASE.jar:?]
	at org.springframework.batch.core.launch.support.SimpleJobLauncher$1.run(SimpleJobLauncher.java:134) [spring-batch-core-2.2.0.RELEASE.jar:?]
	at org.springframework.core.task.SyncTaskExecutor.execute(SyncTaskExecutor.java:48) [spring-core-3.2.0.RELEASE.jar:3.2.0.RELEASE]
	at org.springframework.batch.core.launch.support.SimpleJobLauncher.run(SimpleJobLauncher.java:127) [spring-batch-core-2.2.0.RELEASE.jar:?]
	at com.numazu.export.Application.runJob(Application.java:88) [bin/:?]
	at com.numazu.export.Application.main(Application.java:38) [bin/:?]
2016-04-22 15:23:25.849 [INFO ] org.springframework.batch.core.launch.support.SimpleJobLauncher "Job: [FlowJob: [name=robust-export]] completed with the following parameters: [{date=1461313356796, maxThread=2}] and the following status: [FAILED]"
2016-04-22 15:23:25.850 [INFO ] com.numazu.export.Application "Exit status Servisis = FAILED"
2016-04-22 15:23:53.523 [INFO ] org.springframework.context.support.ClassPathXmlApplicationContext "Refreshing org.springframework.context.support.ClassPathXmlApplicationContext@3e2055d6: startup date [Fri Apr 22 15:23:53 WIB 2016]; root of context hierarchy"
2016-04-22 15:23:53.565 [INFO ] org.springframework.beans.factory.xml.XmlBeanDefinitionReader "Loading XML bean definitions from class path resource [job-definition.xml]"
2016-04-22 15:23:53.686 [INFO ] org.springframework.beans.factory.xml.XmlBeanDefinitionReader "Loading XML bean definitions from class path resource [context.xml]"
2016-04-22 15:23:53.723 [INFO ] org.springframework.beans.factory.xml.XmlBeanDefinitionReader "Loading XML bean definitions from class path resource [database.xml]"
2016-04-22 15:23:53.749 [INFO ] org.springframework.beans.factory.support.DefaultListableBeanFactory "Overriding bean definition for bean 'transactionManager': replacing [Generic bean: class [org.springframework.batch.support.transaction.ResourcelessTransactionManager]; scope=; abstract=false; lazyInit=false; autowireMode=0; dependencyCheck=0; autowireCandidate=true; primary=false; factoryBeanName=null; factoryMethodName=null; initMethodName=null; destroyMethodName=null; defined in class path resource [context.xml]] with [Generic bean: class [org.springframework.batch.support.transaction.ResourcelessTransactionManager]; scope=; abstract=false; lazyInit=false; autowireMode=0; dependencyCheck=0; autowireCandidate=true; primary=false; factoryBeanName=null; factoryMethodName=null; initMethodName=null; destroyMethodName=null; defined in class path resource [database.xml]]"
2016-04-22 15:23:53.813 [INFO ] org.springframework.beans.factory.support.DefaultListableBeanFactory "Overriding bean definition for bean 'robust-export': replacing [Generic bean: class [org.springframework.batch.core.configuration.xml.SimpleFlowFactoryBean]; scope=; abstract=false; lazyInit=false; autowireMode=0; dependencyCheck=0; autowireCandidate=true; primary=false; factoryBeanName=null; factoryMethodName=null; initMethodName=null; destroyMethodName=null] with [Generic bean: class [org.springframework.batch.core.configuration.xml.JobParserJobFactoryBean]; scope=; abstract=false; lazyInit=false; autowireMode=0; dependencyCheck=0; autowireCandidate=true; primary=false; factoryBeanName=null; factoryMethodName=null; initMethodName=null; destroyMethodName=null]"
2016-04-22 15:23:53.948 [INFO ] org.springframework.beans.factory.support.DefaultListableBeanFactory "Pre-instantiating singletons in org.springframework.beans.factory.support.DefaultListableBeanFactory@6d23017e: defining beans [jobRepository,transactionManager,jobLauncher,systemDataSource,targetDataSource,org.springframework.jdbc.datasource.init.DataSourceInitializer#0,checkFileTask,createFileTask,continueTask,org.springframework.batch.core.scope.internalStepScope,org.springframework.beans.factory.config.CustomEditorConfigurer,org.springframework.batch.core.configuration.xml.CoreNamespacePostProcessor,initialization-step,createFileStep,continue-step,robust-export]; root of factory hierarchy"
2016-04-22 15:23:53.992 [INFO ] org.springframework.jdbc.datasource.DriverManagerDataSource "Loaded JDBC driver: org.hsqldb.jdbcDriver"
2016-04-22 15:23:54.241 [INFO ] org.springframework.batch.core.launch.support.SimpleJobLauncher "No TaskExecutor has been set, defaulting to synchronous executor."
2016-04-22 15:23:54.243 [INFO ] org.springframework.jdbc.datasource.DriverManagerDataSource "Loaded JDBC driver: com.mysql.jdbc.Driver"
2016-04-22 15:23:54.615 [INFO ] org.springframework.jdbc.datasource.init.ResourceDatabasePopulator "Executing SQL script from class path resource [org/springframework/batch/core/schema-drop-hsqldb.sql]"
2016-04-22 15:23:54.619 [INFO ] org.springframework.jdbc.datasource.init.ResourceDatabasePopulator "Done executing SQL script from class path resource [org/springframework/batch/core/schema-drop-hsqldb.sql] in 4 ms."
2016-04-22 15:23:54.619 [INFO ] org.springframework.jdbc.datasource.init.ResourceDatabasePopulator "Executing SQL script from class path resource [org/springframework/batch/core/schema-hsqldb.sql]"
2016-04-22 15:23:54.629 [INFO ] org.springframework.jdbc.datasource.init.ResourceDatabasePopulator "Done executing SQL script from class path resource [org/springframework/batch/core/schema-hsqldb.sql] in 10 ms."
2016-04-22 15:23:54.763 [INFO ] com.zaxxer.hikari.HikariDataSource "springHikariCP - Started."
2016-04-22 15:27:34.055 [INFO ] org.springframework.batch.core.launch.support.SimpleJobLauncher "Job: [FlowJob: [name=robust-export]] launched with the following parameters: [{date=1461313653363, maxThread=2}]"
2016-04-22 15:27:34.137 [INFO ] org.springframework.batch.core.job.SimpleStepHandler "Executing step: [initialization-step]"
2016-04-22 15:27:51.393 [INFO ] org.springframework.batch.core.job.SimpleStepHandler "Executing step: [createFileStep]"
2016-04-22 15:28:27.904 [INFO ] org.springframework.context.support.ClassPathXmlApplicationContext "Refreshing org.springframework.context.support.ClassPathXmlApplicationContext@3e2055d6: startup date [Fri Apr 22 15:28:27 WIB 2016]; root of context hierarchy"
2016-04-22 15:28:27.947 [INFO ] org.springframework.beans.factory.xml.XmlBeanDefinitionReader "Loading XML bean definitions from class path resource [job-definition.xml]"
2016-04-22 15:28:28.071 [INFO ] org.springframework.beans.factory.xml.XmlBeanDefinitionReader "Loading XML bean definitions from class path resource [context.xml]"
2016-04-22 15:28:28.109 [INFO ] org.springframework.beans.factory.xml.XmlBeanDefinitionReader "Loading XML bean definitions from class path resource [database.xml]"
2016-04-22 15:28:28.136 [INFO ] org.springframework.beans.factory.support.DefaultListableBeanFactory "Overriding bean definition for bean 'transactionManager': replacing [Generic bean: class [org.springframework.batch.support.transaction.ResourcelessTransactionManager]; scope=; abstract=false; lazyInit=false; autowireMode=0; dependencyCheck=0; autowireCandidate=true; primary=false; factoryBeanName=null; factoryMethodName=null; initMethodName=null; destroyMethodName=null; defined in class path resource [context.xml]] with [Generic bean: class [org.springframework.batch.support.transaction.ResourcelessTransactionManager]; scope=; abstract=false; lazyInit=false; autowireMode=0; dependencyCheck=0; autowireCandidate=true; primary=false; factoryBeanName=null; factoryMethodName=null; initMethodName=null; destroyMethodName=null; defined in class path resource [database.xml]]"
2016-04-22 15:28:28.193 [INFO ] org.springframework.beans.factory.support.DefaultListableBeanFactory "Overriding bean definition for bean 'robust-export': replacing [Generic bean: class [org.springframework.batch.core.configuration.xml.SimpleFlowFactoryBean]; scope=; abstract=false; lazyInit=false; autowireMode=0; dependencyCheck=0; autowireCandidate=true; primary=false; factoryBeanName=null; factoryMethodName=null; initMethodName=null; destroyMethodName=null] with [Generic bean: class [org.springframework.batch.core.configuration.xml.JobParserJobFactoryBean]; scope=; abstract=false; lazyInit=false; autowireMode=0; dependencyCheck=0; autowireCandidate=true; primary=false; factoryBeanName=null; factoryMethodName=null; initMethodName=null; destroyMethodName=null]"
2016-04-22 15:28:28.377 [INFO ] org.springframework.beans.factory.support.DefaultListableBeanFactory "Pre-instantiating singletons in org.springframework.beans.factory.support.DefaultListableBeanFactory@6d23017e: defining beans [jobRepository,transactionManager,jobLauncher,systemDataSource,targetDataSource,org.springframework.jdbc.datasource.init.DataSourceInitializer#0,checkFileTask,createFileTask,continueTask,org.springframework.batch.core.scope.internalStepScope,org.springframework.beans.factory.config.CustomEditorConfigurer,org.springframework.batch.core.configuration.xml.CoreNamespacePostProcessor,initialization-step,createFileStep,continue-step,robust-export]; root of factory hierarchy"
2016-04-22 15:28:28.413 [INFO ] org.springframework.jdbc.datasource.DriverManagerDataSource "Loaded JDBC driver: org.hsqldb.jdbcDriver"
2016-04-22 15:28:28.635 [INFO ] org.springframework.batch.core.launch.support.SimpleJobLauncher "No TaskExecutor has been set, defaulting to synchronous executor."
2016-04-22 15:28:28.637 [INFO ] org.springframework.jdbc.datasource.DriverManagerDataSource "Loaded JDBC driver: com.mysql.jdbc.Driver"
2016-04-22 15:28:29.023 [INFO ] org.springframework.jdbc.datasource.init.ResourceDatabasePopulator "Executing SQL script from class path resource [org/springframework/batch/core/schema-drop-hsqldb.sql]"
2016-04-22 15:28:29.028 [INFO ] org.springframework.jdbc.datasource.init.ResourceDatabasePopulator "Done executing SQL script from class path resource [org/springframework/batch/core/schema-drop-hsqldb.sql] in 5 ms."
2016-04-22 15:28:29.029 [INFO ] org.springframework.jdbc.datasource.init.ResourceDatabasePopulator "Executing SQL script from class path resource [org/springframework/batch/core/schema-hsqldb.sql]"
2016-04-22 15:28:29.039 [INFO ] org.springframework.jdbc.datasource.init.ResourceDatabasePopulator "Done executing SQL script from class path resource [org/springframework/batch/core/schema-hsqldb.sql] in 10 ms."
2016-04-22 15:28:29.182 [INFO ] com.zaxxer.hikari.HikariDataSource "springHikariCP - Started."
2016-04-22 15:28:34.095 [INFO ] org.springframework.batch.core.launch.support.SimpleJobLauncher "Job: [FlowJob: [name=robust-export]] launched with the following parameters: [{date=1461313714033, maxThread=2}]"
2016-04-22 15:28:34.128 [INFO ] org.springframework.batch.core.job.SimpleStepHandler "Executing step: [initialization-step]"
2016-04-22 15:28:36.612 [INFO ] org.springframework.batch.core.job.SimpleStepHandler "Executing step: [createFileStep]"
2016-04-22 15:30:13.460 [INFO ] org.springframework.context.support.ClassPathXmlApplicationContext "Refreshing org.springframework.context.support.ClassPathXmlApplicationContext@50f6ac94: startup date [Fri Apr 22 15:30:13 WIB 2016]; root of context hierarchy"
2016-04-22 15:30:13.501 [INFO ] org.springframework.beans.factory.xml.XmlBeanDefinitionReader "Loading XML bean definitions from class path resource [job-definition.xml]"
2016-04-22 15:30:13.649 [INFO ] org.springframework.beans.factory.xml.XmlBeanDefinitionReader "Loading XML bean definitions from class path resource [context.xml]"
2016-04-22 15:30:13.691 [INFO ] org.springframework.beans.factory.xml.XmlBeanDefinitionReader "Loading XML bean definitions from class path resource [database.xml]"
2016-04-22 15:30:13.719 [INFO ] org.springframework.beans.factory.support.DefaultListableBeanFactory "Overriding bean definition for bean 'transactionManager': replacing [Generic bean: class [org.springframework.batch.support.transaction.ResourcelessTransactionManager]; scope=; abstract=false; lazyInit=false; autowireMode=0; dependencyCheck=0; autowireCandidate=true; primary=false; factoryBeanName=null; factoryMethodName=null; initMethodName=null; destroyMethodName=null; defined in class path resource [context.xml]] with [Generic bean: class [org.springframework.batch.support.transaction.ResourcelessTransactionManager]; scope=; abstract=false; lazyInit=false; autowireMode=0; dependencyCheck=0; autowireCandidate=true; primary=false; factoryBeanName=null; factoryMethodName=null; initMethodName=null; destroyMethodName=null; defined in class path resource [database.xml]]"
2016-04-22 15:30:13.778 [INFO ] org.springframework.beans.factory.support.DefaultListableBeanFactory "Overriding bean definition for bean 'robust-export': replacing [Generic bean: class [org.springframework.batch.core.configuration.xml.SimpleFlowFactoryBean]; scope=; abstract=false; lazyInit=false; autowireMode=0; dependencyCheck=0; autowireCandidate=true; primary=false; factoryBeanName=null; factoryMethodName=null; initMethodName=null; destroyMethodName=null] with [Generic bean: class [org.springframework.batch.core.configuration.xml.JobParserJobFactoryBean]; scope=; abstract=false; lazyInit=false; autowireMode=0; dependencyCheck=0; autowireCandidate=true; primary=false; factoryBeanName=null; factoryMethodName=null; initMethodName=null; destroyMethodName=null]"
2016-04-22 15:30:13.920 [INFO ] org.springframework.beans.factory.support.DefaultListableBeanFactory "Pre-instantiating singletons in org.springframework.beans.factory.support.DefaultListableBeanFactory@5553d0f5: defining beans [jobRepository,transactionManager,jobLauncher,systemDataSource,targetDataSource,org.springframework.jdbc.datasource.init.DataSourceInitializer#0,checkFileTask,createFileTask,continueTask,org.springframework.batch.core.scope.internalStepScope,org.springframework.beans.factory.config.CustomEditorConfigurer,org.springframework.batch.core.configuration.xml.CoreNamespacePostProcessor,initialization-step,createFileStep,continue-step,robust-export]; root of factory hierarchy"
2016-04-22 15:30:13.952 [INFO ] org.springframework.jdbc.datasource.DriverManagerDataSource "Loaded JDBC driver: org.hsqldb.jdbcDriver"
2016-04-22 15:30:14.189 [INFO ] org.springframework.batch.core.launch.support.SimpleJobLauncher "No TaskExecutor has been set, defaulting to synchronous executor."
2016-04-22 15:30:14.191 [INFO ] org.springframework.jdbc.datasource.DriverManagerDataSource "Loaded JDBC driver: com.mysql.jdbc.Driver"
2016-04-22 15:30:14.588 [INFO ] org.springframework.jdbc.datasource.init.ResourceDatabasePopulator "Executing SQL script from class path resource [org/springframework/batch/core/schema-drop-hsqldb.sql]"
2016-04-22 15:30:14.594 [INFO ] org.springframework.jdbc.datasource.init.ResourceDatabasePopulator "Done executing SQL script from class path resource [org/springframework/batch/core/schema-drop-hsqldb.sql] in 6 ms."
2016-04-22 15:30:14.594 [INFO ] org.springframework.jdbc.datasource.init.ResourceDatabasePopulator "Executing SQL script from class path resource [org/springframework/batch/core/schema-hsqldb.sql]"
2016-04-22 15:30:14.605 [INFO ] org.springframework.jdbc.datasource.init.ResourceDatabasePopulator "Done executing SQL script from class path resource [org/springframework/batch/core/schema-hsqldb.sql] in 11 ms."
2016-04-22 15:30:14.756 [INFO ] com.zaxxer.hikari.HikariDataSource "springHikariCP - Started."
2016-04-22 15:31:10.803 [INFO ] org.springframework.context.support.ClassPathXmlApplicationContext "Refreshing org.springframework.context.support.ClassPathXmlApplicationContext@3e2055d6: startup date [Fri Apr 22 15:31:10 WIB 2016]; root of context hierarchy"
2016-04-22 15:31:10.850 [INFO ] org.springframework.beans.factory.xml.XmlBeanDefinitionReader "Loading XML bean definitions from class path resource [job-definition.xml]"
2016-04-22 15:31:10.976 [INFO ] org.springframework.beans.factory.xml.XmlBeanDefinitionReader "Loading XML bean definitions from class path resource [context.xml]"
2016-04-22 15:31:11.014 [INFO ] org.springframework.beans.factory.xml.XmlBeanDefinitionReader "Loading XML bean definitions from class path resource [database.xml]"
2016-04-22 15:31:11.041 [INFO ] org.springframework.beans.factory.support.DefaultListableBeanFactory "Overriding bean definition for bean 'transactionManager': replacing [Generic bean: class [org.springframework.batch.support.transaction.ResourcelessTransactionManager]; scope=; abstract=false; lazyInit=false; autowireMode=0; dependencyCheck=0; autowireCandidate=true; primary=false; factoryBeanName=null; factoryMethodName=null; initMethodName=null; destroyMethodName=null; defined in class path resource [context.xml]] with [Generic bean: class [org.springframework.batch.support.transaction.ResourcelessTransactionManager]; scope=; abstract=false; lazyInit=false; autowireMode=0; dependencyCheck=0; autowireCandidate=true; primary=false; factoryBeanName=null; factoryMethodName=null; initMethodName=null; destroyMethodName=null; defined in class path resource [database.xml]]"
2016-04-22 15:31:11.099 [INFO ] org.springframework.beans.factory.support.DefaultListableBeanFactory "Overriding bean definition for bean 'robust-export': replacing [Generic bean: class [org.springframework.batch.core.configuration.xml.SimpleFlowFactoryBean]; scope=; abstract=false; lazyInit=false; autowireMode=0; dependencyCheck=0; autowireCandidate=true; primary=false; factoryBeanName=null; factoryMethodName=null; initMethodName=null; destroyMethodName=null] with [Generic bean: class [org.springframework.batch.core.configuration.xml.JobParserJobFactoryBean]; scope=; abstract=false; lazyInit=false; autowireMode=0; dependencyCheck=0; autowireCandidate=true; primary=false; factoryBeanName=null; factoryMethodName=null; initMethodName=null; destroyMethodName=null]"
2016-04-22 15:31:11.288 [INFO ] org.springframework.beans.factory.support.DefaultListableBeanFactory "Pre-instantiating singletons in org.springframework.beans.factory.support.DefaultListableBeanFactory@7cbc3762: defining beans [jobRepository,transactionManager,jobLauncher,systemDataSource,targetDataSource,org.springframework.jdbc.datasource.init.DataSourceInitializer#0,checkFileTask,createFileTask,continueTask,org.springframework.batch.core.scope.internalStepScope,org.springframework.beans.factory.config.CustomEditorConfigurer,org.springframework.batch.core.configuration.xml.CoreNamespacePostProcessor,initialization-step,createFileStep,continue-step,robust-export]; root of factory hierarchy"
2016-04-22 15:31:11.321 [INFO ] org.springframework.jdbc.datasource.DriverManagerDataSource "Loaded JDBC driver: org.hsqldb.jdbcDriver"
2016-04-22 15:31:11.558 [INFO ] org.springframework.batch.core.launch.support.SimpleJobLauncher "No TaskExecutor has been set, defaulting to synchronous executor."
2016-04-22 15:31:11.560 [INFO ] org.springframework.jdbc.datasource.DriverManagerDataSource "Loaded JDBC driver: com.mysql.jdbc.Driver"
2016-04-22 15:31:11.950 [INFO ] org.springframework.jdbc.datasource.init.ResourceDatabasePopulator "Executing SQL script from class path resource [org/springframework/batch/core/schema-drop-hsqldb.sql]"
2016-04-22 15:31:11.954 [INFO ] org.springframework.jdbc.datasource.init.ResourceDatabasePopulator "Done executing SQL script from class path resource [org/springframework/batch/core/schema-drop-hsqldb.sql] in 4 ms."
2016-04-22 15:31:11.955 [INFO ] org.springframework.jdbc.datasource.init.ResourceDatabasePopulator "Executing SQL script from class path resource [org/springframework/batch/core/schema-hsqldb.sql]"
2016-04-22 15:31:11.965 [INFO ] org.springframework.jdbc.datasource.init.ResourceDatabasePopulator "Done executing SQL script from class path resource [org/springframework/batch/core/schema-hsqldb.sql] in 10 ms."
2016-04-22 15:31:12.101 [INFO ] com.zaxxer.hikari.HikariDataSource "springHikariCP - Started."
2016-04-22 15:31:32.678 [INFO ] org.springframework.context.support.ClassPathXmlApplicationContext "Refreshing org.springframework.context.support.ClassPathXmlApplicationContext@3e2055d6: startup date [Fri Apr 22 15:31:32 WIB 2016]; root of context hierarchy"
2016-04-22 15:31:32.726 [INFO ] org.springframework.beans.factory.xml.XmlBeanDefinitionReader "Loading XML bean definitions from class path resource [job-definition.xml]"
2016-04-22 15:31:32.863 [INFO ] org.springframework.beans.factory.xml.XmlBeanDefinitionReader "Loading XML bean definitions from class path resource [context.xml]"
2016-04-22 15:31:32.902 [INFO ] org.springframework.beans.factory.xml.XmlBeanDefinitionReader "Loading XML bean definitions from class path resource [database.xml]"
2016-04-22 15:31:32.931 [INFO ] org.springframework.beans.factory.support.DefaultListableBeanFactory "Overriding bean definition for bean 'transactionManager': replacing [Generic bean: class [org.springframework.batch.support.transaction.ResourcelessTransactionManager]; scope=; abstract=false; lazyInit=false; autowireMode=0; dependencyCheck=0; autowireCandidate=true; primary=false; factoryBeanName=null; factoryMethodName=null; initMethodName=null; destroyMethodName=null; defined in class path resource [context.xml]] with [Generic bean: class [org.springframework.batch.support.transaction.ResourcelessTransactionManager]; scope=; abstract=false; lazyInit=false; autowireMode=0; dependencyCheck=0; autowireCandidate=true; primary=false; factoryBeanName=null; factoryMethodName=null; initMethodName=null; destroyMethodName=null; defined in class path resource [database.xml]]"
2016-04-22 15:31:32.984 [INFO ] org.springframework.beans.factory.support.DefaultListableBeanFactory "Overriding bean definition for bean 'robust-export': replacing [Generic bean: class [org.springframework.batch.core.configuration.xml.SimpleFlowFactoryBean]; scope=; abstract=false; lazyInit=false; autowireMode=0; dependencyCheck=0; autowireCandidate=true; primary=false; factoryBeanName=null; factoryMethodName=null; initMethodName=null; destroyMethodName=null] with [Generic bean: class [org.springframework.batch.core.configuration.xml.JobParserJobFactoryBean]; scope=; abstract=false; lazyInit=false; autowireMode=0; dependencyCheck=0; autowireCandidate=true; primary=false; factoryBeanName=null; factoryMethodName=null; initMethodName=null; destroyMethodName=null]"
2016-04-22 15:31:33.143 [INFO ] org.springframework.beans.factory.support.DefaultListableBeanFactory "Pre-instantiating singletons in org.springframework.beans.factory.support.DefaultListableBeanFactory@7cbc3762: defining beans [jobRepository,transactionManager,jobLauncher,systemDataSource,targetDataSource,org.springframework.jdbc.datasource.init.DataSourceInitializer#0,checkFileTask,createFileTask,continueTask,org.springframework.batch.core.scope.internalStepScope,org.springframework.beans.factory.config.CustomEditorConfigurer,org.springframework.batch.core.configuration.xml.CoreNamespacePostProcessor,initialization-step,createFileStep,continue-step,robust-export]; root of factory hierarchy"
2016-04-22 15:31:33.178 [INFO ] org.springframework.jdbc.datasource.DriverManagerDataSource "Loaded JDBC driver: org.hsqldb.jdbcDriver"
2016-04-22 15:31:33.443 [INFO ] org.springframework.batch.core.launch.support.SimpleJobLauncher "No TaskExecutor has been set, defaulting to synchronous executor."
2016-04-22 15:31:33.445 [INFO ] org.springframework.jdbc.datasource.DriverManagerDataSource "Loaded JDBC driver: com.mysql.jdbc.Driver"
2016-04-22 15:31:33.812 [INFO ] org.springframework.jdbc.datasource.init.ResourceDatabasePopulator "Executing SQL script from class path resource [org/springframework/batch/core/schema-drop-hsqldb.sql]"
2016-04-22 15:31:33.818 [INFO ] org.springframework.jdbc.datasource.init.ResourceDatabasePopulator "Done executing SQL script from class path resource [org/springframework/batch/core/schema-drop-hsqldb.sql] in 5 ms."
2016-04-22 15:31:33.818 [INFO ] org.springframework.jdbc.datasource.init.ResourceDatabasePopulator "Executing SQL script from class path resource [org/springframework/batch/core/schema-hsqldb.sql]"
2016-04-22 15:31:33.828 [INFO ] org.springframework.jdbc.datasource.init.ResourceDatabasePopulator "Done executing SQL script from class path resource [org/springframework/batch/core/schema-hsqldb.sql] in 10 ms."
2016-04-22 15:31:33.957 [INFO ] com.zaxxer.hikari.HikariDataSource "springHikariCP - Started."
2016-04-22 15:36:13.757 [INFO ] org.springframework.context.support.ClassPathXmlApplicationContext "Refreshing org.springframework.context.support.ClassPathXmlApplicationContext@50f6ac94: startup date [Fri Apr 22 15:36:13 WIB 2016]; root of context hierarchy"
2016-04-22 15:36:13.806 [INFO ] org.springframework.beans.factory.xml.XmlBeanDefinitionReader "Loading XML bean definitions from class path resource [job-definition.xml]"
2016-04-22 15:36:13.937 [INFO ] org.springframework.beans.factory.xml.XmlBeanDefinitionReader "Loading XML bean definitions from class path resource [context.xml]"
2016-04-22 15:36:13.974 [INFO ] org.springframework.beans.factory.xml.XmlBeanDefinitionReader "Loading XML bean definitions from class path resource [database.xml]"
2016-04-22 15:36:14.002 [INFO ] org.springframework.beans.factory.support.DefaultListableBeanFactory "Overriding bean definition for bean 'transactionManager': replacing [Generic bean: class [org.springframework.batch.support.transaction.ResourcelessTransactionManager]; scope=; abstract=false; lazyInit=false; autowireMode=0; dependencyCheck=0; autowireCandidate=true; primary=false; factoryBeanName=null; factoryMethodName=null; initMethodName=null; destroyMethodName=null; defined in class path resource [context.xml]] with [Generic bean: class [org.springframework.batch.support.transaction.ResourcelessTransactionManager]; scope=; abstract=false; lazyInit=false; autowireMode=0; dependencyCheck=0; autowireCandidate=true; primary=false; factoryBeanName=null; factoryMethodName=null; initMethodName=null; destroyMethodName=null; defined in class path resource [database.xml]]"
2016-04-22 15:36:14.116 [INFO ] org.springframework.beans.factory.support.DefaultListableBeanFactory "Overriding bean definition for bean 'robust-export': replacing [Generic bean: class [org.springframework.batch.core.configuration.xml.SimpleFlowFactoryBean]; scope=; abstract=false; lazyInit=false; autowireMode=0; dependencyCheck=0; autowireCandidate=true; primary=false; factoryBeanName=null; factoryMethodName=null; initMethodName=null; destroyMethodName=null] with [Generic bean: class [org.springframework.batch.core.configuration.xml.JobParserJobFactoryBean]; scope=; abstract=false; lazyInit=false; autowireMode=0; dependencyCheck=0; autowireCandidate=true; primary=false; factoryBeanName=null; factoryMethodName=null; initMethodName=null; destroyMethodName=null]"
2016-04-22 15:36:14.276 [INFO ] org.springframework.beans.factory.support.DefaultListableBeanFactory "Pre-instantiating singletons in org.springframework.beans.factory.support.DefaultListableBeanFactory@7cbc3762: defining beans [jobRepository,transactionManager,jobLauncher,systemDataSource,targetDataSource,org.springframework.jdbc.datasource.init.DataSourceInitializer#0,checkFileTask,createFileTask,continueTask,org.springframework.batch.core.scope.internalStepScope,org.springframework.beans.factory.config.CustomEditorConfigurer,org.springframework.batch.core.configuration.xml.CoreNamespacePostProcessor,initialization-step,createFileStep,continue-step,robust-export]; root of factory hierarchy"
2016-04-22 15:36:14.310 [INFO ] org.springframework.jdbc.datasource.DriverManagerDataSource "Loaded JDBC driver: org.hsqldb.jdbcDriver"
2016-04-22 15:36:14.555 [INFO ] org.springframework.batch.core.launch.support.SimpleJobLauncher "No TaskExecutor has been set, defaulting to synchronous executor."
2016-04-22 15:36:14.557 [INFO ] org.springframework.jdbc.datasource.DriverManagerDataSource "Loaded JDBC driver: com.mysql.jdbc.Driver"
2016-04-22 15:36:14.930 [INFO ] org.springframework.jdbc.datasource.init.ResourceDatabasePopulator "Executing SQL script from class path resource [org/springframework/batch/core/schema-drop-hsqldb.sql]"
2016-04-22 15:36:14.938 [INFO ] org.springframework.jdbc.datasource.init.ResourceDatabasePopulator "Done executing SQL script from class path resource [org/springframework/batch/core/schema-drop-hsqldb.sql] in 7 ms."
2016-04-22 15:36:14.939 [INFO ] org.springframework.jdbc.datasource.init.ResourceDatabasePopulator "Executing SQL script from class path resource [org/springframework/batch/core/schema-hsqldb.sql]"
2016-04-22 15:36:14.953 [INFO ] org.springframework.jdbc.datasource.init.ResourceDatabasePopulator "Done executing SQL script from class path resource [org/springframework/batch/core/schema-hsqldb.sql] in 13 ms."
2016-04-22 15:36:15.081 [INFO ] com.zaxxer.hikari.HikariDataSource "springHikariCP - Started."
2016-04-22 15:36:24.139 [INFO ] org.springframework.batch.core.launch.support.SimpleJobLauncher "Job: [FlowJob: [name=robust-export]] launched with the following parameters: [{date=1461314184051, maxThread=2}]"
2016-04-22 15:36:24.171 [INFO ] org.springframework.batch.core.job.SimpleStepHandler "Executing step: [initialization-step]"
2016-04-22 15:36:27.154 [INFO ] org.springframework.batch.core.job.SimpleStepHandler "Executing step: [createFileStep]"
2016-04-22 15:37:37.280 [INFO ] org.springframework.context.support.ClassPathXmlApplicationContext "Refreshing org.springframework.context.support.ClassPathXmlApplicationContext@229d10bd: startup date [Fri Apr 22 15:37:37 WIB 2016]; root of context hierarchy"
2016-04-22 15:37:37.322 [INFO ] org.springframework.beans.factory.xml.XmlBeanDefinitionReader "Loading XML bean definitions from class path resource [job-definition.xml]"
2016-04-22 15:37:37.466 [INFO ] org.springframework.beans.factory.xml.XmlBeanDefinitionReader "Loading XML bean definitions from class path resource [context.xml]"
2016-04-22 15:37:37.500 [INFO ] org.springframework.beans.factory.xml.XmlBeanDefinitionReader "Loading XML bean definitions from class path resource [database.xml]"
2016-04-22 15:37:37.529 [INFO ] org.springframework.beans.factory.support.DefaultListableBeanFactory "Overriding bean definition for bean 'transactionManager': replacing [Generic bean: class [org.springframework.batch.support.transaction.ResourcelessTransactionManager]; scope=; abstract=false; lazyInit=false; autowireMode=0; dependencyCheck=0; autowireCandidate=true; primary=false; factoryBeanName=null; factoryMethodName=null; initMethodName=null; destroyMethodName=null; defined in class path resource [context.xml]] with [Generic bean: class [org.springframework.batch.support.transaction.ResourcelessTransactionManager]; scope=; abstract=false; lazyInit=false; autowireMode=0; dependencyCheck=0; autowireCandidate=true; primary=false; factoryBeanName=null; factoryMethodName=null; initMethodName=null; destroyMethodName=null; defined in class path resource [database.xml]]"
2016-04-22 15:37:37.576 [INFO ] org.springframework.beans.factory.support.DefaultListableBeanFactory "Overriding bean definition for bean 'robust-export': replacing [Generic bean: class [org.springframework.batch.core.configuration.xml.SimpleFlowFactoryBean]; scope=; abstract=false; lazyInit=false; autowireMode=0; dependencyCheck=0; autowireCandidate=true; primary=false; factoryBeanName=null; factoryMethodName=null; initMethodName=null; destroyMethodName=null] with [Generic bean: class [org.springframework.batch.core.configuration.xml.JobParserJobFactoryBean]; scope=; abstract=false; lazyInit=false; autowireMode=0; dependencyCheck=0; autowireCandidate=true; primary=false; factoryBeanName=null; factoryMethodName=null; initMethodName=null; destroyMethodName=null]"
2016-04-22 15:37:37.768 [INFO ] org.springframework.beans.factory.support.DefaultListableBeanFactory "Pre-instantiating singletons in org.springframework.beans.factory.support.DefaultListableBeanFactory@5552768b: defining beans [jobRepository,transactionManager,jobLauncher,systemDataSource,targetDataSource,org.springframework.jdbc.datasource.init.DataSourceInitializer#0,checkFileTask,createFileTask,continueTask,org.springframework.batch.core.scope.internalStepScope,org.springframework.beans.factory.config.CustomEditorConfigurer,org.springframework.batch.core.configuration.xml.CoreNamespacePostProcessor,initialization-step,createFileStep,continue-step,robust-export]; root of factory hierarchy"
2016-04-22 15:37:37.796 [INFO ] org.springframework.jdbc.datasource.DriverManagerDataSource "Loaded JDBC driver: org.hsqldb.jdbcDriver"
2016-04-22 15:37:37.995 [INFO ] org.springframework.batch.core.launch.support.SimpleJobLauncher "No TaskExecutor has been set, defaulting to synchronous executor."
2016-04-22 15:37:37.997 [INFO ] org.springframework.jdbc.datasource.DriverManagerDataSource "Loaded JDBC driver: com.mysql.jdbc.Driver"
2016-04-22 15:37:38.348 [INFO ] org.springframework.jdbc.datasource.init.ResourceDatabasePopulator "Executing SQL script from class path resource [org/springframework/batch/core/schema-drop-hsqldb.sql]"
2016-04-22 15:37:38.351 [INFO ] org.springframework.jdbc.datasource.init.ResourceDatabasePopulator "Done executing SQL script from class path resource [org/springframework/batch/core/schema-drop-hsqldb.sql] in 3 ms."
2016-04-22 15:37:38.352 [INFO ] org.springframework.jdbc.datasource.init.ResourceDatabasePopulator "Executing SQL script from class path resource [org/springframework/batch/core/schema-hsqldb.sql]"
2016-04-22 15:37:38.361 [INFO ] org.springframework.jdbc.datasource.init.ResourceDatabasePopulator "Done executing SQL script from class path resource [org/springframework/batch/core/schema-hsqldb.sql] in 9 ms."
2016-04-22 15:37:38.442 [INFO ] com.zaxxer.hikari.HikariDataSource "springHikariCP - Started."
2016-04-22 15:37:39.553 [INFO ] org.springframework.batch.core.launch.support.SimpleJobLauncher "Job: [FlowJob: [name=robust-export]] launched with the following parameters: [{date=1461314259491, maxThread=2}]"
2016-04-22 15:37:39.580 [INFO ] org.springframework.batch.core.job.SimpleStepHandler "Executing step: [initialization-step]"
2016-04-22 15:37:39.853 [INFO ] org.springframework.batch.core.job.SimpleStepHandler "Executing step: [createFileStep]"
2016-04-22 15:37:43.215 [WARN ] com.notnoop.apns.internal.ApnsConnectionImpl "Failed to send message com.notnoop.apns.EnhancedApnsNotification@40f18b66... trying again"
java.net.SocketException: Connection closed by remote host
	at sun.security.ssl.SSLSocketImpl.checkWrite(SSLSocketImpl.java:1555) ~[?:1.8.0_60]
	at sun.security.ssl.AppOutputStream.write(AppOutputStream.java:71) ~[?:1.8.0_60]
	at java.io.OutputStream.write(OutputStream.java:75) ~[?:1.8.0_60]
	at com.notnoop.apns.internal.ApnsConnectionImpl.sendMessage(ApnsConnectionImpl.java:161) [apns-0.1.5-jar-with-dependencies.jar:?]
	at com.notnoop.apns.internal.ApnsServiceImpl.push(ApnsServiceImpl.java:46) [apns-0.1.5-jar-with-dependencies.jar:?]
	at com.notnoop.apns.internal.AbstractApnsService.push(AbstractApnsService.java:52) [apns-0.1.5-jar-with-dependencies.jar:?]
	at com.notnoop.apns.internal.ApnsServiceImpl.push(ApnsServiceImpl.java:36) [apns-0.1.5-jar-with-dependencies.jar:?]
	at com.numazu.export.util.PushIOSThread.push(PushIOSThread.java:76) [bin/:?]
	at com.numazu.export.util.PushIOSThread.sendNotifMessage(PushIOSThread.java:281) [bin/:?]
	at com.numazu.export.util.PushIOSThread.run(PushIOSThread.java:372) [bin/:?]
	at java.util.concurrent.ThreadPoolExecutor.runWorker(ThreadPoolExecutor.java:1142) [?:1.8.0_60]
	at java.util.concurrent.ThreadPoolExecutor$Worker.run(ThreadPoolExecutor.java:617) [?:1.8.0_60]
	at java.lang.Thread.run(Thread.java:745) [?:1.8.0_60]
2016-04-22 15:37:44.569 [WARN ] com.notnoop.apns.internal.ApnsConnectionImpl "Failed to send message com.notnoop.apns.EnhancedApnsNotification@ffa9d52b... trying again"
java.net.SocketException: Connection closed by remote host
	at sun.security.ssl.SSLSocketImpl.checkWrite(SSLSocketImpl.java:1555) ~[?:1.8.0_60]
	at sun.security.ssl.AppOutputStream.write(AppOutputStream.java:71) ~[?:1.8.0_60]
	at java.io.OutputStream.write(OutputStream.java:75) ~[?:1.8.0_60]
	at com.notnoop.apns.internal.ApnsConnectionImpl.sendMessage(ApnsConnectionImpl.java:161) [apns-0.1.5-jar-with-dependencies.jar:?]
	at com.notnoop.apns.internal.ApnsServiceImpl.push(ApnsServiceImpl.java:46) [apns-0.1.5-jar-with-dependencies.jar:?]
	at com.notnoop.apns.internal.AbstractApnsService.push(AbstractApnsService.java:52) [apns-0.1.5-jar-with-dependencies.jar:?]
	at com.notnoop.apns.internal.ApnsServiceImpl.push(ApnsServiceImpl.java:36) [apns-0.1.5-jar-with-dependencies.jar:?]
	at com.numazu.export.util.PushIOSThread.push(PushIOSThread.java:76) [bin/:?]
	at com.numazu.export.util.PushIOSThread.sendNotifMessage(PushIOSThread.java:281) [bin/:?]
	at com.numazu.export.util.PushIOSThread.run(PushIOSThread.java:372) [bin/:?]
	at java.util.concurrent.ThreadPoolExecutor.runWorker(ThreadPoolExecutor.java:1142) [?:1.8.0_60]
	at java.util.concurrent.ThreadPoolExecutor$Worker.run(ThreadPoolExecutor.java:617) [?:1.8.0_60]
	at java.lang.Thread.run(Thread.java:745) [?:1.8.0_60]
2016-04-22 15:37:46.776 [WARN ] com.notnoop.apns.internal.ApnsConnectionImpl "Failed to send message com.notnoop.apns.EnhancedApnsNotification@d7d0197b... trying again"
java.net.SocketException: Connection closed by remote host
	at sun.security.ssl.SSLSocketImpl.checkWrite(SSLSocketImpl.java:1555) ~[?:1.8.0_60]
	at sun.security.ssl.AppOutputStream.write(AppOutputStream.java:71) ~[?:1.8.0_60]
	at java.io.OutputStream.write(OutputStream.java:75) ~[?:1.8.0_60]
	at com.notnoop.apns.internal.ApnsConnectionImpl.sendMessage(ApnsConnectionImpl.java:161) [apns-0.1.5-jar-with-dependencies.jar:?]
	at com.notnoop.apns.internal.ApnsServiceImpl.push(ApnsServiceImpl.java:46) [apns-0.1.5-jar-with-dependencies.jar:?]
	at com.notnoop.apns.internal.AbstractApnsService.push(AbstractApnsService.java:52) [apns-0.1.5-jar-with-dependencies.jar:?]
	at com.notnoop.apns.internal.ApnsServiceImpl.push(ApnsServiceImpl.java:36) [apns-0.1.5-jar-with-dependencies.jar:?]
	at com.numazu.export.util.PushIOSThread.push(PushIOSThread.java:76) [bin/:?]
	at com.numazu.export.util.PushIOSThread.sendNotifMessage(PushIOSThread.java:281) [bin/:?]
	at com.numazu.export.util.PushIOSThread.run(PushIOSThread.java:372) [bin/:?]
	at java.util.concurrent.ThreadPoolExecutor.runWorker(ThreadPoolExecutor.java:1142) [?:1.8.0_60]
	at java.util.concurrent.ThreadPoolExecutor$Worker.run(ThreadPoolExecutor.java:617) [?:1.8.0_60]
	at java.lang.Thread.run(Thread.java:745) [?:1.8.0_60]
2016-04-22 15:37:50.148 [WARN ] com.notnoop.apns.internal.ApnsConnectionImpl "Failed to send message com.notnoop.apns.EnhancedApnsNotification@5f8e5cf3... trying again"
java.net.SocketException: Connection closed by remote host
	at sun.security.ssl.SSLSocketImpl.checkWrite(SSLSocketImpl.java:1555) ~[?:1.8.0_60]
	at sun.security.ssl.AppOutputStream.write(AppOutputStream.java:71) ~[?:1.8.0_60]
	at java.io.OutputStream.write(OutputStream.java:75) ~[?:1.8.0_60]
	at com.notnoop.apns.internal.ApnsConnectionImpl.sendMessage(ApnsConnectionImpl.java:161) [apns-0.1.5-jar-with-dependencies.jar:?]
	at com.notnoop.apns.internal.ApnsServiceImpl.push(ApnsServiceImpl.java:46) [apns-0.1.5-jar-with-dependencies.jar:?]
	at com.notnoop.apns.internal.AbstractApnsService.push(AbstractApnsService.java:52) [apns-0.1.5-jar-with-dependencies.jar:?]
	at com.notnoop.apns.internal.ApnsServiceImpl.push(ApnsServiceImpl.java:36) [apns-0.1.5-jar-with-dependencies.jar:?]
	at com.numazu.export.util.PushIOSThread.push(PushIOSThread.java:76) [bin/:?]
	at com.numazu.export.util.PushIOSThread.sendNotifMessage(PushIOSThread.java:281) [bin/:?]
	at com.numazu.export.util.PushIOSThread.run(PushIOSThread.java:372) [bin/:?]
	at java.util.concurrent.ThreadPoolExecutor.runWorker(ThreadPoolExecutor.java:1142) [?:1.8.0_60]
	at java.util.concurrent.ThreadPoolExecutor$Worker.run(ThreadPoolExecutor.java:617) [?:1.8.0_60]
	at java.lang.Thread.run(Thread.java:745) [?:1.8.0_60]
