2016-03-24 13:09:40.051 [INFO ] org.springframework.context.support.ClassPathXmlApplicationContext "Refreshing org.springframework.context.support.ClassPathXmlApplicationContext@7d63b1f4: startup date [Thu Mar 24 13:09:40 WIB 2016]; root of context hierarchy"
2016-03-24 13:09:40.140 [INFO ] org.springframework.beans.factory.xml.XmlBeanDefinitionReader "Loading XML bean definitions from class path resource [job-definition.xml]"
2016-03-24 13:09:40.478 [INFO ] org.springframework.beans.factory.xml.XmlBeanDefinitionReader "Loading XML bean definitions from class path resource [context.xml]"
2016-03-24 13:09:40.562 [INFO ] org.springframework.beans.factory.xml.XmlBeanDefinitionReader "Loading XML bean definitions from class path resource [database.xml]"
2016-03-24 13:09:40.629 [INFO ] org.springframework.beans.factory.support.DefaultListableBeanFactory "Overriding bean definition for bean 'transactionManager': replacing [Generic bean: class [org.springframework.batch.support.transaction.ResourcelessTransactionManager]; scope=; abstract=false; lazyInit=false; autowireMode=0; dependencyCheck=0; autowireCandidate=true; primary=false; factoryBeanName=null; factoryMethodName=null; initMethodName=null; destroyMethodName=null; defined in class path resource [context.xml]] with [Generic bean: class [org.springframework.batch.support.transaction.ResourcelessTransactionManager]; scope=; abstract=false; lazyInit=false; autowireMode=0; dependencyCheck=0; autowireCandidate=true; primary=false; factoryBeanName=null; factoryMethodName=null; initMethodName=null; destroyMethodName=null; defined in class path resource [database.xml]]"
2016-03-24 13:09:40.799 [INFO ] org.springframework.beans.factory.support.DefaultListableBeanFactory "Overriding bean definition for bean 'robust-export': replacing [Generic bean: class [org.springframework.batch.core.configuration.xml.SimpleFlowFactoryBean]; scope=; abstract=false; lazyInit=false; autowireMode=0; dependencyCheck=0; autowireCandidate=true; primary=false; factoryBeanName=null; factoryMethodName=null; initMethodName=null; destroyMethodName=null] with [Generic bean: class [org.springframework.batch.core.configuration.xml.JobParserJobFactoryBean]; scope=; abstract=false; lazyInit=false; autowireMode=0; dependencyCheck=0; autowireCandidate=true; primary=false; factoryBeanName=null; factoryMethodName=null; initMethodName=null; destroyMethodName=null]"
2016-03-24 13:09:41.182 [INFO ] org.springframework.beans.factory.support.DefaultListableBeanFactory "Pre-instantiating singletons in org.springframework.beans.factory.support.DefaultListableBeanFactory@33390b4a: defining beans [jobRepository,transactionManager,jobLauncher,systemDataSource,targetDataSource,org.springframework.jdbc.datasource.init.DataSourceInitializer#0,checkFileTask,createFileTask,continueTask,org.springframework.batch.core.scope.internalStepScope,org.springframework.beans.factory.config.CustomEditorConfigurer,org.springframework.batch.core.configuration.xml.CoreNamespacePostProcessor,initialization-step,createFileStep,continue-step,robust-export]; root of factory hierarchy"
2016-03-24 13:09:41.345 [INFO ] org.springframework.jdbc.datasource.DriverManagerDataSource "Loaded JDBC driver: org.hsqldb.jdbcDriver"
2016-03-24 13:09:41.831 [INFO ] org.springframework.batch.core.launch.support.SimpleJobLauncher "No TaskExecutor has been set, defaulting to synchronous executor."
2016-03-24 13:09:41.832 [INFO ] org.springframework.jdbc.datasource.DriverManagerDataSource "Loaded JDBC driver: com.mysql.jdbc.Driver"
2016-03-24 13:09:42.355 [INFO ] org.springframework.jdbc.datasource.init.ResourceDatabasePopulator "Executing SQL script from class path resource [org/springframework/batch/core/schema-drop-hsqldb.sql]"
2016-03-24 13:09:42.359 [INFO ] org.springframework.jdbc.datasource.init.ResourceDatabasePopulator "Done executing SQL script from class path resource [org/springframework/batch/core/schema-drop-hsqldb.sql] in 3 ms."
2016-03-24 13:09:42.359 [INFO ] org.springframework.jdbc.datasource.init.ResourceDatabasePopulator "Executing SQL script from class path resource [org/springframework/batch/core/schema-hsqldb.sql]"
2016-03-24 13:09:42.368 [INFO ] org.springframework.jdbc.datasource.init.ResourceDatabasePopulator "Done executing SQL script from class path resource [org/springframework/batch/core/schema-hsqldb.sql] in 9 ms."
2016-03-24 13:09:42.976 [INFO ] org.springframework.batch.core.launch.support.SimpleJobLauncher "Job: [FlowJob: [name=robust-export]] launched with the following parameters: [{date=1458799782877, maxThread=2}]"
2016-03-24 13:09:42.998 [INFO ] org.springframework.batch.core.job.SimpleStepHandler "Executing step: [initialization-step]"
2016-03-24 13:10:20.779 [INFO ] org.springframework.batch.core.job.SimpleStepHandler "Executing step: [createFileStep]"
2016-03-24 13:11:27.088 [INFO ] org.springframework.context.support.ClassPathXmlApplicationContext "Refreshing org.springframework.context.support.ClassPathXmlApplicationContext@33a2215d: startup date [Thu Mar 24 13:11:27 WIB 2016]; root of context hierarchy"
2016-03-24 13:11:27.179 [INFO ] org.springframework.beans.factory.xml.XmlBeanDefinitionReader "Loading XML bean definitions from class path resource [job-definition.xml]"
2016-03-24 13:11:27.362 [INFO ] org.springframework.beans.factory.xml.XmlBeanDefinitionReader "Loading XML bean definitions from class path resource [context.xml]"
2016-03-24 13:11:27.418 [INFO ] org.springframework.beans.factory.xml.XmlBeanDefinitionReader "Loading XML bean definitions from class path resource [database.xml]"
2016-03-24 13:11:27.498 [INFO ] org.springframework.beans.factory.support.DefaultListableBeanFactory "Overriding bean definition for bean 'transactionManager': replacing [Generic bean: class [org.springframework.batch.support.transaction.ResourcelessTransactionManager]; scope=; abstract=false; lazyInit=false; autowireMode=0; dependencyCheck=0; autowireCandidate=true; primary=false; factoryBeanName=null; factoryMethodName=null; initMethodName=null; destroyMethodName=null; defined in class path resource [context.xml]] with [Generic bean: class [org.springframework.batch.support.transaction.ResourcelessTransactionManager]; scope=; abstract=false; lazyInit=false; autowireMode=0; dependencyCheck=0; autowireCandidate=true; primary=false; factoryBeanName=null; factoryMethodName=null; initMethodName=null; destroyMethodName=null; defined in class path resource [database.xml]]"
2016-03-24 13:11:27.581 [INFO ] org.springframework.beans.factory.support.DefaultListableBeanFactory "Overriding bean definition for bean 'robust-export': replacing [Generic bean: class [org.springframework.batch.core.configuration.xml.SimpleFlowFactoryBean]; scope=; abstract=false; lazyInit=false; autowireMode=0; dependencyCheck=0; autowireCandidate=true; primary=false; factoryBeanName=null; factoryMethodName=null; initMethodName=null; destroyMethodName=null] with [Generic bean: class [org.springframework.batch.core.configuration.xml.JobParserJobFactoryBean]; scope=; abstract=false; lazyInit=false; autowireMode=0; dependencyCheck=0; autowireCandidate=true; primary=false; factoryBeanName=null; factoryMethodName=null; initMethodName=null; destroyMethodName=null]"
2016-03-24 13:11:27.732 [INFO ] org.springframework.beans.factory.support.DefaultListableBeanFactory "Pre-instantiating singletons in org.springframework.beans.factory.support.DefaultListableBeanFactory@7f210e81: defining beans [jobRepository,transactionManager,jobLauncher,systemDataSource,targetDataSource,org.springframework.jdbc.datasource.init.DataSourceInitializer#0,checkFileTask,createFileTask,continueTask,org.springframework.batch.core.scope.internalStepScope,org.springframework.beans.factory.config.CustomEditorConfigurer,org.springframework.batch.core.configuration.xml.CoreNamespacePostProcessor,initialization-step,createFileStep,continue-step,robust-export]; root of factory hierarchy"
2016-03-24 13:11:27.759 [INFO ] org.springframework.jdbc.datasource.DriverManagerDataSource "Loaded JDBC driver: org.hsqldb.jdbcDriver"
2016-03-24 13:11:27.983 [INFO ] org.springframework.batch.core.launch.support.SimpleJobLauncher "No TaskExecutor has been set, defaulting to synchronous executor."
2016-03-24 13:11:27.985 [INFO ] org.springframework.jdbc.datasource.DriverManagerDataSource "Loaded JDBC driver: com.mysql.jdbc.Driver"
2016-03-24 13:11:28.393 [INFO ] org.springframework.jdbc.datasource.init.ResourceDatabasePopulator "Executing SQL script from class path resource [org/springframework/batch/core/schema-drop-hsqldb.sql]"
2016-03-24 13:11:28.396 [INFO ] org.springframework.jdbc.datasource.init.ResourceDatabasePopulator "Done executing SQL script from class path resource [org/springframework/batch/core/schema-drop-hsqldb.sql] in 3 ms."
2016-03-24 13:11:28.397 [INFO ] org.springframework.jdbc.datasource.init.ResourceDatabasePopulator "Executing SQL script from class path resource [org/springframework/batch/core/schema-hsqldb.sql]"
2016-03-24 13:11:28.405 [INFO ] org.springframework.jdbc.datasource.init.ResourceDatabasePopulator "Done executing SQL script from class path resource [org/springframework/batch/core/schema-hsqldb.sql] in 8 ms."
2016-03-24 13:11:28.826 [INFO ] org.springframework.batch.core.launch.support.SimpleJobLauncher "Job: [FlowJob: [name=robust-export]] launched with the following parameters: [{date=1458799888748, maxThread=2}]"
2016-03-24 13:11:28.849 [INFO ] org.springframework.batch.core.job.SimpleStepHandler "Executing step: [initialization-step]"
2016-03-24 13:16:24.368 [INFO ] org.springframework.context.support.ClassPathXmlApplicationContext "Refreshing org.springframework.context.support.ClassPathXmlApplicationContext@2aa613e3: startup date [Thu Mar 24 13:16:24 WIB 2016]; root of context hierarchy"
2016-03-24 13:16:24.430 [INFO ] org.springframework.beans.factory.xml.XmlBeanDefinitionReader "Loading XML bean definitions from class path resource [job-definition.xml]"
2016-03-24 13:16:24.631 [INFO ] org.springframework.beans.factory.xml.XmlBeanDefinitionReader "Loading XML bean definitions from class path resource [context.xml]"
2016-03-24 13:16:24.691 [INFO ] org.springframework.beans.factory.xml.XmlBeanDefinitionReader "Loading XML bean definitions from class path resource [database.xml]"
2016-03-24 13:16:24.755 [INFO ] org.springframework.beans.factory.support.DefaultListableBeanFactory "Overriding bean definition for bean 'transactionManager': replacing [Generic bean: class [org.springframework.batch.support.transaction.ResourcelessTransactionManager]; scope=; abstract=false; lazyInit=false; autowireMode=0; dependencyCheck=0; autowireCandidate=true; primary=false; factoryBeanName=null; factoryMethodName=null; initMethodName=null; destroyMethodName=null; defined in class path resource [context.xml]] with [Generic bean: class [org.springframework.batch.support.transaction.ResourcelessTransactionManager]; scope=; abstract=false; lazyInit=false; autowireMode=0; dependencyCheck=0; autowireCandidate=true; primary=false; factoryBeanName=null; factoryMethodName=null; initMethodName=null; destroyMethodName=null; defined in class path resource [database.xml]]"
2016-03-24 13:16:24.889 [INFO ] org.springframework.beans.factory.support.DefaultListableBeanFactory "Overriding bean definition for bean 'robust-export': replacing [Generic bean: class [org.springframework.batch.core.configuration.xml.SimpleFlowFactoryBean]; scope=; abstract=false; lazyInit=false; autowireMode=0; dependencyCheck=0; autowireCandidate=true; primary=false; factoryBeanName=null; factoryMethodName=null; initMethodName=null; destroyMethodName=null] with [Generic bean: class [org.springframework.batch.core.configuration.xml.JobParserJobFactoryBean]; scope=; abstract=false; lazyInit=false; autowireMode=0; dependencyCheck=0; autowireCandidate=true; primary=false; factoryBeanName=null; factoryMethodName=null; initMethodName=null; destroyMethodName=null]"
2016-03-24 13:16:25.030 [INFO ] org.springframework.beans.factory.support.DefaultListableBeanFactory "Pre-instantiating singletons in org.springframework.beans.factory.support.DefaultListableBeanFactory@5d2abe5d: defining beans [jobRepository,transactionManager,jobLauncher,systemDataSource,targetDataSource,org.springframework.jdbc.datasource.init.DataSourceInitializer#0,checkFileTask,createFileTask,continueTask,org.springframework.batch.core.scope.internalStepScope,org.springframework.beans.factory.config.CustomEditorConfigurer,org.springframework.batch.core.configuration.xml.CoreNamespacePostProcessor,initialization-step,createFileStep,continue-step,robust-export]; root of factory hierarchy"
2016-03-24 13:16:25.058 [INFO ] org.springframework.jdbc.datasource.DriverManagerDataSource "Loaded JDBC driver: org.hsqldb.jdbcDriver"
2016-03-24 13:16:25.311 [INFO ] org.springframework.batch.core.launch.support.SimpleJobLauncher "No TaskExecutor has been set, defaulting to synchronous executor."
2016-03-24 13:16:25.312 [INFO ] org.springframework.jdbc.datasource.DriverManagerDataSource "Loaded JDBC driver: com.mysql.jdbc.Driver"
2016-03-24 13:16:25.764 [INFO ] org.springframework.jdbc.datasource.init.ResourceDatabasePopulator "Executing SQL script from class path resource [org/springframework/batch/core/schema-drop-hsqldb.sql]"
2016-03-24 13:16:25.770 [INFO ] org.springframework.jdbc.datasource.init.ResourceDatabasePopulator "Done executing SQL script from class path resource [org/springframework/batch/core/schema-drop-hsqldb.sql] in 6 ms."
2016-03-24 13:16:25.771 [INFO ] org.springframework.jdbc.datasource.init.ResourceDatabasePopulator "Executing SQL script from class path resource [org/springframework/batch/core/schema-hsqldb.sql]"
2016-03-24 13:16:25.784 [INFO ] org.springframework.jdbc.datasource.init.ResourceDatabasePopulator "Done executing SQL script from class path resource [org/springframework/batch/core/schema-hsqldb.sql] in 13 ms."
2016-03-24 13:16:26.376 [INFO ] org.springframework.batch.core.launch.support.SimpleJobLauncher "Job: [FlowJob: [name=robust-export]] launched with the following parameters: [{date=1458800186293, maxThread=2}]"
2016-03-24 13:16:26.404 [INFO ] org.springframework.batch.core.job.SimpleStepHandler "Executing step: [initialization-step]"
2016-03-24 13:17:53.524 [INFO ] org.springframework.context.support.ClassPathXmlApplicationContext "Refreshing org.springframework.context.support.ClassPathXmlApplicationContext@3cf55d7f: startup date [Thu Mar 24 13:17:53 WIB 2016]; root of context hierarchy"
2016-03-24 13:17:53.606 [INFO ] org.springframework.beans.factory.xml.XmlBeanDefinitionReader "Loading XML bean definitions from class path resource [job-definition.xml]"
2016-03-24 13:17:53.821 [INFO ] org.springframework.beans.factory.xml.XmlBeanDefinitionReader "Loading XML bean definitions from class path resource [context.xml]"
2016-03-24 13:17:53.890 [INFO ] org.springframework.beans.factory.xml.XmlBeanDefinitionReader "Loading XML bean definitions from class path resource [database.xml]"
2016-03-24 13:17:53.960 [INFO ] org.springframework.beans.factory.support.DefaultListableBeanFactory "Overriding bean definition for bean 'transactionManager': replacing [Generic bean: class [org.springframework.batch.support.transaction.ResourcelessTransactionManager]; scope=; abstract=false; lazyInit=false; autowireMode=0; dependencyCheck=0; autowireCandidate=true; primary=false; factoryBeanName=null; factoryMethodName=null; initMethodName=null; destroyMethodName=null; defined in class path resource [context.xml]] with [Generic bean: class [org.springframework.batch.support.transaction.ResourcelessTransactionManager]; scope=; abstract=false; lazyInit=false; autowireMode=0; dependencyCheck=0; autowireCandidate=true; primary=false; factoryBeanName=null; factoryMethodName=null; initMethodName=null; destroyMethodName=null; defined in class path resource [database.xml]]"
2016-03-24 13:17:54.075 [INFO ] org.springframework.beans.factory.support.DefaultListableBeanFactory "Overriding bean definition for bean 'robust-export': replacing [Generic bean: class [org.springframework.batch.core.configuration.xml.SimpleFlowFactoryBean]; scope=; abstract=false; lazyInit=false; autowireMode=0; dependencyCheck=0; autowireCandidate=true; primary=false; factoryBeanName=null; factoryMethodName=null; initMethodName=null; destroyMethodName=null] with [Generic bean: class [org.springframework.batch.core.configuration.xml.JobParserJobFactoryBean]; scope=; abstract=false; lazyInit=false; autowireMode=0; dependencyCheck=0; autowireCandidate=true; primary=false; factoryBeanName=null; factoryMethodName=null; initMethodName=null; destroyMethodName=null]"
2016-03-24 13:17:54.270 [INFO ] org.springframework.beans.factory.support.DefaultListableBeanFactory "Pre-instantiating singletons in org.springframework.beans.factory.support.DefaultListableBeanFactory@66c821ea: defining beans [jobRepository,transactionManager,jobLauncher,systemDataSource,targetDataSource,org.springframework.jdbc.datasource.init.DataSourceInitializer#0,checkFileTask,createFileTask,continueTask,org.springframework.batch.core.scope.internalStepScope,org.springframework.beans.factory.config.CustomEditorConfigurer,org.springframework.batch.core.configuration.xml.CoreNamespacePostProcessor,initialization-step,createFileStep,continue-step,robust-export]; root of factory hierarchy"
2016-03-24 13:17:54.305 [INFO ] org.springframework.jdbc.datasource.DriverManagerDataSource "Loaded JDBC driver: org.hsqldb.jdbcDriver"
2016-03-24 13:17:54.660 [INFO ] org.springframework.batch.core.launch.support.SimpleJobLauncher "No TaskExecutor has been set, defaulting to synchronous executor."
2016-03-24 13:17:54.661 [INFO ] org.springframework.jdbc.datasource.DriverManagerDataSource "Loaded JDBC driver: com.mysql.jdbc.Driver"
2016-03-24 13:17:55.236 [INFO ] org.springframework.jdbc.datasource.init.ResourceDatabasePopulator "Executing SQL script from class path resource [org/springframework/batch/core/schema-drop-hsqldb.sql]"
2016-03-24 13:17:55.240 [INFO ] org.springframework.jdbc.datasource.init.ResourceDatabasePopulator "Done executing SQL script from class path resource [org/springframework/batch/core/schema-drop-hsqldb.sql] in 3 ms."
2016-03-24 13:17:55.241 [INFO ] org.springframework.jdbc.datasource.init.ResourceDatabasePopulator "Executing SQL script from class path resource [org/springframework/batch/core/schema-hsqldb.sql]"
2016-03-24 13:17:55.249 [INFO ] org.springframework.jdbc.datasource.init.ResourceDatabasePopulator "Done executing SQL script from class path resource [org/springframework/batch/core/schema-hsqldb.sql] in 8 ms."
2016-03-24 13:17:55.824 [INFO ] org.springframework.batch.core.launch.support.SimpleJobLauncher "Job: [FlowJob: [name=robust-export]] launched with the following parameters: [{date=1458800275709, maxThread=2}]"
2016-03-24 13:17:55.846 [INFO ] org.springframework.batch.core.job.SimpleStepHandler "Executing step: [initialization-step]"
2016-03-24 13:18:51.329 [INFO ] org.springframework.batch.core.job.SimpleStepHandler "Executing step: [createFileStep]"
2016-03-24 13:20:02.518 [INFO ] org.springframework.context.support.ClassPathXmlApplicationContext "Refreshing org.springframework.context.support.ClassPathXmlApplicationContext@10cd5c1d: startup date [Thu Mar 24 13:20:02 WIB 2016]; root of context hierarchy"
2016-03-24 13:20:02.630 [INFO ] org.springframework.beans.factory.xml.XmlBeanDefinitionReader "Loading XML bean definitions from class path resource [job-definition.xml]"
2016-03-24 13:20:02.887 [INFO ] org.springframework.beans.factory.xml.XmlBeanDefinitionReader "Loading XML bean definitions from class path resource [context.xml]"
2016-03-24 13:20:02.955 [INFO ] org.springframework.beans.factory.xml.XmlBeanDefinitionReader "Loading XML bean definitions from class path resource [database.xml]"
2016-03-24 13:20:03.030 [INFO ] org.springframework.beans.factory.support.DefaultListableBeanFactory "Overriding bean definition for bean 'transactionManager': replacing [Generic bean: class [org.springframework.batch.support.transaction.ResourcelessTransactionManager]; scope=; abstract=false; lazyInit=false; autowireMode=0; dependencyCheck=0; autowireCandidate=true; primary=false; factoryBeanName=null; factoryMethodName=null; initMethodName=null; destroyMethodName=null; defined in class path resource [context.xml]] with [Generic bean: class [org.springframework.batch.support.transaction.ResourcelessTransactionManager]; scope=; abstract=false; lazyInit=false; autowireMode=0; dependencyCheck=0; autowireCandidate=true; primary=false; factoryBeanName=null; factoryMethodName=null; initMethodName=null; destroyMethodName=null; defined in class path resource [database.xml]]"
2016-03-24 13:20:03.116 [INFO ] org.springframework.beans.factory.support.DefaultListableBeanFactory "Overriding bean definition for bean 'robust-export': replacing [Generic bean: class [org.springframework.batch.core.configuration.xml.SimpleFlowFactoryBean]; scope=; abstract=false; lazyInit=false; autowireMode=0; dependencyCheck=0; autowireCandidate=true; primary=false; factoryBeanName=null; factoryMethodName=null; initMethodName=null; destroyMethodName=null] with [Generic bean: class [org.springframework.batch.core.configuration.xml.JobParserJobFactoryBean]; scope=; abstract=false; lazyInit=false; autowireMode=0; dependencyCheck=0; autowireCandidate=true; primary=false; factoryBeanName=null; factoryMethodName=null; initMethodName=null; destroyMethodName=null]"
2016-03-24 13:20:03.375 [INFO ] org.springframework.beans.factory.support.DefaultListableBeanFactory "Pre-instantiating singletons in org.springframework.beans.factory.support.DefaultListableBeanFactory@1e6bbcd0: defining beans [jobRepository,transactionManager,jobLauncher,systemDataSource,targetDataSource,org.springframework.jdbc.datasource.init.DataSourceInitializer#0,checkFileTask,createFileTask,continueTask,org.springframework.batch.core.scope.internalStepScope,org.springframework.beans.factory.config.CustomEditorConfigurer,org.springframework.batch.core.configuration.xml.CoreNamespacePostProcessor,initialization-step,createFileStep,continue-step,robust-export]; root of factory hierarchy"
2016-03-24 13:20:03.503 [INFO ] org.springframework.jdbc.datasource.DriverManagerDataSource "Loaded JDBC driver: org.hsqldb.jdbcDriver"
2016-03-24 13:20:03.898 [INFO ] org.springframework.batch.core.launch.support.SimpleJobLauncher "No TaskExecutor has been set, defaulting to synchronous executor."
2016-03-24 13:20:03.900 [INFO ] org.springframework.jdbc.datasource.DriverManagerDataSource "Loaded JDBC driver: com.mysql.jdbc.Driver"
2016-03-24 13:20:04.377 [INFO ] org.springframework.jdbc.datasource.init.ResourceDatabasePopulator "Executing SQL script from class path resource [org/springframework/batch/core/schema-drop-hsqldb.sql]"
2016-03-24 13:20:04.381 [INFO ] org.springframework.jdbc.datasource.init.ResourceDatabasePopulator "Done executing SQL script from class path resource [org/springframework/batch/core/schema-drop-hsqldb.sql] in 4 ms."
2016-03-24 13:20:04.381 [INFO ] org.springframework.jdbc.datasource.init.ResourceDatabasePopulator "Executing SQL script from class path resource [org/springframework/batch/core/schema-hsqldb.sql]"
2016-03-24 13:20:04.390 [INFO ] org.springframework.jdbc.datasource.init.ResourceDatabasePopulator "Done executing SQL script from class path resource [org/springframework/batch/core/schema-hsqldb.sql] in 9 ms."
2016-03-24 13:20:04.953 [INFO ] org.springframework.batch.core.launch.support.SimpleJobLauncher "Job: [FlowJob: [name=robust-export]] launched with the following parameters: [{date=1458800404833, maxThread=2}]"
2016-03-24 13:20:04.980 [INFO ] org.springframework.batch.core.job.SimpleStepHandler "Executing step: [initialization-step]"
2016-03-24 13:20:37.900 [INFO ] org.springframework.batch.core.job.SimpleStepHandler "Executing step: [createFileStep]"
2016-03-24 13:29:28.073 [INFO ] org.springframework.context.support.ClassPathXmlApplicationContext "Refreshing org.springframework.context.support.ClassPathXmlApplicationContext@1a5a7c89: startup date [Thu Mar 24 13:29:28 WIB 2016]; root of context hierarchy"
2016-03-24 13:29:28.223 [INFO ] org.springframework.beans.factory.xml.XmlBeanDefinitionReader "Loading XML bean definitions from class path resource [job-definition.xml]"
2016-03-24 13:29:28.461 [INFO ] org.springframework.beans.factory.xml.XmlBeanDefinitionReader "Loading XML bean definitions from class path resource [context.xml]"
2016-03-24 13:29:28.522 [INFO ] org.springframework.beans.factory.xml.XmlBeanDefinitionReader "Loading XML bean definitions from class path resource [database.xml]"
2016-03-24 13:29:28.583 [INFO ] org.springframework.beans.factory.support.DefaultListableBeanFactory "Overriding bean definition for bean 'transactionManager': replacing [Generic bean: class [org.springframework.batch.support.transaction.ResourcelessTransactionManager]; scope=; abstract=false; lazyInit=false; autowireMode=0; dependencyCheck=0; autowireCandidate=true; primary=false; factoryBeanName=null; factoryMethodName=null; initMethodName=null; destroyMethodName=null; defined in class path resource [context.xml]] with [Generic bean: class [org.springframework.batch.support.transaction.ResourcelessTransactionManager]; scope=; abstract=false; lazyInit=false; autowireMode=0; dependencyCheck=0; autowireCandidate=true; primary=false; factoryBeanName=null; factoryMethodName=null; initMethodName=null; destroyMethodName=null; defined in class path resource [database.xml]]"
2016-03-24 13:29:28.707 [INFO ] org.springframework.beans.factory.support.DefaultListableBeanFactory "Overriding bean definition for bean 'robust-export': replacing [Generic bean: class [org.springframework.batch.core.configuration.xml.SimpleFlowFactoryBean]; scope=; abstract=false; lazyInit=false; autowireMode=0; dependencyCheck=0; autowireCandidate=true; primary=false; factoryBeanName=null; factoryMethodName=null; initMethodName=null; destroyMethodName=null] with [Generic bean: class [org.springframework.batch.core.configuration.xml.JobParserJobFactoryBean]; scope=; abstract=false; lazyInit=false; autowireMode=0; dependencyCheck=0; autowireCandidate=true; primary=false; factoryBeanName=null; factoryMethodName=null; initMethodName=null; destroyMethodName=null]"
2016-03-24 13:29:28.960 [INFO ] org.springframework.beans.factory.support.DefaultListableBeanFactory "Pre-instantiating singletons in org.springframework.beans.factory.support.DefaultListableBeanFactory@33390b4a: defining beans [jobRepository,transactionManager,jobLauncher,systemDataSource,targetDataSource,org.springframework.jdbc.datasource.init.DataSourceInitializer#0,checkFileTask,createFileTask,continueTask,org.springframework.batch.core.scope.internalStepScope,org.springframework.beans.factory.config.CustomEditorConfigurer,org.springframework.batch.core.configuration.xml.CoreNamespacePostProcessor,initialization-step,createFileStep,continue-step,robust-export]; root of factory hierarchy"
2016-03-24 13:29:29.068 [INFO ] org.springframework.jdbc.datasource.DriverManagerDataSource "Loaded JDBC driver: org.hsqldb.jdbcDriver"
2016-03-24 13:29:29.603 [INFO ] org.springframework.batch.core.launch.support.SimpleJobLauncher "No TaskExecutor has been set, defaulting to synchronous executor."
2016-03-24 13:29:29.604 [INFO ] org.springframework.jdbc.datasource.DriverManagerDataSource "Loaded JDBC driver: com.mysql.jdbc.Driver"
2016-03-24 13:29:30.246 [INFO ] org.springframework.jdbc.datasource.init.ResourceDatabasePopulator "Executing SQL script from class path resource [org/springframework/batch/core/schema-drop-hsqldb.sql]"
2016-03-24 13:29:30.251 [INFO ] org.springframework.jdbc.datasource.init.ResourceDatabasePopulator "Done executing SQL script from class path resource [org/springframework/batch/core/schema-drop-hsqldb.sql] in 4 ms."
2016-03-24 13:29:30.251 [INFO ] org.springframework.jdbc.datasource.init.ResourceDatabasePopulator "Executing SQL script from class path resource [org/springframework/batch/core/schema-hsqldb.sql]"
2016-03-24 13:29:30.277 [INFO ] org.springframework.jdbc.datasource.init.ResourceDatabasePopulator "Done executing SQL script from class path resource [org/springframework/batch/core/schema-hsqldb.sql] in 26 ms."
2016-03-24 13:29:31.187 [INFO ] org.springframework.batch.core.launch.support.SimpleJobLauncher "Job: [FlowJob: [name=robust-export]] launched with the following parameters: [{date=1458800971040, maxThread=2}]"
2016-03-24 13:29:31.214 [INFO ] org.springframework.batch.core.job.SimpleStepHandler "Executing step: [initialization-step]"
2016-03-24 13:30:44.431 [INFO ] org.springframework.batch.core.job.SimpleStepHandler "Executing step: [createFileStep]"
2016-03-24 13:30:44.458 [INFO ] org.springframework.batch.core.job.SimpleStepHandler "Executing step: [continue-step]"
2016-03-24 13:30:44.525 [INFO ] org.springframework.batch.core.job.SimpleStepHandler "Duplicate step [initialization-step] detected in execution of job=[robust-export]. If either step fails, both will be executed again on restart."
2016-03-24 13:30:44.532 [INFO ] org.springframework.batch.core.job.SimpleStepHandler "Executing step: [initialization-step]"
2016-03-24 13:33:32.659 [INFO ] org.springframework.batch.core.job.SimpleStepHandler "Duplicate step [createFileStep] detected in execution of job=[robust-export]. If either step fails, both will be executed again on restart."
2016-03-24 13:33:32.698 [INFO ] org.springframework.batch.core.job.SimpleStepHandler "Executing step: [createFileStep]"
2016-03-24 13:33:32.727 [INFO ] org.springframework.batch.core.job.SimpleStepHandler "Duplicate step [continue-step] detected in execution of job=[robust-export]. If either step fails, both will be executed again on restart."
2016-03-24 13:33:32.736 [INFO ] org.springframework.batch.core.job.SimpleStepHandler "Executing step: [continue-step]"
2016-03-24 13:33:32.758 [INFO ] org.springframework.batch.core.job.SimpleStepHandler "Duplicate step [initialization-step] detected in execution of job=[robust-export]. If either step fails, both will be executed again on restart."
2016-03-24 13:33:32.764 [INFO ] org.springframework.batch.core.job.SimpleStepHandler "Executing step: [initialization-step]"
2016-03-24 13:37:20.210 [INFO ] org.springframework.batch.core.job.SimpleStepHandler "Duplicate step [createFileStep] detected in execution of job=[robust-export]. If either step fails, both will be executed again on restart."
2016-03-24 13:37:20.335 [INFO ] org.springframework.batch.core.job.SimpleStepHandler "Executing step: [createFileStep]"
2016-03-24 13:37:58.231 [INFO ] org.springframework.batch.core.job.SimpleStepHandler "Duplicate step [continue-step] detected in execution of job=[robust-export]. If either step fails, both will be executed again on restart."
2016-03-24 13:37:58.239 [INFO ] org.springframework.batch.core.job.SimpleStepHandler "Executing step: [continue-step]"
2016-03-24 13:37:58.265 [INFO ] org.springframework.batch.core.job.SimpleStepHandler "Duplicate step [initialization-step] detected in execution of job=[robust-export]. If either step fails, both will be executed again on restart."
2016-03-24 13:37:58.273 [INFO ] org.springframework.batch.core.job.SimpleStepHandler "Executing step: [initialization-step]"
2016-03-24 13:39:21.628 [INFO ] org.springframework.batch.core.job.SimpleStepHandler "Duplicate step [createFileStep] detected in execution of job=[robust-export]. If either step fails, both will be executed again on restart."
2016-03-24 13:39:21.701 [INFO ] org.springframework.batch.core.job.SimpleStepHandler "Executing step: [createFileStep]"
2016-03-24 13:39:21.721 [INFO ] org.springframework.batch.core.job.SimpleStepHandler "Duplicate step [continue-step] detected in execution of job=[robust-export]. If either step fails, both will be executed again on restart."
2016-03-24 13:39:21.729 [INFO ] org.springframework.batch.core.job.SimpleStepHandler "Executing step: [continue-step]"
2016-03-24 13:39:21.751 [INFO ] org.springframework.batch.core.job.SimpleStepHandler "Duplicate step [initialization-step] detected in execution of job=[robust-export]. If either step fails, both will be executed again on restart."
2016-03-24 13:39:21.760 [INFO ] org.springframework.batch.core.job.SimpleStepHandler "Executing step: [initialization-step]"
2016-03-24 13:49:11.433 [INFO ] org.springframework.batch.core.job.SimpleStepHandler "Duplicate step [createFileStep] detected in execution of job=[robust-export]. If either step fails, both will be executed again on restart."
2016-03-24 13:49:11.482 [INFO ] org.springframework.batch.core.job.SimpleStepHandler "Executing step: [createFileStep]"
2016-03-24 13:49:11.513 [INFO ] org.springframework.batch.core.job.SimpleStepHandler "Duplicate step [continue-step] detected in execution of job=[robust-export]. If either step fails, both will be executed again on restart."
2016-03-24 13:49:11.522 [INFO ] org.springframework.batch.core.job.SimpleStepHandler "Executing step: [continue-step]"
2016-03-24 13:49:11.554 [INFO ] org.springframework.batch.core.job.SimpleStepHandler "Duplicate step [initialization-step] detected in execution of job=[robust-export]. If either step fails, both will be executed again on restart."
2016-03-24 13:49:11.561 [INFO ] org.springframework.batch.core.job.SimpleStepHandler "Executing step: [initialization-step]"
2016-03-24 13:50:16.358 [INFO ] org.springframework.batch.core.job.SimpleStepHandler "Duplicate step [createFileStep] detected in execution of job=[robust-export]. If either step fails, both will be executed again on restart."
2016-03-24 13:50:16.371 [INFO ] org.springframework.batch.core.job.SimpleStepHandler "Executing step: [createFileStep]"
2016-03-24 13:52:16.151 [INFO ] org.springframework.batch.core.job.SimpleStepHandler "Duplicate step [continue-step] detected in execution of job=[robust-export]. If either step fails, both will be executed again on restart."
2016-03-24 13:52:16.159 [INFO ] org.springframework.batch.core.job.SimpleStepHandler "Executing step: [continue-step]"
2016-03-24 13:52:16.182 [INFO ] org.springframework.batch.core.job.SimpleStepHandler "Duplicate step [initialization-step] detected in execution of job=[robust-export]. If either step fails, both will be executed again on restart."
2016-03-24 13:52:16.189 [INFO ] org.springframework.batch.core.job.SimpleStepHandler "Executing step: [initialization-step]"
2016-03-24 13:53:53.294 [INFO ] org.springframework.batch.core.job.SimpleStepHandler "Duplicate step [createFileStep] detected in execution of job=[robust-export]. If either step fails, both will be executed again on restart."
2016-03-24 13:53:53.303 [INFO ] org.springframework.batch.core.job.SimpleStepHandler "Executing step: [createFileStep]"
2016-03-24 13:53:53.328 [INFO ] org.springframework.batch.core.job.SimpleStepHandler "Duplicate step [continue-step] detected in execution of job=[robust-export]. If either step fails, both will be executed again on restart."
2016-03-24 13:53:53.338 [INFO ] org.springframework.batch.core.job.SimpleStepHandler "Executing step: [continue-step]"
2016-03-24 13:53:53.357 [INFO ] org.springframework.batch.core.job.SimpleStepHandler "Duplicate step [initialization-step] detected in execution of job=[robust-export]. If either step fails, both will be executed again on restart."
2016-03-24 13:53:53.365 [INFO ] org.springframework.batch.core.job.SimpleStepHandler "Executing step: [initialization-step]"
2016-03-24 13:54:03.412 [INFO ] org.springframework.batch.core.job.SimpleStepHandler "Duplicate step [createFileStep] detected in execution of job=[robust-export]. If either step fails, both will be executed again on restart."
2016-03-24 13:54:03.420 [INFO ] org.springframework.batch.core.job.SimpleStepHandler "Executing step: [createFileStep]"
2016-03-24 13:54:03.446 [INFO ] org.springframework.batch.core.job.SimpleStepHandler "Duplicate step [continue-step] detected in execution of job=[robust-export]. If either step fails, both will be executed again on restart."
2016-03-24 13:54:03.454 [INFO ] org.springframework.batch.core.job.SimpleStepHandler "Executing step: [continue-step]"
2016-03-24 13:54:03.471 [INFO ] org.springframework.batch.core.job.SimpleStepHandler "Duplicate step [initialization-step] detected in execution of job=[robust-export]. If either step fails, both will be executed again on restart."
2016-03-24 13:54:03.477 [INFO ] org.springframework.batch.core.job.SimpleStepHandler "Executing step: [initialization-step]"
2016-03-24 13:54:40.623 [INFO ] org.springframework.batch.core.job.SimpleStepHandler "Duplicate step [createFileStep] detected in execution of job=[robust-export]. If either step fails, both will be executed again on restart."
2016-03-24 13:54:40.631 [INFO ] org.springframework.batch.core.job.SimpleStepHandler "Executing step: [createFileStep]"
2016-03-24 13:55:15.231 [INFO ] org.springframework.batch.core.job.SimpleStepHandler "Duplicate step [continue-step] detected in execution of job=[robust-export]. If either step fails, both will be executed again on restart."
2016-03-24 13:55:15.239 [INFO ] org.springframework.batch.core.job.SimpleStepHandler "Executing step: [continue-step]"
2016-03-24 13:55:15.260 [INFO ] org.springframework.batch.core.job.SimpleStepHandler "Duplicate step [initialization-step] detected in execution of job=[robust-export]. If either step fails, both will be executed again on restart."
2016-03-24 13:55:15.267 [INFO ] org.springframework.batch.core.job.SimpleStepHandler "Executing step: [initialization-step]"
2016-03-24 13:56:58.300 [INFO ] org.springframework.batch.core.job.SimpleStepHandler "Duplicate step [createFileStep] detected in execution of job=[robust-export]. If either step fails, both will be executed again on restart."
2016-03-24 13:56:58.308 [INFO ] org.springframework.batch.core.job.SimpleStepHandler "Executing step: [createFileStep]"
2016-03-24 13:58:02.154 [INFO ] org.springframework.batch.core.job.SimpleStepHandler "Duplicate step [continue-step] detected in execution of job=[robust-export]. If either step fails, both will be executed again on restart."
2016-03-24 13:58:02.164 [INFO ] org.springframework.batch.core.job.SimpleStepHandler "Executing step: [continue-step]"
2016-03-24 13:58:02.191 [INFO ] org.springframework.batch.core.job.SimpleStepHandler "Duplicate step [initialization-step] detected in execution of job=[robust-export]. If either step fails, both will be executed again on restart."
2016-03-24 13:58:02.198 [INFO ] org.springframework.batch.core.job.SimpleStepHandler "Executing step: [initialization-step]"
2016-03-24 13:58:08.787 [INFO ] org.springframework.batch.core.job.SimpleStepHandler "Duplicate step [createFileStep] detected in execution of job=[robust-export]. If either step fails, both will be executed again on restart."
2016-03-24 13:58:08.796 [INFO ] org.springframework.batch.core.job.SimpleStepHandler "Executing step: [createFileStep]"
2016-03-24 13:58:08.826 [INFO ] org.springframework.batch.core.job.SimpleStepHandler "Duplicate step [continue-step] detected in execution of job=[robust-export]. If either step fails, both will be executed again on restart."
2016-03-24 13:58:08.833 [INFO ] org.springframework.batch.core.job.SimpleStepHandler "Executing step: [continue-step]"
2016-03-24 13:58:08.851 [INFO ] org.springframework.batch.core.job.SimpleStepHandler "Duplicate step [initialization-step] detected in execution of job=[robust-export]. If either step fails, both will be executed again on restart."
2016-03-24 13:58:08.857 [INFO ] org.springframework.batch.core.job.SimpleStepHandler "Executing step: [initialization-step]"
2016-03-24 13:59:27.365 [INFO ] org.springframework.batch.core.job.SimpleStepHandler "Duplicate step [createFileStep] detected in execution of job=[robust-export]. If either step fails, both will be executed again on restart."
2016-03-24 13:59:27.371 [INFO ] org.springframework.batch.core.job.SimpleStepHandler "Executing step: [createFileStep]"
2016-03-24 13:59:27.387 [INFO ] org.springframework.batch.core.job.SimpleStepHandler "Duplicate step [continue-step] detected in execution of job=[robust-export]. If either step fails, both will be executed again on restart."
2016-03-24 13:59:27.393 [INFO ] org.springframework.batch.core.job.SimpleStepHandler "Executing step: [continue-step]"
2016-03-24 13:59:27.410 [INFO ] org.springframework.batch.core.job.SimpleStepHandler "Duplicate step [initialization-step] detected in execution of job=[robust-export]. If either step fails, both will be executed again on restart."
2016-03-24 13:59:27.419 [INFO ] org.springframework.batch.core.job.SimpleStepHandler "Executing step: [initialization-step]"
