2016-03-24 18:00:24.395 [INFO ] org.springframework.batch.core.job.SimpleStepHandler "Executing step: [createFileStep]"
2016-03-24 18:03:35.557 [INFO ] org.springframework.context.support.ClassPathXmlApplicationContext "Refreshing org.springframework.context.support.ClassPathXmlApplicationContext@3cf55d7f: startup date [Thu Mar 24 18:03:35 WIB 2016]; root of context hierarchy"
2016-03-24 18:03:35.609 [INFO ] org.springframework.beans.factory.xml.XmlBeanDefinitionReader "Loading XML bean definitions from class path resource [job-definition.xml]"
2016-03-24 18:03:35.761 [INFO ] org.springframework.beans.factory.xml.XmlBeanDefinitionReader "Loading XML bean definitions from class path resource [context.xml]"
2016-03-24 18:03:35.822 [INFO ] org.springframework.beans.factory.xml.XmlBeanDefinitionReader "Loading XML bean definitions from class path resource [database.xml]"
2016-03-24 18:03:35.884 [INFO ] org.springframework.beans.factory.support.DefaultListableBeanFactory "Overriding bean definition for bean 'transactionManager': replacing [Generic bean: class [org.springframework.batch.support.transaction.ResourcelessTransactionManager]; scope=; abstract=false; lazyInit=false; autowireMode=0; dependencyCheck=0; autowireCandidate=true; primary=false; factoryBeanName=null; factoryMethodName=null; initMethodName=null; destroyMethodName=null; defined in class path resource [context.xml]] with [Generic bean: class [org.springframework.batch.support.transaction.ResourcelessTransactionManager]; scope=; abstract=false; lazyInit=false; autowireMode=0; dependencyCheck=0; autowireCandidate=true; primary=false; factoryBeanName=null; factoryMethodName=null; initMethodName=null; destroyMethodName=null; defined in class path resource [database.xml]]"
2016-03-24 18:03:35.980 [INFO ] org.springframework.beans.factory.support.DefaultListableBeanFactory "Overriding bean definition for bean 'robust-export': replacing [Generic bean: class [org.springframework.batch.core.configuration.xml.SimpleFlowFactoryBean]; scope=; abstract=false; lazyInit=false; autowireMode=0; dependencyCheck=0; autowireCandidate=true; primary=false; factoryBeanName=null; factoryMethodName=null; initMethodName=null; destroyMethodName=null] with [Generic bean: class [org.springframework.batch.core.configuration.xml.JobParserJobFactoryBean]; scope=; abstract=false; lazyInit=false; autowireMode=0; dependencyCheck=0; autowireCandidate=true; primary=false; factoryBeanName=null; factoryMethodName=null; initMethodName=null; destroyMethodName=null]"
2016-03-24 18:03:36.159 [INFO ] org.springframework.beans.factory.support.DefaultListableBeanFactory "Pre-instantiating singletons in org.springframework.beans.factory.support.DefaultListableBeanFactory@1e6bbcd0: defining beans [jobRepository,transactionManager,jobLauncher,systemDataSource,targetDataSource,org.springframework.jdbc.datasource.init.DataSourceInitializer#0,checkFileTask,createFileTask,continueTask,org.springframework.batch.core.scope.internalStepScope,org.springframework.beans.factory.config.CustomEditorConfigurer,org.springframework.batch.core.configuration.xml.CoreNamespacePostProcessor,initialization-step,createFileStep,continue-step,robust-export]; root of factory hierarchy"
2016-03-24 18:03:36.187 [INFO ] org.springframework.jdbc.datasource.DriverManagerDataSource "Loaded JDBC driver: org.hsqldb.jdbcDriver"
2016-03-24 18:03:36.370 [INFO ] org.springframework.batch.core.launch.support.SimpleJobLauncher "No TaskExecutor has been set, defaulting to synchronous executor."
2016-03-24 18:03:36.371 [INFO ] org.springframework.jdbc.datasource.DriverManagerDataSource "Loaded JDBC driver: com.mysql.jdbc.Driver"
2016-03-24 18:03:36.753 [INFO ] org.springframework.jdbc.datasource.init.ResourceDatabasePopulator "Executing SQL script from class path resource [org/springframework/batch/core/schema-drop-hsqldb.sql]"
2016-03-24 18:03:36.757 [INFO ] org.springframework.jdbc.datasource.init.ResourceDatabasePopulator "Done executing SQL script from class path resource [org/springframework/batch/core/schema-drop-hsqldb.sql] in 3 ms."
2016-03-24 18:03:36.757 [INFO ] org.springframework.jdbc.datasource.init.ResourceDatabasePopulator "Executing SQL script from class path resource [org/springframework/batch/core/schema-hsqldb.sql]"
2016-03-24 18:03:36.766 [INFO ] org.springframework.jdbc.datasource.init.ResourceDatabasePopulator "Done executing SQL script from class path resource [org/springframework/batch/core/schema-hsqldb.sql] in 9 ms."
2016-03-24 18:03:37.364 [INFO ] org.springframework.batch.core.launch.support.SimpleJobLauncher "Job: [FlowJob: [name=robust-export]] launched with the following parameters: [{date=1458817417294, maxThread=2}]"
2016-03-24 18:03:37.386 [INFO ] org.springframework.batch.core.job.SimpleStepHandler "Executing step: [initialization-step]"
2016-03-24 18:04:52.374 [INFO ] org.springframework.batch.core.job.SimpleStepHandler "Executing step: [createFileStep]"
2016-03-24 18:04:55.245 [ERROR] com.numazu.export.dao.DummyDataDAO "Parameter index out of range (2 > number of parameters, which is 1)."
java.sql.SQLException: Parameter index out of range (2 > number of parameters, which is 1).
	at com.mysql.jdbc.SQLError.createSQLException(SQLError.java:959) ~[mysql-connector-java-5.1.37-bin.jar:5.1.37]
	at com.mysql.jdbc.SQLError.createSQLException(SQLError.java:898) ~[mysql-connector-java-5.1.37-bin.jar:5.1.37]
	at com.mysql.jdbc.SQLError.createSQLException(SQLError.java:887) ~[mysql-connector-java-5.1.37-bin.jar:5.1.37]
	at com.mysql.jdbc.SQLError.createSQLException(SQLError.java:862) ~[mysql-connector-java-5.1.37-bin.jar:5.1.37]
	at com.mysql.jdbc.PreparedStatement.checkBounds(PreparedStatement.java:3319) ~[mysql-connector-java-5.1.37-bin.jar:5.1.37]
	at com.mysql.jdbc.PreparedStatement.setInternal(PreparedStatement.java:3304) ~[mysql-connector-java-5.1.37-bin.jar:5.1.37]
	at com.mysql.jdbc.PreparedStatement.setInternal(PreparedStatement.java:3341) ~[mysql-connector-java-5.1.37-bin.jar:5.1.37]
	at com.mysql.jdbc.PreparedStatement.setInt(PreparedStatement.java:3294) ~[mysql-connector-java-5.1.37-bin.jar:5.1.37]
	at org.apache.commons.dbcp2.DelegatingPreparedStatement.setInt(DelegatingPreparedStatement.java:123) ~[commons-dbcp2-2.1.1.jar:2.1.1]
	at org.apache.commons.dbcp2.DelegatingPreparedStatement.setInt(DelegatingPreparedStatement.java:123) ~[commons-dbcp2-2.1.1.jar:2.1.1]
	at com.numazu.export.dao.DummyDataDAO.getSelectAllDAO(DummyDataDAO.java:82) [bin/:?]
	at com.numazu.export.bl.DummyDataBL.getSelectAll(DummyDataBL.java:23) [bin/:?]
	at com.numazu.export.task.CreateFileTask.createFile(CreateFileTask.java:65) [bin/:?]
	at com.numazu.export.task.CreateFileTask.checkStepRunning(CreateFileTask.java:59) [bin/:?]
	at com.numazu.export.task.CreateFileTask.execute(CreateFileTask.java:47) [bin/:?]
	at org.springframework.batch.core.step.tasklet.TaskletStep$ChunkTransactionCallback.doInTransaction(TaskletStep.java:395) [spring-batch-core-2.2.0.RELEASE.jar:?]
	at org.springframework.transaction.support.TransactionTemplate.execute(TransactionTemplate.java:130) [spring-tx-3.2.0.RELEASE.jar:3.2.0.RELEASE]
	at org.springframework.batch.core.step.tasklet.TaskletStep$2.doInChunkContext(TaskletStep.java:267) [spring-batch-core-2.2.0.RELEASE.jar:?]
	at org.springframework.batch.core.scope.context.StepContextRepeatCallback.doInIteration(StepContextRepeatCallback.java:77) [spring-batch-core-2.2.0.RELEASE.jar:?]
	at org.springframework.batch.repeat.support.RepeatTemplate.getNextResult(RepeatTemplate.java:368) [spring-batch-infrastructure-2.2.0.RELEASE.jar:?]
	at org.springframework.batch.repeat.support.RepeatTemplate.executeInternal(RepeatTemplate.java:215) [spring-batch-infrastructure-2.2.0.RELEASE.jar:?]
	at org.springframework.batch.repeat.support.RepeatTemplate.iterate(RepeatTemplate.java:144) [spring-batch-infrastructure-2.2.0.RELEASE.jar:?]
	at org.springframework.batch.core.step.tasklet.TaskletStep.doExecute(TaskletStep.java:253) [spring-batch-core-2.2.0.RELEASE.jar:?]
	at org.springframework.batch.core.step.AbstractStep.execute(AbstractStep.java:195) [spring-batch-core-2.2.0.RELEASE.jar:?]
	at org.springframework.batch.core.job.SimpleStepHandler.handleStep(SimpleStepHandler.java:137) [spring-batch-core-2.2.0.RELEASE.jar:?]
	at org.springframework.batch.core.job.flow.JobFlowExecutor.executeStep(JobFlowExecutor.java:64) [spring-batch-core-2.2.0.RELEASE.jar:?]
	at org.springframework.batch.core.job.flow.support.state.StepState.handle(StepState.java:60) [spring-batch-core-2.2.0.RELEASE.jar:?]
	at org.springframework.batch.core.job.flow.support.SimpleFlow.resume(SimpleFlow.java:152) [spring-batch-core-2.2.0.RELEASE.jar:?]
	at org.springframework.batch.core.job.flow.support.SimpleFlow.start(SimpleFlow.java:131) [spring-batch-core-2.2.0.RELEASE.jar:?]
	at org.springframework.batch.core.job.flow.FlowJob.doExecute(FlowJob.java:135) [spring-batch-core-2.2.0.RELEASE.jar:?]
	at org.springframework.batch.core.job.AbstractJob.execute(AbstractJob.java:301) [spring-batch-core-2.2.0.RELEASE.jar:?]
	at org.springframework.batch.core.launch.support.SimpleJobLauncher$1.run(SimpleJobLauncher.java:134) [spring-batch-core-2.2.0.RELEASE.jar:?]
	at org.springframework.core.task.SyncTaskExecutor.execute(SyncTaskExecutor.java:48) [spring-core-3.2.0.RELEASE.jar:3.2.0.RELEASE]
	at org.springframework.batch.core.launch.support.SimpleJobLauncher.run(SimpleJobLauncher.java:127) [spring-batch-core-2.2.0.RELEASE.jar:?]
	at com.numazu.export.Application.runJob(Application.java:80) [bin/:?]
	at com.numazu.export.Application.main(Application.java:34) [bin/:?]
2016-03-24 18:05:17.718 [INFO ] org.springframework.context.support.ClassPathXmlApplicationContext "Refreshing org.springframework.context.support.ClassPathXmlApplicationContext@1c384a7c: startup date [Thu Mar 24 18:05:17 WIB 2016]; root of context hierarchy"
2016-03-24 18:05:17.767 [INFO ] org.springframework.beans.factory.xml.XmlBeanDefinitionReader "Loading XML bean definitions from class path resource [job-definition.xml]"
2016-03-24 18:05:17.920 [INFO ] org.springframework.beans.factory.xml.XmlBeanDefinitionReader "Loading XML bean definitions from class path resource [context.xml]"
2016-03-24 18:05:17.963 [INFO ] org.springframework.beans.factory.xml.XmlBeanDefinitionReader "Loading XML bean definitions from class path resource [database.xml]"
2016-03-24 18:05:18.003 [INFO ] org.springframework.beans.factory.support.DefaultListableBeanFactory "Overriding bean definition for bean 'transactionManager': replacing [Generic bean: class [org.springframework.batch.support.transaction.ResourcelessTransactionManager]; scope=; abstract=false; lazyInit=false; autowireMode=0; dependencyCheck=0; autowireCandidate=true; primary=false; factoryBeanName=null; factoryMethodName=null; initMethodName=null; destroyMethodName=null; defined in class path resource [context.xml]] with [Generic bean: class [org.springframework.batch.support.transaction.ResourcelessTransactionManager]; scope=; abstract=false; lazyInit=false; autowireMode=0; dependencyCheck=0; autowireCandidate=true; primary=false; factoryBeanName=null; factoryMethodName=null; initMethodName=null; destroyMethodName=null; defined in class path resource [database.xml]]"
2016-03-24 18:05:18.074 [INFO ] org.springframework.beans.factory.support.DefaultListableBeanFactory "Overriding bean definition for bean 'robust-export': replacing [Generic bean: class [org.springframework.batch.core.configuration.xml.SimpleFlowFactoryBean]; scope=; abstract=false; lazyInit=false; autowireMode=0; dependencyCheck=0; autowireCandidate=true; primary=false; factoryBeanName=null; factoryMethodName=null; initMethodName=null; destroyMethodName=null] with [Generic bean: class [org.springframework.batch.core.configuration.xml.JobParserJobFactoryBean]; scope=; abstract=false; lazyInit=false; autowireMode=0; dependencyCheck=0; autowireCandidate=true; primary=false; factoryBeanName=null; factoryMethodName=null; initMethodName=null; destroyMethodName=null]"
2016-03-24 18:05:18.214 [INFO ] org.springframework.beans.factory.support.DefaultListableBeanFactory "Pre-instantiating singletons in org.springframework.beans.factory.support.DefaultListableBeanFactory@625d8db5: defining beans [jobRepository,transactionManager,jobLauncher,systemDataSource,targetDataSource,org.springframework.jdbc.datasource.init.DataSourceInitializer#0,checkFileTask,createFileTask,continueTask,org.springframework.batch.core.scope.internalStepScope,org.springframework.beans.factory.config.CustomEditorConfigurer,org.springframework.batch.core.configuration.xml.CoreNamespacePostProcessor,initialization-step,createFileStep,continue-step,robust-export]; root of factory hierarchy"
2016-03-24 18:05:18.240 [INFO ] org.springframework.jdbc.datasource.DriverManagerDataSource "Loaded JDBC driver: org.hsqldb.jdbcDriver"
2016-03-24 18:05:18.418 [INFO ] org.springframework.batch.core.launch.support.SimpleJobLauncher "No TaskExecutor has been set, defaulting to synchronous executor."
2016-03-24 18:05:18.420 [INFO ] org.springframework.jdbc.datasource.DriverManagerDataSource "Loaded JDBC driver: com.mysql.jdbc.Driver"
2016-03-24 18:05:18.837 [INFO ] org.springframework.jdbc.datasource.init.ResourceDatabasePopulator "Executing SQL script from class path resource [org/springframework/batch/core/schema-drop-hsqldb.sql]"
2016-03-24 18:05:18.841 [INFO ] org.springframework.jdbc.datasource.init.ResourceDatabasePopulator "Done executing SQL script from class path resource [org/springframework/batch/core/schema-drop-hsqldb.sql] in 3 ms."
2016-03-24 18:05:18.841 [INFO ] org.springframework.jdbc.datasource.init.ResourceDatabasePopulator "Executing SQL script from class path resource [org/springframework/batch/core/schema-hsqldb.sql]"
2016-03-24 18:05:18.851 [INFO ] org.springframework.jdbc.datasource.init.ResourceDatabasePopulator "Done executing SQL script from class path resource [org/springframework/batch/core/schema-hsqldb.sql] in 10 ms."
2016-03-24 18:05:19.908 [INFO ] org.springframework.batch.core.launch.support.SimpleJobLauncher "Job: [FlowJob: [name=robust-export]] launched with the following parameters: [{date=1458817519857, maxThread=2}]"
2016-03-24 18:05:19.934 [INFO ] org.springframework.batch.core.job.SimpleStepHandler "Executing step: [initialization-step]"
2016-03-24 18:06:52.049 [INFO ] org.springframework.batch.core.job.SimpleStepHandler "Executing step: [createFileStep]"
2016-03-24 18:07:15.221 [ERROR] com.numazu.export.dao.DummyDataDAO "Parameter index out of range (2 > number of parameters, which is 1)."
java.sql.SQLException: Parameter index out of range (2 > number of parameters, which is 1).
	at com.mysql.jdbc.SQLError.createSQLException(SQLError.java:959) ~[mysql-connector-java-5.1.37-bin.jar:5.1.37]
	at com.mysql.jdbc.SQLError.createSQLException(SQLError.java:898) ~[mysql-connector-java-5.1.37-bin.jar:5.1.37]
	at com.mysql.jdbc.SQLError.createSQLException(SQLError.java:887) ~[mysql-connector-java-5.1.37-bin.jar:5.1.37]
	at com.mysql.jdbc.SQLError.createSQLException(SQLError.java:862) ~[mysql-connector-java-5.1.37-bin.jar:5.1.37]
	at com.mysql.jdbc.PreparedStatement.checkBounds(PreparedStatement.java:3319) ~[mysql-connector-java-5.1.37-bin.jar:5.1.37]
	at com.mysql.jdbc.PreparedStatement.setInternal(PreparedStatement.java:3304) ~[mysql-connector-java-5.1.37-bin.jar:5.1.37]
	at com.mysql.jdbc.PreparedStatement.setInternal(PreparedStatement.java:3341) ~[mysql-connector-java-5.1.37-bin.jar:5.1.37]
	at com.mysql.jdbc.PreparedStatement.setInt(PreparedStatement.java:3294) ~[mysql-connector-java-5.1.37-bin.jar:5.1.37]
	at org.apache.commons.dbcp2.DelegatingPreparedStatement.setInt(DelegatingPreparedStatement.java:123) ~[commons-dbcp2-2.1.1.jar:2.1.1]
	at org.apache.commons.dbcp2.DelegatingPreparedStatement.setInt(DelegatingPreparedStatement.java:123) ~[commons-dbcp2-2.1.1.jar:2.1.1]
	at com.numazu.export.dao.DummyDataDAO.getSelectAllDAO(DummyDataDAO.java:82) [bin/:?]
	at com.numazu.export.bl.DummyDataBL.getSelectAll(DummyDataBL.java:23) [bin/:?]
	at com.numazu.export.task.CreateFileTask.createFile(CreateFileTask.java:65) [bin/:?]
	at com.numazu.export.task.CreateFileTask.checkStepRunning(CreateFileTask.java:59) [bin/:?]
	at com.numazu.export.task.CreateFileTask.execute(CreateFileTask.java:47) [bin/:?]
	at org.springframework.batch.core.step.tasklet.TaskletStep$ChunkTransactionCallback.doInTransaction(TaskletStep.java:395) [spring-batch-core-2.2.0.RELEASE.jar:?]
	at org.springframework.transaction.support.TransactionTemplate.execute(TransactionTemplate.java:130) [spring-tx-3.2.0.RELEASE.jar:3.2.0.RELEASE]
	at org.springframework.batch.core.step.tasklet.TaskletStep$2.doInChunkContext(TaskletStep.java:267) [spring-batch-core-2.2.0.RELEASE.jar:?]
	at org.springframework.batch.core.scope.context.StepContextRepeatCallback.doInIteration(StepContextRepeatCallback.java:77) [spring-batch-core-2.2.0.RELEASE.jar:?]
	at org.springframework.batch.repeat.support.RepeatTemplate.getNextResult(RepeatTemplate.java:368) [spring-batch-infrastructure-2.2.0.RELEASE.jar:?]
	at org.springframework.batch.repeat.support.RepeatTemplate.executeInternal(RepeatTemplate.java:215) [spring-batch-infrastructure-2.2.0.RELEASE.jar:?]
	at org.springframework.batch.repeat.support.RepeatTemplate.iterate(RepeatTemplate.java:144) [spring-batch-infrastructure-2.2.0.RELEASE.jar:?]
	at org.springframework.batch.core.step.tasklet.TaskletStep.doExecute(TaskletStep.java:253) [spring-batch-core-2.2.0.RELEASE.jar:?]
	at org.springframework.batch.core.step.AbstractStep.execute(AbstractStep.java:195) [spring-batch-core-2.2.0.RELEASE.jar:?]
	at org.springframework.batch.core.job.SimpleStepHandler.handleStep(SimpleStepHandler.java:137) [spring-batch-core-2.2.0.RELEASE.jar:?]
	at org.springframework.batch.core.job.flow.JobFlowExecutor.executeStep(JobFlowExecutor.java:64) [spring-batch-core-2.2.0.RELEASE.jar:?]
	at org.springframework.batch.core.job.flow.support.state.StepState.handle(StepState.java:60) [spring-batch-core-2.2.0.RELEASE.jar:?]
	at org.springframework.batch.core.job.flow.support.SimpleFlow.resume(SimpleFlow.java:152) [spring-batch-core-2.2.0.RELEASE.jar:?]
	at org.springframework.batch.core.job.flow.support.SimpleFlow.start(SimpleFlow.java:131) [spring-batch-core-2.2.0.RELEASE.jar:?]
	at org.springframework.batch.core.job.flow.FlowJob.doExecute(FlowJob.java:135) [spring-batch-core-2.2.0.RELEASE.jar:?]
	at org.springframework.batch.core.job.AbstractJob.execute(AbstractJob.java:301) [spring-batch-core-2.2.0.RELEASE.jar:?]
	at org.springframework.batch.core.launch.support.SimpleJobLauncher$1.run(SimpleJobLauncher.java:134) [spring-batch-core-2.2.0.RELEASE.jar:?]
	at org.springframework.core.task.SyncTaskExecutor.execute(SyncTaskExecutor.java:48) [spring-core-3.2.0.RELEASE.jar:3.2.0.RELEASE]
	at org.springframework.batch.core.launch.support.SimpleJobLauncher.run(SimpleJobLauncher.java:127) [spring-batch-core-2.2.0.RELEASE.jar:?]
	at com.numazu.export.Application.runJob(Application.java:80) [bin/:?]
	at com.numazu.export.Application.main(Application.java:34) [bin/:?]
2016-03-24 18:09:04.404 [INFO ] org.springframework.context.support.ClassPathXmlApplicationContext "Refreshing org.springframework.context.support.ClassPathXmlApplicationContext@7d63b1f4: startup date [Thu Mar 24 18:09:04 WIB 2016]; root of context hierarchy"
2016-03-24 18:09:04.450 [INFO ] org.springframework.beans.factory.xml.XmlBeanDefinitionReader "Loading XML bean definitions from class path resource [job-definition.xml]"
2016-03-24 18:09:04.618 [INFO ] org.springframework.beans.factory.xml.XmlBeanDefinitionReader "Loading XML bean definitions from class path resource [context.xml]"
2016-03-24 18:09:04.668 [INFO ] org.springframework.beans.factory.xml.XmlBeanDefinitionReader "Loading XML bean definitions from class path resource [database.xml]"
2016-03-24 18:09:04.726 [INFO ] org.springframework.beans.factory.support.DefaultListableBeanFactory "Overriding bean definition for bean 'transactionManager': replacing [Generic bean: class [org.springframework.batch.support.transaction.ResourcelessTransactionManager]; scope=; abstract=false; lazyInit=false; autowireMode=0; dependencyCheck=0; autowireCandidate=true; primary=false; factoryBeanName=null; factoryMethodName=null; initMethodName=null; destroyMethodName=null; defined in class path resource [context.xml]] with [Generic bean: class [org.springframework.batch.support.transaction.ResourcelessTransactionManager]; scope=; abstract=false; lazyInit=false; autowireMode=0; dependencyCheck=0; autowireCandidate=true; primary=false; factoryBeanName=null; factoryMethodName=null; initMethodName=null; destroyMethodName=null; defined in class path resource [database.xml]]"
2016-03-24 18:09:04.799 [INFO ] org.springframework.beans.factory.support.DefaultListableBeanFactory "Overriding bean definition for bean 'robust-export': replacing [Generic bean: class [org.springframework.batch.core.configuration.xml.SimpleFlowFactoryBean]; scope=; abstract=false; lazyInit=false; autowireMode=0; dependencyCheck=0; autowireCandidate=true; primary=false; factoryBeanName=null; factoryMethodName=null; initMethodName=null; destroyMethodName=null] with [Generic bean: class [org.springframework.batch.core.configuration.xml.JobParserJobFactoryBean]; scope=; abstract=false; lazyInit=false; autowireMode=0; dependencyCheck=0; autowireCandidate=true; primary=false; factoryBeanName=null; factoryMethodName=null; initMethodName=null; destroyMethodName=null]"
2016-03-24 18:09:04.933 [INFO ] org.springframework.beans.factory.support.DefaultListableBeanFactory "Pre-instantiating singletons in org.springframework.beans.factory.support.DefaultListableBeanFactory@6614418b: defining beans [jobRepository,transactionManager,jobLauncher,systemDataSource,targetDataSource,org.springframework.jdbc.datasource.init.DataSourceInitializer#0,checkFileTask,createFileTask,continueTask,org.springframework.batch.core.scope.internalStepScope,org.springframework.beans.factory.config.CustomEditorConfigurer,org.springframework.batch.core.configuration.xml.CoreNamespacePostProcessor,initialization-step,createFileStep,continue-step,robust-export]; root of factory hierarchy"
2016-03-24 18:09:04.955 [INFO ] org.springframework.jdbc.datasource.DriverManagerDataSource "Loaded JDBC driver: org.hsqldb.jdbcDriver"
2016-03-24 18:09:05.135 [INFO ] org.springframework.batch.core.launch.support.SimpleJobLauncher "No TaskExecutor has been set, defaulting to synchronous executor."
2016-03-24 18:09:05.136 [INFO ] org.springframework.jdbc.datasource.DriverManagerDataSource "Loaded JDBC driver: com.mysql.jdbc.Driver"
2016-03-24 18:09:05.553 [INFO ] org.springframework.jdbc.datasource.init.ResourceDatabasePopulator "Executing SQL script from class path resource [org/springframework/batch/core/schema-drop-hsqldb.sql]"
2016-03-24 18:09:05.557 [INFO ] org.springframework.jdbc.datasource.init.ResourceDatabasePopulator "Done executing SQL script from class path resource [org/springframework/batch/core/schema-drop-hsqldb.sql] in 4 ms."
2016-03-24 18:09:05.557 [INFO ] org.springframework.jdbc.datasource.init.ResourceDatabasePopulator "Executing SQL script from class path resource [org/springframework/batch/core/schema-hsqldb.sql]"
2016-03-24 18:09:05.567 [INFO ] org.springframework.jdbc.datasource.init.ResourceDatabasePopulator "Done executing SQL script from class path resource [org/springframework/batch/core/schema-hsqldb.sql] in 10 ms."
2016-03-24 18:09:06.084 [INFO ] org.springframework.batch.core.launch.support.SimpleJobLauncher "Job: [FlowJob: [name=robust-export]] launched with the following parameters: [{date=1458817746010, maxThread=2}]"
2016-03-24 18:09:06.106 [INFO ] org.springframework.batch.core.job.SimpleStepHandler "Executing step: [initialization-step]"
2016-03-24 18:09:49.001 [INFO ] org.springframework.batch.core.job.SimpleStepHandler "Executing step: [createFileStep]"
2016-03-24 18:10:24.887 [INFO ] org.springframework.context.support.ClassPathXmlApplicationContext "Refreshing org.springframework.context.support.ClassPathXmlApplicationContext@1a5a7c89: startup date [Thu Mar 24 18:10:24 WIB 2016]; root of context hierarchy"
2016-03-24 18:10:24.960 [INFO ] org.springframework.beans.factory.xml.XmlBeanDefinitionReader "Loading XML bean definitions from class path resource [job-definition.xml]"
2016-03-24 18:10:25.155 [INFO ] org.springframework.beans.factory.xml.XmlBeanDefinitionReader "Loading XML bean definitions from class path resource [context.xml]"
2016-03-24 18:10:25.217 [INFO ] org.springframework.beans.factory.xml.XmlBeanDefinitionReader "Loading XML bean definitions from class path resource [database.xml]"
2016-03-24 18:10:25.282 [INFO ] org.springframework.beans.factory.support.DefaultListableBeanFactory "Overriding bean definition for bean 'transactionManager': replacing [Generic bean: class [org.springframework.batch.support.transaction.ResourcelessTransactionManager]; scope=; abstract=false; lazyInit=false; autowireMode=0; dependencyCheck=0; autowireCandidate=true; primary=false; factoryBeanName=null; factoryMethodName=null; initMethodName=null; destroyMethodName=null; defined in class path resource [context.xml]] with [Generic bean: class [org.springframework.batch.support.transaction.ResourcelessTransactionManager]; scope=; abstract=false; lazyInit=false; autowireMode=0; dependencyCheck=0; autowireCandidate=true; primary=false; factoryBeanName=null; factoryMethodName=null; initMethodName=null; destroyMethodName=null; defined in class path resource [database.xml]]"
2016-03-24 18:10:25.410 [INFO ] org.springframework.beans.factory.support.DefaultListableBeanFactory "Overriding bean definition for bean 'robust-export': replacing [Generic bean: class [org.springframework.batch.core.configuration.xml.SimpleFlowFactoryBean]; scope=; abstract=false; lazyInit=false; autowireMode=0; dependencyCheck=0; autowireCandidate=true; primary=false; factoryBeanName=null; factoryMethodName=null; initMethodName=null; destroyMethodName=null] with [Generic bean: class [org.springframework.batch.core.configuration.xml.JobParserJobFactoryBean]; scope=; abstract=false; lazyInit=false; autowireMode=0; dependencyCheck=0; autowireCandidate=true; primary=false; factoryBeanName=null; factoryMethodName=null; initMethodName=null; destroyMethodName=null]"
2016-03-24 18:10:25.643 [INFO ] org.springframework.beans.factory.support.DefaultListableBeanFactory "Pre-instantiating singletons in org.springframework.beans.factory.support.DefaultListableBeanFactory@6614418b: defining beans [jobRepository,transactionManager,jobLauncher,systemDataSource,targetDataSource,org.springframework.jdbc.datasource.init.DataSourceInitializer#0,checkFileTask,createFileTask,continueTask,org.springframework.batch.core.scope.internalStepScope,org.springframework.beans.factory.config.CustomEditorConfigurer,org.springframework.batch.core.configuration.xml.CoreNamespacePostProcessor,initialization-step,createFileStep,continue-step,robust-export]; root of factory hierarchy"
2016-03-24 18:10:25.680 [INFO ] org.springframework.jdbc.datasource.DriverManagerDataSource "Loaded JDBC driver: org.hsqldb.jdbcDriver"
2016-03-24 18:10:25.949 [INFO ] org.springframework.batch.core.launch.support.SimpleJobLauncher "No TaskExecutor has been set, defaulting to synchronous executor."
2016-03-24 18:10:25.951 [INFO ] org.springframework.jdbc.datasource.DriverManagerDataSource "Loaded JDBC driver: com.mysql.jdbc.Driver"
2016-03-24 18:10:26.383 [INFO ] org.springframework.jdbc.datasource.init.ResourceDatabasePopulator "Executing SQL script from class path resource [org/springframework/batch/core/schema-drop-hsqldb.sql]"
2016-03-24 18:10:26.387 [INFO ] org.springframework.jdbc.datasource.init.ResourceDatabasePopulator "Done executing SQL script from class path resource [org/springframework/batch/core/schema-drop-hsqldb.sql] in 4 ms."
2016-03-24 18:10:26.387 [INFO ] org.springframework.jdbc.datasource.init.ResourceDatabasePopulator "Executing SQL script from class path resource [org/springframework/batch/core/schema-hsqldb.sql]"
2016-03-24 18:10:26.397 [INFO ] org.springframework.jdbc.datasource.init.ResourceDatabasePopulator "Done executing SQL script from class path resource [org/springframework/batch/core/schema-hsqldb.sql] in 10 ms."
2016-03-24 18:10:26.768 [INFO ] org.springframework.batch.core.launch.support.SimpleJobLauncher "Job: [FlowJob: [name=robust-export]] launched with the following parameters: [{date=1458817826700, maxThread=2}]"
2016-03-24 18:10:26.797 [INFO ] org.springframework.batch.core.job.SimpleStepHandler "Executing step: [initialization-step]"
2016-03-24 18:10:51.170 [INFO ] org.springframework.batch.core.job.SimpleStepHandler "Executing step: [createFileStep]"
