2016-04-25 15:04:10.586 [INFO ] org.springframework.context.support.ClassPathXmlApplicationContext "Refreshing org.springframework.context.support.ClassPathXmlApplicationContext@3e2055d6: startup date [Mon Apr 25 15:04:10 WIB 2016]; root of context hierarchy"
2016-04-25 15:04:10.637 [INFO ] org.springframework.beans.factory.xml.XmlBeanDefinitionReader "Loading XML bean definitions from class path resource [job-definition.xml]"
2016-04-25 15:04:10.763 [INFO ] org.springframework.beans.factory.xml.XmlBeanDefinitionReader "Loading XML bean definitions from class path resource [context.xml]"
2016-04-25 15:04:10.807 [INFO ] org.springframework.beans.factory.xml.XmlBeanDefinitionReader "Loading XML bean definitions from class path resource [database.xml]"
2016-04-25 15:04:10.837 [INFO ] org.springframework.beans.factory.support.DefaultListableBeanFactory "Overriding bean definition for bean 'transactionManager': replacing [Generic bean: class [org.springframework.batch.support.transaction.ResourcelessTransactionManager]; scope=; abstract=false; lazyInit=false; autowireMode=0; dependencyCheck=0; autowireCandidate=true; primary=false; factoryBeanName=null; factoryMethodName=null; initMethodName=null; destroyMethodName=null; defined in class path resource [context.xml]] with [Generic bean: class [org.springframework.batch.support.transaction.ResourcelessTransactionManager]; scope=; abstract=false; lazyInit=false; autowireMode=0; dependencyCheck=0; autowireCandidate=true; primary=false; factoryBeanName=null; factoryMethodName=null; initMethodName=null; destroyMethodName=null; defined in class path resource [database.xml]]"
2016-04-25 15:04:10.903 [INFO ] org.springframework.beans.factory.support.DefaultListableBeanFactory "Overriding bean definition for bean 'robust-export': replacing [Generic bean: class [org.springframework.batch.core.configuration.xml.SimpleFlowFactoryBean]; scope=; abstract=false; lazyInit=false; autowireMode=0; dependencyCheck=0; autowireCandidate=true; primary=false; factoryBeanName=null; factoryMethodName=null; initMethodName=null; destroyMethodName=null] with [Generic bean: class [org.springframework.batch.core.configuration.xml.JobParserJobFactoryBean]; scope=; abstract=false; lazyInit=false; autowireMode=0; dependencyCheck=0; autowireCandidate=true; primary=false; factoryBeanName=null; factoryMethodName=null; initMethodName=null; destroyMethodName=null]"
2016-04-25 15:04:11.055 [INFO ] org.springframework.beans.factory.support.DefaultListableBeanFactory "Pre-instantiating singletons in org.springframework.beans.factory.support.DefaultListableBeanFactory@7cbc3762: defining beans [jobRepository,transactionManager,jobLauncher,systemDataSource,targetDataSource,org.springframework.jdbc.datasource.init.DataSourceInitializer#0,checkFileTask,createFileTask,continueTask,org.springframework.batch.core.scope.internalStepScope,org.springframework.beans.factory.config.CustomEditorConfigurer,org.springframework.batch.core.configuration.xml.CoreNamespacePostProcessor,initialization-step,createFileStep,continue-step,robust-export]; root of factory hierarchy"
2016-04-25 15:04:11.085 [INFO ] org.springframework.jdbc.datasource.DriverManagerDataSource "Loaded JDBC driver: org.hsqldb.jdbcDriver"
2016-04-25 15:04:11.312 [INFO ] org.springframework.batch.core.launch.support.SimpleJobLauncher "No TaskExecutor has been set, defaulting to synchronous executor."
2016-04-25 15:04:11.314 [INFO ] org.springframework.jdbc.datasource.DriverManagerDataSource "Loaded JDBC driver: com.mysql.jdbc.Driver"
2016-04-25 15:04:11.690 [INFO ] org.springframework.jdbc.datasource.init.ResourceDatabasePopulator "Executing SQL script from class path resource [org/springframework/batch/core/schema-drop-hsqldb.sql]"
2016-04-25 15:04:11.696 [INFO ] org.springframework.jdbc.datasource.init.ResourceDatabasePopulator "Done executing SQL script from class path resource [org/springframework/batch/core/schema-drop-hsqldb.sql] in 4 ms."
2016-04-25 15:04:11.696 [INFO ] org.springframework.jdbc.datasource.init.ResourceDatabasePopulator "Executing SQL script from class path resource [org/springframework/batch/core/schema-hsqldb.sql]"
2016-04-25 15:04:11.706 [INFO ] org.springframework.jdbc.datasource.init.ResourceDatabasePopulator "Done executing SQL script from class path resource [org/springframework/batch/core/schema-hsqldb.sql] in 10 ms."
2016-04-25 15:04:11.815 [INFO ] com.zaxxer.hikari.HikariDataSource "springHikariCP - Started."
2016-04-25 15:04:12.944 [INFO ] org.springframework.batch.core.launch.support.SimpleJobLauncher "Job: [FlowJob: [name=robust-export]] launched with the following parameters: [{date=1461571452868, maxThread=2}]"
2016-04-25 15:04:12.969 [INFO ] org.springframework.batch.core.job.SimpleStepHandler "Executing step: [initialization-step]"
2016-04-25 15:04:13.206 [INFO ] org.springframework.batch.core.job.SimpleStepHandler "Executing step: [createFileStep]"
2016-04-25 15:04:13.232 [INFO ] org.springframework.batch.core.job.SimpleStepHandler "Executing step: [continue-step]"
2016-04-25 15:04:13.270 [INFO ] org.springframework.batch.core.job.SimpleStepHandler "Duplicate step [initialization-step] detected in execution of job=[robust-export]. If either step fails, both will be executed again on restart."
2016-04-25 15:04:13.281 [INFO ] org.springframework.batch.core.job.SimpleStepHandler "Executing step: [initialization-step]"
2016-04-25 15:04:13.328 [INFO ] org.springframework.batch.core.job.SimpleStepHandler "Duplicate step [createFileStep] detected in execution of job=[robust-export]. If either step fails, both will be executed again on restart."
2016-04-25 15:04:13.335 [INFO ] org.springframework.batch.core.job.SimpleStepHandler "Executing step: [createFileStep]"
2016-04-25 15:04:13.354 [INFO ] org.springframework.batch.core.job.SimpleStepHandler "Duplicate step [continue-step] detected in execution of job=[robust-export]. If either step fails, both will be executed again on restart."
2016-04-25 15:04:13.359 [INFO ] org.springframework.batch.core.job.SimpleStepHandler "Executing step: [continue-step]"
2016-04-25 15:04:13.380 [INFO ] org.springframework.batch.core.job.SimpleStepHandler "Duplicate step [initialization-step] detected in execution of job=[robust-export]. If either step fails, both will be executed again on restart."
2016-04-25 15:04:13.387 [INFO ] org.springframework.batch.core.job.SimpleStepHandler "Executing step: [initialization-step]"
2016-04-25 15:04:13.433 [INFO ] org.springframework.batch.core.job.SimpleStepHandler "Duplicate step [createFileStep] detected in execution of job=[robust-export]. If either step fails, both will be executed again on restart."
2016-04-25 15:04:13.444 [INFO ] org.springframework.batch.core.job.SimpleStepHandler "Executing step: [createFileStep]"
2016-04-25 15:04:13.467 [INFO ] org.springframework.batch.core.job.SimpleStepHandler "Duplicate step [continue-step] detected in execution of job=[robust-export]. If either step fails, both will be executed again on restart."
2016-04-25 15:04:13.473 [INFO ] org.springframework.batch.core.job.SimpleStepHandler "Executing step: [continue-step]"
2016-04-25 15:04:13.499 [INFO ] org.springframework.batch.core.job.SimpleStepHandler "Duplicate step [initialization-step] detected in execution of job=[robust-export]. If either step fails, both will be executed again on restart."
2016-04-25 15:04:13.505 [INFO ] org.springframework.batch.core.job.SimpleStepHandler "Executing step: [initialization-step]"
2016-04-25 15:04:13.558 [INFO ] org.springframework.batch.core.job.SimpleStepHandler "Duplicate step [createFileStep] detected in execution of job=[robust-export]. If either step fails, both will be executed again on restart."
2016-04-25 15:04:13.565 [INFO ] org.springframework.batch.core.job.SimpleStepHandler "Executing step: [createFileStep]"
2016-04-25 15:04:13.601 [INFO ] org.springframework.batch.core.job.SimpleStepHandler "Duplicate step [continue-step] detected in execution of job=[robust-export]. If either step fails, both will be executed again on restart."
2016-04-25 15:04:13.609 [INFO ] org.springframework.batch.core.job.SimpleStepHandler "Executing step: [continue-step]"
2016-04-25 15:04:13.634 [INFO ] org.springframework.batch.core.job.SimpleStepHandler "Duplicate step [initialization-step] detected in execution of job=[robust-export]. If either step fails, both will be executed again on restart."
2016-04-25 15:04:13.643 [INFO ] org.springframework.batch.core.job.SimpleStepHandler "Executing step: [initialization-step]"
2016-04-25 15:04:13.706 [INFO ] org.springframework.batch.core.job.SimpleStepHandler "Duplicate step [createFileStep] detected in execution of job=[robust-export]. If either step fails, both will be executed again on restart."
2016-04-25 15:04:13.713 [INFO ] org.springframework.batch.core.job.SimpleStepHandler "Executing step: [createFileStep]"
2016-04-25 15:04:13.734 [INFO ] org.springframework.batch.core.job.SimpleStepHandler "Duplicate step [continue-step] detected in execution of job=[robust-export]. If either step fails, both will be executed again on restart."
2016-04-25 15:04:13.746 [INFO ] org.springframework.batch.core.job.SimpleStepHandler "Executing step: [continue-step]"
2016-04-25 15:04:13.785 [INFO ] org.springframework.batch.core.job.SimpleStepHandler "Duplicate step [initialization-step] detected in execution of job=[robust-export]. If either step fails, both will be executed again on restart."
2016-04-25 15:04:13.792 [INFO ] org.springframework.batch.core.job.SimpleStepHandler "Executing step: [initialization-step]"
2016-04-25 15:04:13.854 [INFO ] org.springframework.batch.core.job.SimpleStepHandler "Duplicate step [createFileStep] detected in execution of job=[robust-export]. If either step fails, both will be executed again on restart."
2016-04-25 15:04:13.861 [INFO ] org.springframework.batch.core.job.SimpleStepHandler "Executing step: [createFileStep]"
2016-04-25 15:04:13.882 [INFO ] org.springframework.batch.core.job.SimpleStepHandler "Duplicate step [continue-step] detected in execution of job=[robust-export]. If either step fails, both will be executed again on restart."
2016-04-25 15:04:13.889 [INFO ] org.springframework.batch.core.job.SimpleStepHandler "Executing step: [continue-step]"
2016-04-25 15:04:13.907 [INFO ] org.springframework.batch.core.job.SimpleStepHandler "Duplicate step [initialization-step] detected in execution of job=[robust-export]. If either step fails, both will be executed again on restart."
2016-04-25 15:04:13.912 [INFO ] org.springframework.batch.core.job.SimpleStepHandler "Executing step: [initialization-step]"
2016-04-25 15:04:13.969 [INFO ] org.springframework.batch.core.job.SimpleStepHandler "Duplicate step [createFileStep] detected in execution of job=[robust-export]. If either step fails, both will be executed again on restart."
2016-04-25 15:04:13.975 [INFO ] org.springframework.batch.core.job.SimpleStepHandler "Executing step: [createFileStep]"
2016-04-25 15:04:13.993 [INFO ] org.springframework.batch.core.job.SimpleStepHandler "Duplicate step [continue-step] detected in execution of job=[robust-export]. If either step fails, both will be executed again on restart."
2016-04-25 15:04:13.998 [INFO ] org.springframework.batch.core.job.SimpleStepHandler "Executing step: [continue-step]"
2016-04-25 15:04:14.020 [INFO ] org.springframework.batch.core.job.SimpleStepHandler "Duplicate step [initialization-step] detected in execution of job=[robust-export]. If either step fails, both will be executed again on restart."
2016-04-25 15:04:14.025 [INFO ] org.springframework.batch.core.job.SimpleStepHandler "Executing step: [initialization-step]"
2016-04-25 15:04:14.080 [INFO ] org.springframework.batch.core.job.SimpleStepHandler "Duplicate step [createFileStep] detected in execution of job=[robust-export]. If either step fails, both will be executed again on restart."
2016-04-25 15:04:14.093 [INFO ] org.springframework.batch.core.job.SimpleStepHandler "Executing step: [createFileStep]"
2016-04-25 15:04:14.109 [INFO ] org.springframework.batch.core.job.SimpleStepHandler "Duplicate step [continue-step] detected in execution of job=[robust-export]. If either step fails, both will be executed again on restart."
2016-04-25 15:04:14.114 [INFO ] org.springframework.batch.core.job.SimpleStepHandler "Executing step: [continue-step]"
2016-04-25 15:04:14.131 [INFO ] org.springframework.batch.core.job.SimpleStepHandler "Duplicate step [initialization-step] detected in execution of job=[robust-export]. If either step fails, both will be executed again on restart."
2016-04-25 15:04:14.136 [INFO ] org.springframework.batch.core.job.SimpleStepHandler "Executing step: [initialization-step]"
2016-04-25 15:04:14.194 [INFO ] org.springframework.batch.core.job.SimpleStepHandler "Duplicate step [createFileStep] detected in execution of job=[robust-export]. If either step fails, both will be executed again on restart."
2016-04-25 15:04:14.199 [INFO ] org.springframework.batch.core.job.SimpleStepHandler "Executing step: [createFileStep]"
2016-04-25 15:04:14.213 [INFO ] org.springframework.batch.core.job.SimpleStepHandler "Duplicate step [continue-step] detected in execution of job=[robust-export]. If either step fails, both will be executed again on restart."
2016-04-25 15:04:14.218 [INFO ] org.springframework.batch.core.job.SimpleStepHandler "Executing step: [continue-step]"
2016-04-25 15:04:14.232 [INFO ] org.springframework.batch.core.job.SimpleStepHandler "Duplicate step [initialization-step] detected in execution of job=[robust-export]. If either step fails, both will be executed again on restart."
2016-04-25 15:04:14.238 [INFO ] org.springframework.batch.core.job.SimpleStepHandler "Executing step: [initialization-step]"
2016-04-25 15:04:14.282 [INFO ] org.springframework.batch.core.job.SimpleStepHandler "Duplicate step [createFileStep] detected in execution of job=[robust-export]. If either step fails, both will be executed again on restart."
2016-04-25 15:04:14.286 [INFO ] org.springframework.batch.core.job.SimpleStepHandler "Executing step: [createFileStep]"
2016-04-25 15:04:14.299 [INFO ] org.springframework.batch.core.job.SimpleStepHandler "Duplicate step [continue-step] detected in execution of job=[robust-export]. If either step fails, both will be executed again on restart."
2016-04-25 15:04:14.304 [INFO ] org.springframework.batch.core.job.SimpleStepHandler "Executing step: [continue-step]"
2016-04-25 15:04:14.319 [INFO ] org.springframework.batch.core.job.SimpleStepHandler "Duplicate step [initialization-step] detected in execution of job=[robust-export]. If either step fails, both will be executed again on restart."
2016-04-25 15:04:14.324 [INFO ] org.springframework.batch.core.job.SimpleStepHandler "Executing step: [initialization-step]"
2016-04-25 15:04:14.366 [INFO ] org.springframework.batch.core.job.SimpleStepHandler "Duplicate step [createFileStep] detected in execution of job=[robust-export]. If either step fails, both will be executed again on restart."
2016-04-25 15:04:14.374 [INFO ] org.springframework.batch.core.job.SimpleStepHandler "Executing step: [createFileStep]"
2016-04-25 15:04:14.398 [INFO ] org.springframework.batch.core.job.SimpleStepHandler "Duplicate step [continue-step] detected in execution of job=[robust-export]. If either step fails, both will be executed again on restart."
2016-04-25 15:04:14.402 [INFO ] org.springframework.batch.core.job.SimpleStepHandler "Executing step: [continue-step]"
2016-04-25 15:04:14.416 [INFO ] org.springframework.batch.core.job.SimpleStepHandler "Duplicate step [initialization-step] detected in execution of job=[robust-export]. If either step fails, both will be executed again on restart."
2016-04-25 15:04:14.420 [INFO ] org.springframework.batch.core.job.SimpleStepHandler "Executing step: [initialization-step]"
2016-04-25 15:04:14.464 [INFO ] org.springframework.batch.core.job.SimpleStepHandler "Duplicate step [createFileStep] detected in execution of job=[robust-export]. If either step fails, both will be executed again on restart."
2016-04-25 15:04:14.469 [INFO ] org.springframework.batch.core.job.SimpleStepHandler "Executing step: [createFileStep]"
2016-04-25 15:04:14.482 [INFO ] org.springframework.batch.core.job.SimpleStepHandler "Duplicate step [continue-step] detected in execution of job=[robust-export]. If either step fails, both will be executed again on restart."
2016-04-25 15:04:14.486 [INFO ] org.springframework.batch.core.job.SimpleStepHandler "Executing step: [continue-step]"
2016-04-25 15:04:14.501 [INFO ] org.springframework.batch.core.job.SimpleStepHandler "Duplicate step [initialization-step] detected in execution of job=[robust-export]. If either step fails, both will be executed again on restart."
2016-04-25 15:04:14.505 [INFO ] org.springframework.batch.core.job.SimpleStepHandler "Executing step: [initialization-step]"
2016-04-25 15:04:14.571 [INFO ] org.springframework.batch.core.job.SimpleStepHandler "Duplicate step [createFileStep] detected in execution of job=[robust-export]. If either step fails, both will be executed again on restart."
2016-04-25 15:04:14.576 [INFO ] org.springframework.batch.core.job.SimpleStepHandler "Executing step: [createFileStep]"
2016-04-25 15:04:14.590 [INFO ] org.springframework.batch.core.job.SimpleStepHandler "Duplicate step [continue-step] detected in execution of job=[robust-export]. If either step fails, both will be executed again on restart."
2016-04-25 15:04:14.601 [INFO ] org.springframework.batch.core.job.SimpleStepHandler "Executing step: [continue-step]"
2016-04-25 15:04:14.617 [INFO ] org.springframework.batch.core.job.SimpleStepHandler "Duplicate step [initialization-step] detected in execution of job=[robust-export]. If either step fails, both will be executed again on restart."
2016-04-25 15:04:14.622 [INFO ] org.springframework.batch.core.job.SimpleStepHandler "Executing step: [initialization-step]"
2016-04-25 15:04:14.660 [INFO ] org.springframework.batch.core.job.SimpleStepHandler "Duplicate step [createFileStep] detected in execution of job=[robust-export]. If either step fails, both will be executed again on restart."
2016-04-25 15:04:14.666 [INFO ] org.springframework.batch.core.job.SimpleStepHandler "Executing step: [createFileStep]"
2016-04-25 15:04:14.678 [INFO ] org.springframework.batch.core.job.SimpleStepHandler "Duplicate step [continue-step] detected in execution of job=[robust-export]. If either step fails, both will be executed again on restart."
2016-04-25 15:04:14.683 [INFO ] org.springframework.batch.core.job.SimpleStepHandler "Executing step: [continue-step]"
2016-04-25 15:04:14.697 [INFO ] org.springframework.batch.core.job.SimpleStepHandler "Duplicate step [initialization-step] detected in execution of job=[robust-export]. If either step fails, both will be executed again on restart."
2016-04-25 15:04:14.702 [INFO ] org.springframework.batch.core.job.SimpleStepHandler "Executing step: [initialization-step]"
2016-04-25 15:04:14.741 [INFO ] org.springframework.batch.core.job.SimpleStepHandler "Duplicate step [createFileStep] detected in execution of job=[robust-export]. If either step fails, both will be executed again on restart."
2016-04-25 15:04:14.745 [INFO ] org.springframework.batch.core.job.SimpleStepHandler "Executing step: [createFileStep]"
2016-04-25 15:04:14.758 [INFO ] org.springframework.batch.core.job.SimpleStepHandler "Duplicate step [continue-step] detected in execution of job=[robust-export]. If either step fails, both will be executed again on restart."
2016-04-25 15:04:14.763 [INFO ] org.springframework.batch.core.job.SimpleStepHandler "Executing step: [continue-step]"
2016-04-25 15:04:14.777 [INFO ] org.springframework.batch.core.job.SimpleStepHandler "Duplicate step [initialization-step] detected in execution of job=[robust-export]. If either step fails, both will be executed again on restart."
2016-04-25 15:04:14.782 [INFO ] org.springframework.batch.core.job.SimpleStepHandler "Executing step: [initialization-step]"
2016-04-25 15:04:14.860 [INFO ] org.springframework.batch.core.job.SimpleStepHandler "Duplicate step [createFileStep] detected in execution of job=[robust-export]. If either step fails, both will be executed again on restart."
2016-04-25 15:04:14.866 [INFO ] org.springframework.batch.core.job.SimpleStepHandler "Executing step: [createFileStep]"
2016-04-25 15:04:14.880 [INFO ] org.springframework.batch.core.job.SimpleStepHandler "Duplicate step [continue-step] detected in execution of job=[robust-export]. If either step fails, both will be executed again on restart."
2016-04-25 15:04:14.885 [INFO ] org.springframework.batch.core.job.SimpleStepHandler "Executing step: [continue-step]"
2016-04-25 15:04:14.896 [INFO ] org.springframework.batch.core.job.SimpleStepHandler "Duplicate step [initialization-step] detected in execution of job=[robust-export]. If either step fails, both will be executed again on restart."
2016-04-25 15:04:14.901 [INFO ] org.springframework.batch.core.job.SimpleStepHandler "Executing step: [initialization-step]"
2016-04-25 15:04:14.933 [INFO ] org.springframework.batch.core.job.SimpleStepHandler "Duplicate step [createFileStep] detected in execution of job=[robust-export]. If either step fails, both will be executed again on restart."
2016-04-25 15:04:14.937 [INFO ] org.springframework.batch.core.job.SimpleStepHandler "Executing step: [createFileStep]"
2016-04-25 15:04:14.947 [INFO ] org.springframework.batch.core.job.SimpleStepHandler "Duplicate step [continue-step] detected in execution of job=[robust-export]. If either step fails, both will be executed again on restart."
2016-04-25 15:04:14.951 [INFO ] org.springframework.batch.core.job.SimpleStepHandler "Executing step: [continue-step]"
2016-04-25 15:04:14.963 [INFO ] org.springframework.batch.core.job.SimpleStepHandler "Duplicate step [initialization-step] detected in execution of job=[robust-export]. If either step fails, both will be executed again on restart."
2016-04-25 15:04:14.968 [INFO ] org.springframework.batch.core.job.SimpleStepHandler "Executing step: [initialization-step]"
2016-04-25 15:04:14.998 [INFO ] org.springframework.batch.core.job.SimpleStepHandler "Duplicate step [createFileStep] detected in execution of job=[robust-export]. If either step fails, both will be executed again on restart."
2016-04-25 15:04:15.003 [INFO ] org.springframework.batch.core.job.SimpleStepHandler "Executing step: [createFileStep]"
2016-04-25 15:04:15.016 [INFO ] org.springframework.batch.core.job.SimpleStepHandler "Duplicate step [continue-step] detected in execution of job=[robust-export]. If either step fails, both will be executed again on restart."
2016-04-25 15:04:15.020 [INFO ] org.springframework.batch.core.job.SimpleStepHandler "Executing step: [continue-step]"
2016-04-25 15:04:15.033 [INFO ] org.springframework.batch.core.job.SimpleStepHandler "Duplicate step [initialization-step] detected in execution of job=[robust-export]. If either step fails, both will be executed again on restart."
2016-04-25 15:04:15.037 [INFO ] org.springframework.batch.core.job.SimpleStepHandler "Executing step: [initialization-step]"
2016-04-25 15:04:15.082 [INFO ] org.springframework.batch.core.job.SimpleStepHandler "Duplicate step [createFileStep] detected in execution of job=[robust-export]. If either step fails, both will be executed again on restart."
2016-04-25 15:04:15.086 [INFO ] org.springframework.batch.core.job.SimpleStepHandler "Executing step: [createFileStep]"
2016-04-25 15:04:15.097 [INFO ] org.springframework.batch.core.job.SimpleStepHandler "Duplicate step [continue-step] detected in execution of job=[robust-export]. If either step fails, both will be executed again on restart."
2016-04-25 15:04:15.101 [INFO ] org.springframework.batch.core.job.SimpleStepHandler "Executing step: [continue-step]"
2016-04-25 15:04:15.114 [INFO ] org.springframework.batch.core.job.SimpleStepHandler "Duplicate step [initialization-step] detected in execution of job=[robust-export]. If either step fails, both will be executed again on restart."
2016-04-25 15:04:15.120 [INFO ] org.springframework.batch.core.job.SimpleStepHandler "Executing step: [initialization-step]"
2016-04-25 15:04:15.154 [INFO ] org.springframework.batch.core.job.SimpleStepHandler "Duplicate step [createFileStep] detected in execution of job=[robust-export]. If either step fails, both will be executed again on restart."
2016-04-25 15:04:15.159 [INFO ] org.springframework.batch.core.job.SimpleStepHandler "Executing step: [createFileStep]"
2016-04-25 15:04:15.169 [INFO ] org.springframework.batch.core.job.SimpleStepHandler "Duplicate step [continue-step] detected in execution of job=[robust-export]. If either step fails, both will be executed again on restart."
2016-04-25 15:04:15.173 [INFO ] org.springframework.batch.core.job.SimpleStepHandler "Executing step: [continue-step]"
2016-04-25 15:04:15.185 [INFO ] org.springframework.batch.core.job.SimpleStepHandler "Duplicate step [initialization-step] detected in execution of job=[robust-export]. If either step fails, both will be executed again on restart."
2016-04-25 15:04:15.202 [INFO ] org.springframework.batch.core.job.SimpleStepHandler "Executing step: [initialization-step]"
2016-04-25 15:04:15.238 [INFO ] org.springframework.batch.core.job.SimpleStepHandler "Duplicate step [createFileStep] detected in execution of job=[robust-export]. If either step fails, both will be executed again on restart."
2016-04-25 15:04:15.242 [INFO ] org.springframework.batch.core.job.SimpleStepHandler "Executing step: [createFileStep]"
2016-04-25 15:04:15.250 [INFO ] org.springframework.batch.core.job.SimpleStepHandler "Duplicate step [continue-step] detected in execution of job=[robust-export]. If either step fails, both will be executed again on restart."
2016-04-25 15:04:15.253 [INFO ] org.springframework.batch.core.job.SimpleStepHandler "Executing step: [continue-step]"
2016-04-25 15:04:15.263 [INFO ] org.springframework.batch.core.job.SimpleStepHandler "Duplicate step [initialization-step] detected in execution of job=[robust-export]. If either step fails, both will be executed again on restart."
2016-04-25 15:04:15.267 [INFO ] org.springframework.batch.core.job.SimpleStepHandler "Executing step: [initialization-step]"
2016-04-25 15:04:15.321 [INFO ] org.springframework.batch.core.job.SimpleStepHandler "Duplicate step [createFileStep] detected in execution of job=[robust-export]. If either step fails, both will be executed again on restart."
2016-04-25 15:04:15.325 [INFO ] org.springframework.batch.core.job.SimpleStepHandler "Executing step: [createFileStep]"
2016-04-25 15:04:15.331 [INFO ] org.springframework.batch.core.job.SimpleStepHandler "Duplicate step [continue-step] detected in execution of job=[robust-export]. If either step fails, both will be executed again on restart."
2016-04-25 15:04:15.334 [INFO ] org.springframework.batch.core.job.SimpleStepHandler "Executing step: [continue-step]"
2016-04-25 15:04:15.342 [INFO ] org.springframework.batch.core.job.SimpleStepHandler "Duplicate step [initialization-step] detected in execution of job=[robust-export]. If either step fails, both will be executed again on restart."
2016-04-25 15:04:15.344 [INFO ] org.springframework.batch.core.job.SimpleStepHandler "Executing step: [initialization-step]"
2016-04-25 15:04:15.389 [INFO ] org.springframework.batch.core.job.SimpleStepHandler "Duplicate step [createFileStep] detected in execution of job=[robust-export]. If either step fails, both will be executed again on restart."
2016-04-25 15:04:15.394 [INFO ] org.springframework.batch.core.job.SimpleStepHandler "Executing step: [createFileStep]"
2016-04-25 15:04:15.405 [INFO ] org.springframework.batch.core.job.SimpleStepHandler "Duplicate step [continue-step] detected in execution of job=[robust-export]. If either step fails, both will be executed again on restart."
2016-04-25 15:04:15.408 [INFO ] org.springframework.batch.core.job.SimpleStepHandler "Executing step: [continue-step]"
2016-04-25 15:04:15.417 [INFO ] org.springframework.batch.core.job.SimpleStepHandler "Duplicate step [initialization-step] detected in execution of job=[robust-export]. If either step fails, both will be executed again on restart."
2016-04-25 15:04:15.420 [INFO ] org.springframework.batch.core.job.SimpleStepHandler "Executing step: [initialization-step]"
2016-04-25 15:04:15.461 [INFO ] org.springframework.batch.core.job.SimpleStepHandler "Duplicate step [createFileStep] detected in execution of job=[robust-export]. If either step fails, both will be executed again on restart."
2016-04-25 15:04:15.464 [INFO ] org.springframework.batch.core.job.SimpleStepHandler "Executing step: [createFileStep]"
2016-04-25 15:04:15.477 [INFO ] org.springframework.batch.core.job.SimpleStepHandler "Duplicate step [continue-step] detected in execution of job=[robust-export]. If either step fails, both will be executed again on restart."
2016-04-25 15:04:15.480 [INFO ] org.springframework.batch.core.job.SimpleStepHandler "Executing step: [continue-step]"
2016-04-25 15:04:15.488 [INFO ] org.springframework.batch.core.job.SimpleStepHandler "Duplicate step [initialization-step] detected in execution of job=[robust-export]. If either step fails, both will be executed again on restart."
2016-04-25 15:04:15.489 [INFO ] org.springframework.batch.core.job.SimpleStepHandler "Executing step: [initialization-step]"
2016-04-25 15:04:15.516 [INFO ] org.springframework.batch.core.job.SimpleStepHandler "Duplicate step [createFileStep] detected in execution of job=[robust-export]. If either step fails, both will be executed again on restart."
2016-04-25 15:04:15.518 [INFO ] org.springframework.batch.core.job.SimpleStepHandler "Executing step: [createFileStep]"
2016-04-25 15:04:15.525 [INFO ] org.springframework.batch.core.job.SimpleStepHandler "Duplicate step [continue-step] detected in execution of job=[robust-export]. If either step fails, both will be executed again on restart."
2016-04-25 15:04:15.527 [INFO ] org.springframework.batch.core.job.SimpleStepHandler "Executing step: [continue-step]"
2016-04-25 15:04:15.535 [INFO ] org.springframework.batch.core.job.SimpleStepHandler "Duplicate step [initialization-step] detected in execution of job=[robust-export]. If either step fails, both will be executed again on restart."
2016-04-25 15:04:15.538 [INFO ] org.springframework.batch.core.job.SimpleStepHandler "Executing step: [initialization-step]"
2016-04-25 15:04:15.583 [INFO ] org.springframework.batch.core.job.SimpleStepHandler "Duplicate step [createFileStep] detected in execution of job=[robust-export]. If either step fails, both will be executed again on restart."
2016-04-25 15:04:15.586 [INFO ] org.springframework.batch.core.job.SimpleStepHandler "Executing step: [createFileStep]"
2016-04-25 15:04:15.595 [INFO ] org.springframework.batch.core.job.SimpleStepHandler "Duplicate step [continue-step] detected in execution of job=[robust-export]. If either step fails, both will be executed again on restart."
2016-04-25 15:04:15.599 [INFO ] org.springframework.batch.core.job.SimpleStepHandler "Executing step: [continue-step]"
2016-04-25 15:04:15.617 [INFO ] org.springframework.batch.core.job.SimpleStepHandler "Duplicate step [initialization-step] detected in execution of job=[robust-export]. If either step fails, both will be executed again on restart."
2016-04-25 15:04:15.620 [INFO ] org.springframework.batch.core.job.SimpleStepHandler "Executing step: [initialization-step]"
2016-04-25 15:04:15.671 [INFO ] org.springframework.batch.core.job.SimpleStepHandler "Duplicate step [createFileStep] detected in execution of job=[robust-export]. If either step fails, both will be executed again on restart."
2016-04-25 15:04:15.675 [INFO ] org.springframework.batch.core.job.SimpleStepHandler "Executing step: [createFileStep]"
2016-04-25 15:04:15.685 [INFO ] org.springframework.batch.core.job.SimpleStepHandler "Duplicate step [continue-step] detected in execution of job=[robust-export]. If either step fails, both will be executed again on restart."
2016-04-25 15:04:15.693 [INFO ] org.springframework.batch.core.job.SimpleStepHandler "Executing step: [continue-step]"
