2016-04-22 15:23:25.819 [ERROR] org.springframework.batch.core.step.AbstractStep "Encountered an error executing the step"
java.lang.NullPointerException
	at com.numazu.export.util.PushIOSThread.getDeviceToken(PushIOSThread.java:97) ~[bin/:?]
	at com.numazu.export.task.CreateFileTask.doLoopSendToJms2(CreateFileTask.java:192) ~[bin/:?]
	at com.numazu.export.task.CreateFileTask.lambda$1(CreateFileTask.java:129) ~[bin/:?]
	at java.util.stream.ForEachOps$ForEachOp$OfRef.accept(ForEachOps.java:184) ~[?:1.8.0_60]
	at java.util.ArrayList$ArrayListSpliterator.forEachRemaining(ArrayList.java:1374) ~[?:1.8.0_60]
	at java.util.stream.AbstractPipeline.copyInto(AbstractPipeline.java:481) ~[?:1.8.0_60]
	at java.util.stream.AbstractPipeline.wrapAndCopyInto(AbstractPipeline.java:471) ~[?:1.8.0_60]
	at java.util.stream.ForEachOps$ForEachOrderedTask.onCompletion(ForEachOps.java:495) ~[?:1.8.0_60]
	at java.util.concurrent.CountedCompleter.tryComplete(CountedCompleter.java:577) ~[?:1.8.0_60]
	at java.util.stream.ForEachOps$ForEachOrderedTask.doCompute(ForEachOps.java:483) ~[?:1.8.0_60]
	at java.util.stream.ForEachOps$ForEachOrderedTask.compute(ForEachOps.java:400) ~[?:1.8.0_60]
	at java.util.concurrent.CountedCompleter.exec(CountedCompleter.java:731) ~[?:1.8.0_60]
	at java.util.concurrent.ForkJoinTask.doExec(ForkJoinTask.java:289) ~[?:1.8.0_60]
	at java.util.concurrent.ForkJoinPool.helpComplete(ForkJoinPool.java:1870) ~[?:1.8.0_60]
	at java.util.concurrent.ForkJoinPool.externalHelpComplete(ForkJoinPool.java:2467) ~[?:1.8.0_60]
	at java.util.concurrent.ForkJoinTask.externalAwaitDone(ForkJoinTask.java:324) ~[?:1.8.0_60]
	at java.util.concurrent.ForkJoinTask.doInvoke(ForkJoinTask.java:405) ~[?:1.8.0_60]
	at java.util.concurrent.ForkJoinTask.invoke(ForkJoinTask.java:734) ~[?:1.8.0_60]
	at java.util.stream.ForEachOps$ForEachOp.evaluateParallel(ForEachOps.java:158) ~[?:1.8.0_60]
	at java.util.stream.ForEachOps$ForEachOp$OfRef.evaluateParallel(ForEachOps.java:174) ~[?:1.8.0_60]
	at java.util.stream.AbstractPipeline.evaluate(AbstractPipeline.java:233) ~[?:1.8.0_60]
	at java.util.stream.ReferencePipeline.forEachOrdered(ReferencePipeline.java:423) ~[?:1.8.0_60]
	at java.util.stream.ReferencePipeline$Head.forEachOrdered(ReferencePipeline.java:593) ~[?:1.8.0_60]
	at com.numazu.export.task.CreateFileTask.createFile(CreateFileTask.java:129) ~[bin/:?]
	at com.numazu.export.task.CreateFileTask.checkStepRunning(CreateFileTask.java:73) ~[bin/:?]
	at com.numazu.export.task.CreateFileTask.execute(CreateFileTask.java:61) ~[bin/:?]
	at org.springframework.batch.core.step.tasklet.TaskletStep$ChunkTransactionCallback.doInTransaction(TaskletStep.java:395) ~[spring-batch-core-2.2.0.RELEASE.jar:?]
	at org.springframework.transaction.support.TransactionTemplate.execute(TransactionTemplate.java:130) ~[spring-tx-3.2.0.RELEASE.jar:3.2.0.RELEASE]
	at org.springframework.batch.core.step.tasklet.TaskletStep$2.doInChunkContext(TaskletStep.java:267) ~[spring-batch-core-2.2.0.RELEASE.jar:?]
	at org.springframework.batch.core.scope.context.StepContextRepeatCallback.doInIteration(StepContextRepeatCallback.java:77) ~[spring-batch-core-2.2.0.RELEASE.jar:?]
	at org.springframework.batch.repeat.support.RepeatTemplate.getNextResult(RepeatTemplate.java:368) ~[spring-batch-infrastructure-2.2.0.RELEASE.jar:?]
	at org.springframework.batch.repeat.support.RepeatTemplate.executeInternal(RepeatTemplate.java:215) ~[spring-batch-infrastructure-2.2.0.RELEASE.jar:?]
	at org.springframework.batch.repeat.support.RepeatTemplate.iterate(RepeatTemplate.java:144) ~[spring-batch-infrastructure-2.2.0.RELEASE.jar:?]
	at org.springframework.batch.core.step.tasklet.TaskletStep.doExecute(TaskletStep.java:253) ~[spring-batch-core-2.2.0.RELEASE.jar:?]
	at org.springframework.batch.core.step.AbstractStep.execute(AbstractStep.java:195) [spring-batch-core-2.2.0.RELEASE.jar:?]
	at org.springframework.batch.core.job.SimpleStepHandler.handleStep(SimpleStepHandler.java:137) [spring-batch-core-2.2.0.RELEASE.jar:?]
	at org.springframework.batch.core.job.flow.JobFlowExecutor.executeStep(JobFlowExecutor.java:64) [spring-batch-core-2.2.0.RELEASE.jar:?]
	at org.springframework.batch.core.job.flow.support.state.StepState.handle(StepState.java:60) [spring-batch-core-2.2.0.RELEASE.jar:?]
	at org.springframework.batch.core.job.flow.support.SimpleFlow.resume(SimpleFlow.java:152) [spring-batch-core-2.2.0.RELEASE.jar:?]
	at org.springframework.batch.core.job.flow.support.SimpleFlow.start(SimpleFlow.java:131) [spring-batch-core-2.2.0.RELEASE.jar:?]
	at org.springframework.batch.core.job.flow.FlowJob.doExecute(FlowJob.java:135) [spring-batch-core-2.2.0.RELEASE.jar:?]
	at org.springframework.batch.core.job.AbstractJob.execute(AbstractJob.java:301) [spring-batch-core-2.2.0.RELEASE.jar:?]
	at org.springframework.batch.core.launch.support.SimpleJobLauncher$1.run(SimpleJobLauncher.java:134) [spring-batch-core-2.2.0.RELEASE.jar:?]
	at org.springframework.core.task.SyncTaskExecutor.execute(SyncTaskExecutor.java:48) [spring-core-3.2.0.RELEASE.jar:3.2.0.RELEASE]
	at org.springframework.batch.core.launch.support.SimpleJobLauncher.run(SimpleJobLauncher.java:127) [spring-batch-core-2.2.0.RELEASE.jar:?]
	at com.numazu.export.Application.runJob(Application.java:88) [bin/:?]
	at com.numazu.export.Application.main(Application.java:38) [bin/:?]
