2016-04-22 18:50:24.505 [ERROR] org.springframework.batch.core.step.AbstractStep "Encountered an error executing the step"
com.google.gson.JsonSyntaxException: com.google.gson.JsonSyntaxException: com.google.gson.stream.MalformedJsonException: Unterminated object at line 1 column 85 path $.serviceValue
	at sun.reflect.NativeConstructorAccessorImpl.newInstance0(Native Method) ~[?:1.8.0_60]
	at sun.reflect.NativeConstructorAccessorImpl.newInstance(NativeConstructorAccessorImpl.java:62) ~[?:1.8.0_60]
	at sun.reflect.DelegatingConstructorAccessorImpl.newInstance(DelegatingConstructorAccessorImpl.java:45) ~[?:1.8.0_60]
	at java.lang.reflect.Constructor.newInstance(Constructor.java:422) ~[?:1.8.0_60]
	at java.util.concurrent.ForkJoinTask.getThrowableException(ForkJoinTask.java:593) ~[?:1.8.0_60]
	at java.util.concurrent.ForkJoinTask.reportException(ForkJoinTask.java:677) ~[?:1.8.0_60]
	at java.util.concurrent.ForkJoinTask.invoke(ForkJoinTask.java:735) ~[?:1.8.0_60]
	at java.util.stream.ForEachOps$ForEachOp.evaluateParallel(ForEachOps.java:158) ~[?:1.8.0_60]
	at java.util.stream.ForEachOps$ForEachOp$OfRef.evaluateParallel(ForEachOps.java:174) ~[?:1.8.0_60]
	at java.util.stream.AbstractPipeline.evaluate(AbstractPipeline.java:233) ~[?:1.8.0_60]
	at java.util.stream.ReferencePipeline.forEachOrdered(ReferencePipeline.java:423) ~[?:1.8.0_60]
	at java.util.stream.ReferencePipeline$Head.forEachOrdered(ReferencePipeline.java:593) ~[?:1.8.0_60]
	at com.numazu.export.task.CreateFileTask.createFile(CreateFileTask.java:129) ~[bin/:?]
	at com.numazu.export.task.CreateFileTask.checkStepRunning(CreateFileTask.java:73) ~[bin/:?]
	at com.numazu.export.task.CreateFileTask.execute(CreateFileTask.java:61) ~[bin/:?]
	at org.springframework.batch.core.step.tasklet.TaskletStep$ChunkTransactionCallback.doInTransaction(TaskletStep.java:395) ~[spring-batch-core-2.2.0.RELEASE.jar:?]
	at org.springframework.transaction.support.TransactionTemplate.execute(TransactionTemplate.java:130) ~[spring-tx-3.2.0.RELEASE.jar:3.2.0.RELEASE]
	at org.springframework.batch.core.step.tasklet.TaskletStep$2.doInChunkContext(TaskletStep.java:267) ~[spring-batch-core-2.2.0.RELEASE.jar:?]
	at org.springframework.batch.core.scope.context.StepContextRepeatCallback.doInIteration(StepContextRepeatCallback.java:77) ~[spring-batch-core-2.2.0.RELEASE.jar:?]
	at org.springframework.batch.repeat.support.RepeatTemplate.getNextResult(RepeatTemplate.java:368) ~[spring-batch-infrastructure-2.2.0.RELEASE.jar:?]
	at org.springframework.batch.repeat.support.RepeatTemplate.executeInternal(RepeatTemplate.java:215) ~[spring-batch-infrastructure-2.2.0.RELEASE.jar:?]
	at org.springframework.batch.repeat.support.RepeatTemplate.iterate(RepeatTemplate.java:144) ~[spring-batch-infrastructure-2.2.0.RELEASE.jar:?]
	at org.springframework.batch.core.step.tasklet.TaskletStep.doExecute(TaskletStep.java:253) ~[spring-batch-core-2.2.0.RELEASE.jar:?]
	at org.springframework.batch.core.step.AbstractStep.execute(AbstractStep.java:195) [spring-batch-core-2.2.0.RELEASE.jar:?]
	at org.springframework.batch.core.job.SimpleStepHandler.handleStep(SimpleStepHandler.java:137) [spring-batch-core-2.2.0.RELEASE.jar:?]
	at org.springframework.batch.core.job.flow.JobFlowExecutor.executeStep(JobFlowExecutor.java:64) [spring-batch-core-2.2.0.RELEASE.jar:?]
	at org.springframework.batch.core.job.flow.support.state.StepState.handle(StepState.java:60) [spring-batch-core-2.2.0.RELEASE.jar:?]
	at org.springframework.batch.core.job.flow.support.SimpleFlow.resume(SimpleFlow.java:152) [spring-batch-core-2.2.0.RELEASE.jar:?]
	at org.springframework.batch.core.job.flow.support.SimpleFlow.start(SimpleFlow.java:131) [spring-batch-core-2.2.0.RELEASE.jar:?]
	at org.springframework.batch.core.job.flow.FlowJob.doExecute(FlowJob.java:135) [spring-batch-core-2.2.0.RELEASE.jar:?]
	at org.springframework.batch.core.job.AbstractJob.execute(AbstractJob.java:301) [spring-batch-core-2.2.0.RELEASE.jar:?]
	at org.springframework.batch.core.launch.support.SimpleJobLauncher$1.run(SimpleJobLauncher.java:134) [spring-batch-core-2.2.0.RELEASE.jar:?]
	at org.springframework.core.task.SyncTaskExecutor.execute(SyncTaskExecutor.java:48) [spring-core-3.2.0.RELEASE.jar:3.2.0.RELEASE]
	at org.springframework.batch.core.launch.support.SimpleJobLauncher.run(SimpleJobLauncher.java:127) [spring-batch-core-2.2.0.RELEASE.jar:?]
	at com.numazu.export.Application.runJob(Application.java:88) [bin/:?]
	at com.numazu.export.Application.main(Application.java:38) [bin/:?]
Caused by: com.google.gson.JsonSyntaxException: com.google.gson.stream.MalformedJsonException: Unterminated object at line 1 column 85 path $.serviceValue
	at com.google.gson.Gson.fromJson(Gson.java:876) ~[gson-2.5.jar:?]
	at com.google.gson.Gson.fromJson(Gson.java:826) ~[gson-2.5.jar:?]
	at com.google.gson.Gson.fromJson(Gson.java:775) ~[gson-2.5.jar:?]
	at com.google.gson.Gson.fromJson(Gson.java:747) ~[gson-2.5.jar:?]
	at com.numazu.export.task.MessagingTask.sendPush(MessagingTask.java:89) ~[bin/:?]
	at com.numazu.export.task.CreateFileTask.doLoopSendToJms2(CreateFileTask.java:193) ~[bin/:?]
	at com.numazu.export.task.CreateFileTask.lambda$1(CreateFileTask.java:129) ~[bin/:?]
	at java.util.stream.ForEachOps$ForEachOp$OfRef.accept(ForEachOps.java:184) ~[?:1.8.0_60]
	at java.util.stream.Nodes$ArrayNode.forEach(Nodes.java:684) ~[?:1.8.0_60]
	at java.util.stream.ForEachOps$ForEachOrderedTask.onCompletion(ForEachOps.java:490) ~[?:1.8.0_60]
	at java.util.concurrent.CountedCompleter.tryComplete(CountedCompleter.java:577) ~[?:1.8.0_60]
	at java.util.stream.ForEachOps$ForEachOrderedTask.onCompletion(ForEachOps.java:505) ~[?:1.8.0_60]
	at java.util.concurrent.CountedCompleter.tryComplete(CountedCompleter.java:577) ~[?:1.8.0_60]
	at java.util.stream.ForEachOps$ForEachOrderedTask.doCompute(ForEachOps.java:483) ~[?:1.8.0_60]
	at java.util.stream.ForEachOps$ForEachOrderedTask.compute(ForEachOps.java:400) ~[?:1.8.0_60]
	at java.util.concurrent.CountedCompleter.exec(CountedCompleter.java:731) ~[?:1.8.0_60]
	at java.util.concurrent.ForkJoinTask.doExec(ForkJoinTask.java:289) ~[?:1.8.0_60]
	at java.util.concurrent.ForkJoinPool$WorkQueue.execLocalTasks(ForkJoinPool.java:1040) ~[?:1.8.0_60]
	at java.util.concurrent.ForkJoinPool$WorkQueue.runTask(ForkJoinPool.java:1058) ~[?:1.8.0_60]
	at java.util.concurrent.ForkJoinPool.runWorker(ForkJoinPool.java:1692) ~[?:1.8.0_60]
	at java.util.concurrent.ForkJoinWorkerThread.run(ForkJoinWorkerThread.java:157) ~[?:1.8.0_60]
Caused by: com.google.gson.stream.MalformedJsonException: Unterminated object at line 1 column 85 path $.serviceValue
	at com.google.gson.stream.JsonReader.syntaxError(JsonReader.java:1574) ~[gson-2.5.jar:?]
	at com.google.gson.stream.JsonReader.doPeek(JsonReader.java:495) ~[gson-2.5.jar:?]
	at com.google.gson.stream.JsonReader.hasNext(JsonReader.java:418) ~[gson-2.5.jar:?]
	at com.google.gson.internal.bind.ReflectiveTypeAdapterFactory$Adapter.read(ReflectiveTypeAdapterFactory.java:211) ~[gson-2.5.jar:?]
	at com.google.gson.Gson.fromJson(Gson.java:861) ~[gson-2.5.jar:?]
	at com.google.gson.Gson.fromJson(Gson.java:826) ~[gson-2.5.jar:?]
	at com.google.gson.Gson.fromJson(Gson.java:775) ~[gson-2.5.jar:?]
	at com.google.gson.Gson.fromJson(Gson.java:747) ~[gson-2.5.jar:?]
	at com.numazu.export.task.MessagingTask.sendPush(MessagingTask.java:89) ~[bin/:?]
	at com.numazu.export.task.CreateFileTask.doLoopSendToJms2(CreateFileTask.java:193) ~[bin/:?]
	at com.numazu.export.task.CreateFileTask.lambda$1(CreateFileTask.java:129) ~[bin/:?]
	at java.util.stream.ForEachOps$ForEachOp$OfRef.accept(ForEachOps.java:184) ~[?:1.8.0_60]
	at java.util.stream.Nodes$ArrayNode.forEach(Nodes.java:684) ~[?:1.8.0_60]
	at java.util.stream.ForEachOps$ForEachOrderedTask.onCompletion(ForEachOps.java:490) ~[?:1.8.0_60]
	at java.util.concurrent.CountedCompleter.tryComplete(CountedCompleter.java:577) ~[?:1.8.0_60]
	at java.util.stream.ForEachOps$ForEachOrderedTask.onCompletion(ForEachOps.java:505) ~[?:1.8.0_60]
	at java.util.concurrent.CountedCompleter.tryComplete(CountedCompleter.java:577) ~[?:1.8.0_60]
	at java.util.stream.ForEachOps$ForEachOrderedTask.doCompute(ForEachOps.java:483) ~[?:1.8.0_60]
	at java.util.stream.ForEachOps$ForEachOrderedTask.compute(ForEachOps.java:400) ~[?:1.8.0_60]
	at java.util.concurrent.CountedCompleter.exec(CountedCompleter.java:731) ~[?:1.8.0_60]
	at java.util.concurrent.ForkJoinTask.doExec(ForkJoinTask.java:289) ~[?:1.8.0_60]
	at java.util.concurrent.ForkJoinPool$WorkQueue.execLocalTasks(ForkJoinPool.java:1040) ~[?:1.8.0_60]
	at java.util.concurrent.ForkJoinPool$WorkQueue.runTask(ForkJoinPool.java:1058) ~[?:1.8.0_60]
	at java.util.concurrent.ForkJoinPool.runWorker(ForkJoinPool.java:1692) ~[?:1.8.0_60]
	at java.util.concurrent.ForkJoinWorkerThread.run(ForkJoinWorkerThread.java:157) ~[?:1.8.0_60]
