2016-03-28 22:01:50.204 [ERROR] org.springframework.batch.core.step.AbstractStep "Encountered an error executing the step"
java.lang.NullPointerException
	at com.numazu.export.dao.DummyDataDAO.resultListLastIndexDAOMapper(DummyDataDAO.java:195) ~[bin/:?]
	at com.numazu.export.bl.DummyDataBL.getMaxIdMapper(DummyDataBL.java:39) ~[bin/:?]
	at com.numazu.export.task.CheckFileTask.execute(CheckFileTask.java:40) ~[bin/:?]
	at org.springframework.batch.core.step.tasklet.TaskletStep$ChunkTransactionCallback.doInTransaction(TaskletStep.java:395) ~[spring-batch-core-2.2.0.RELEASE.jar:?]
	at org.springframework.transaction.support.TransactionTemplate.execute(TransactionTemplate.java:130) ~[spring-tx-3.2.0.RELEASE.jar:3.2.0.RELEASE]
	at org.springframework.batch.core.step.tasklet.TaskletStep$2.doInChunkContext(TaskletStep.java:267) ~[spring-batch-core-2.2.0.RELEASE.jar:?]
	at org.springframework.batch.core.scope.context.StepContextRepeatCallback.doInIteration(StepContextRepeatCallback.java:77) ~[spring-batch-core-2.2.0.RELEASE.jar:?]
	at org.springframework.batch.repeat.support.RepeatTemplate.getNextResult(RepeatTemplate.java:368) ~[spring-batch-infrastructure-2.2.0.RELEASE.jar:?]
	at org.springframework.batch.repeat.support.RepeatTemplate.executeInternal(RepeatTemplate.java:215) ~[spring-batch-infrastructure-2.2.0.RELEASE.jar:?]
	at org.springframework.batch.repeat.support.RepeatTemplate.iterate(RepeatTemplate.java:144) ~[spring-batch-infrastructure-2.2.0.RELEASE.jar:?]
	at org.springframework.batch.core.step.tasklet.TaskletStep.doExecute(TaskletStep.java:253) ~[spring-batch-core-2.2.0.RELEASE.jar:?]
	at org.springframework.batch.core.step.AbstractStep.execute(AbstractStep.java:195) [spring-batch-core-2.2.0.RELEASE.jar:?]
	at org.springframework.batch.core.job.SimpleStepHandler.handleStep(SimpleStepHandler.java:137) [spring-batch-core-2.2.0.RELEASE.jar:?]
	at org.springframework.batch.core.job.flow.JobFlowExecutor.executeStep(JobFlowExecutor.java:64) [spring-batch-core-2.2.0.RELEASE.jar:?]
	at org.springframework.batch.core.job.flow.support.state.StepState.handle(StepState.java:60) [spring-batch-core-2.2.0.RELEASE.jar:?]
	at org.springframework.batch.core.job.flow.support.SimpleFlow.resume(SimpleFlow.java:152) [spring-batch-core-2.2.0.RELEASE.jar:?]
	at org.springframework.batch.core.job.flow.support.SimpleFlow.start(SimpleFlow.java:131) [spring-batch-core-2.2.0.RELEASE.jar:?]
	at org.springframework.batch.core.job.flow.FlowJob.doExecute(FlowJob.java:135) [spring-batch-core-2.2.0.RELEASE.jar:?]
	at org.springframework.batch.core.job.AbstractJob.execute(AbstractJob.java:301) [spring-batch-core-2.2.0.RELEASE.jar:?]
	at org.springframework.batch.core.launch.support.SimpleJobLauncher$1.run(SimpleJobLauncher.java:134) [spring-batch-core-2.2.0.RELEASE.jar:?]
	at org.springframework.core.task.SyncTaskExecutor.execute(SyncTaskExecutor.java:48) [spring-core-3.2.0.RELEASE.jar:3.2.0.RELEASE]
	at org.springframework.batch.core.launch.support.SimpleJobLauncher.run(SimpleJobLauncher.java:127) [spring-batch-core-2.2.0.RELEASE.jar:?]
	at com.numazu.export.Application.runJob(Application.java:80) [bin/:?]
	at com.numazu.export.Application.main(Application.java:34) [bin/:?]
2016-03-28 22:17:48.910 [ERROR] org.springframework.batch.core.step.AbstractStep "Encountered an error executing the step"
org.springframework.jdbc.BadSqlGrammarException: StatementCallback; bad SQL grammar [select SERVICE_ID, MSISDN ,CONCAT(A,B,C,D,E,F,G) JSON1, now() period from LB_SERVICE_TEST_JSON1_VW WHERE SERVICE_ID > ?]; nested exception is com.mysql.jdbc.exceptions.jdbc4.MySQLSyntaxErrorException: You have an error in your SQL syntax; check the manual that corresponds to your MySQL server version for the right syntax to use near '?' at line 1
	at org.springframework.jdbc.support.SQLErrorCodeSQLExceptionTranslator.doTranslate(SQLErrorCodeSQLExceptionTranslator.java:233) ~[spring-jdbc-3.2.0.RELEASE.jar:3.2.0.RELEASE]
	at org.springframework.jdbc.support.AbstractFallbackSQLExceptionTranslator.translate(AbstractFallbackSQLExceptionTranslator.java:72) ~[spring-jdbc-3.2.0.RELEASE.jar:3.2.0.RELEASE]
	at org.springframework.jdbc.core.JdbcTemplate.execute(JdbcTemplate.java:407) ~[spring-jdbc-3.2.0.RELEASE.jar:3.2.0.RELEASE]
	at org.springframework.jdbc.core.JdbcTemplate.query(JdbcTemplate.java:456) ~[spring-jdbc-3.2.0.RELEASE.jar:3.2.0.RELEASE]
	at org.springframework.jdbc.core.JdbcTemplate.query(JdbcTemplate.java:464) ~[spring-jdbc-3.2.0.RELEASE.jar:3.2.0.RELEASE]
	at com.numazu.export.dao.DummyDataDAO.getSelectAllDAOMapper(DummyDataDAO.java:192) ~[bin/:?]
	at com.numazu.export.bl.DummyDataBL.getSelectAllMapper(DummyDataBL.java:35) ~[bin/:?]
	at com.numazu.export.task.CreateFileTask.createFile(CreateFileTask.java:73) ~[bin/:?]
	at com.numazu.export.task.CreateFileTask.checkStepRunning(CreateFileTask.java:63) ~[bin/:?]
	at com.numazu.export.task.CreateFileTask.execute(CreateFileTask.java:51) ~[bin/:?]
	at org.springframework.batch.core.step.tasklet.TaskletStep$ChunkTransactionCallback.doInTransaction(TaskletStep.java:395) ~[spring-batch-core-2.2.0.RELEASE.jar:?]
	at org.springframework.transaction.support.TransactionTemplate.execute(TransactionTemplate.java:130) ~[spring-tx-3.2.0.RELEASE.jar:3.2.0.RELEASE]
	at org.springframework.batch.core.step.tasklet.TaskletStep$2.doInChunkContext(TaskletStep.java:267) ~[spring-batch-core-2.2.0.RELEASE.jar:?]
	at org.springframework.batch.core.scope.context.StepContextRepeatCallback.doInIteration(StepContextRepeatCallback.java:77) ~[spring-batch-core-2.2.0.RELEASE.jar:?]
	at org.springframework.batch.repeat.support.RepeatTemplate.getNextResult(RepeatTemplate.java:368) ~[spring-batch-infrastructure-2.2.0.RELEASE.jar:?]
	at org.springframework.batch.repeat.support.RepeatTemplate.executeInternal(RepeatTemplate.java:215) ~[spring-batch-infrastructure-2.2.0.RELEASE.jar:?]
	at org.springframework.batch.repeat.support.RepeatTemplate.iterate(RepeatTemplate.java:144) ~[spring-batch-infrastructure-2.2.0.RELEASE.jar:?]
	at org.springframework.batch.core.step.tasklet.TaskletStep.doExecute(TaskletStep.java:253) ~[spring-batch-core-2.2.0.RELEASE.jar:?]
	at org.springframework.batch.core.step.AbstractStep.execute(AbstractStep.java:195) [spring-batch-core-2.2.0.RELEASE.jar:?]
	at org.springframework.batch.core.job.SimpleStepHandler.handleStep(SimpleStepHandler.java:137) [spring-batch-core-2.2.0.RELEASE.jar:?]
	at org.springframework.batch.core.job.flow.JobFlowExecutor.executeStep(JobFlowExecutor.java:64) [spring-batch-core-2.2.0.RELEASE.jar:?]
	at org.springframework.batch.core.job.flow.support.state.StepState.handle(StepState.java:60) [spring-batch-core-2.2.0.RELEASE.jar:?]
	at org.springframework.batch.core.job.flow.support.SimpleFlow.resume(SimpleFlow.java:152) [spring-batch-core-2.2.0.RELEASE.jar:?]
	at org.springframework.batch.core.job.flow.support.SimpleFlow.start(SimpleFlow.java:131) [spring-batch-core-2.2.0.RELEASE.jar:?]
	at org.springframework.batch.core.job.flow.FlowJob.doExecute(FlowJob.java:135) [spring-batch-core-2.2.0.RELEASE.jar:?]
	at org.springframework.batch.core.job.AbstractJob.execute(AbstractJob.java:301) [spring-batch-core-2.2.0.RELEASE.jar:?]
	at org.springframework.batch.core.launch.support.SimpleJobLauncher$1.run(SimpleJobLauncher.java:134) [spring-batch-core-2.2.0.RELEASE.jar:?]
	at org.springframework.core.task.SyncTaskExecutor.execute(SyncTaskExecutor.java:48) [spring-core-3.2.0.RELEASE.jar:3.2.0.RELEASE]
	at org.springframework.batch.core.launch.support.SimpleJobLauncher.run(SimpleJobLauncher.java:127) [spring-batch-core-2.2.0.RELEASE.jar:?]
	at com.numazu.export.Application.runJob(Application.java:80) [bin/:?]
	at com.numazu.export.Application.main(Application.java:34) [bin/:?]
Caused by: com.mysql.jdbc.exceptions.jdbc4.MySQLSyntaxErrorException: You have an error in your SQL syntax; check the manual that corresponds to your MySQL server version for the right syntax to use near '?' at line 1
	at sun.reflect.NativeConstructorAccessorImpl.newInstance0(Native Method) ~[?:1.7.0_95]
	at sun.reflect.NativeConstructorAccessorImpl.newInstance(NativeConstructorAccessorImpl.java:57) ~[?:1.7.0_95]
	at sun.reflect.DelegatingConstructorAccessorImpl.newInstance(DelegatingConstructorAccessorImpl.java:45) ~[?:1.7.0_95]
	at java.lang.reflect.Constructor.newInstance(Constructor.java:526) ~[?:1.7.0_95]
	at com.mysql.jdbc.Util.handleNewInstance(Util.java:404) ~[mysql-connector-java-5.1.37-bin.jar:5.1.37]
	at com.mysql.jdbc.Util.getInstance(Util.java:387) ~[mysql-connector-java-5.1.37-bin.jar:5.1.37]
	at com.mysql.jdbc.SQLError.createSQLException(SQLError.java:941) ~[mysql-connector-java-5.1.37-bin.jar:5.1.37]
	at com.mysql.jdbc.MysqlIO.checkErrorPacket(MysqlIO.java:3870) ~[mysql-connector-java-5.1.37-bin.jar:5.1.37]
	at com.mysql.jdbc.MysqlIO.checkErrorPacket(MysqlIO.java:3806) ~[mysql-connector-java-5.1.37-bin.jar:5.1.37]
	at com.mysql.jdbc.MysqlIO.sendCommand(MysqlIO.java:2470) ~[mysql-connector-java-5.1.37-bin.jar:5.1.37]
	at com.mysql.jdbc.MysqlIO.sqlQueryDirect(MysqlIO.java:2617) ~[mysql-connector-java-5.1.37-bin.jar:5.1.37]
	at com.mysql.jdbc.ConnectionImpl.execSQL(ConnectionImpl.java:2546) ~[mysql-connector-java-5.1.37-bin.jar:5.1.37]
	at com.mysql.jdbc.ConnectionImpl.execSQL(ConnectionImpl.java:2504) ~[mysql-connector-java-5.1.37-bin.jar:5.1.37]
	at com.mysql.jdbc.StatementImpl.executeQuery(StatementImpl.java:1370) ~[mysql-connector-java-5.1.37-bin.jar:5.1.37]
	at org.apache.commons.dbcp2.DelegatingStatement.executeQuery(DelegatingStatement.java:207) ~[commons-dbcp2-2.1.1.jar:2.1.1]
	at org.apache.commons.dbcp2.DelegatingStatement.executeQuery(DelegatingStatement.java:207) ~[commons-dbcp2-2.1.1.jar:2.1.1]
	at org.springframework.jdbc.core.JdbcTemplate$1QueryStatementCallback.doInStatement(JdbcTemplate.java:441) ~[spring-jdbc-3.2.0.RELEASE.jar:3.2.0.RELEASE]
	at org.springframework.jdbc.core.JdbcTemplate.execute(JdbcTemplate.java:396) ~[spring-jdbc-3.2.0.RELEASE.jar:3.2.0.RELEASE]
	... 28 more
