2016-03-24 18:04:55.245 [ERROR] com.numazu.export.dao.DummyDataDAO "Parameter index out of range (2 > number of parameters, which is 1)."
java.sql.SQLException: Parameter index out of range (2 > number of parameters, which is 1).
	at com.mysql.jdbc.SQLError.createSQLException(SQLError.java:959) ~[mysql-connector-java-5.1.37-bin.jar:5.1.37]
	at com.mysql.jdbc.SQLError.createSQLException(SQLError.java:898) ~[mysql-connector-java-5.1.37-bin.jar:5.1.37]
	at com.mysql.jdbc.SQLError.createSQLException(SQLError.java:887) ~[mysql-connector-java-5.1.37-bin.jar:5.1.37]
	at com.mysql.jdbc.SQLError.createSQLException(SQLError.java:862) ~[mysql-connector-java-5.1.37-bin.jar:5.1.37]
	at com.mysql.jdbc.PreparedStatement.checkBounds(PreparedStatement.java:3319) ~[mysql-connector-java-5.1.37-bin.jar:5.1.37]
	at com.mysql.jdbc.PreparedStatement.setInternal(PreparedStatement.java:3304) ~[mysql-connector-java-5.1.37-bin.jar:5.1.37]
	at com.mysql.jdbc.PreparedStatement.setInternal(PreparedStatement.java:3341) ~[mysql-connector-java-5.1.37-bin.jar:5.1.37]
	at com.mysql.jdbc.PreparedStatement.setInt(PreparedStatement.java:3294) ~[mysql-connector-java-5.1.37-bin.jar:5.1.37]
	at org.apache.commons.dbcp2.DelegatingPreparedStatement.setInt(DelegatingPreparedStatement.java:123) ~[commons-dbcp2-2.1.1.jar:2.1.1]
	at org.apache.commons.dbcp2.DelegatingPreparedStatement.setInt(DelegatingPreparedStatement.java:123) ~[commons-dbcp2-2.1.1.jar:2.1.1]
	at com.numazu.export.dao.DummyDataDAO.getSelectAllDAO(DummyDataDAO.java:82) [bin/:?]
	at com.numazu.export.bl.DummyDataBL.getSelectAll(DummyDataBL.java:23) [bin/:?]
	at com.numazu.export.task.CreateFileTask.createFile(CreateFileTask.java:65) [bin/:?]
	at com.numazu.export.task.CreateFileTask.checkStepRunning(CreateFileTask.java:59) [bin/:?]
	at com.numazu.export.task.CreateFileTask.execute(CreateFileTask.java:47) [bin/:?]
	at org.springframework.batch.core.step.tasklet.TaskletStep$ChunkTransactionCallback.doInTransaction(TaskletStep.java:395) [spring-batch-core-2.2.0.RELEASE.jar:?]
	at org.springframework.transaction.support.TransactionTemplate.execute(TransactionTemplate.java:130) [spring-tx-3.2.0.RELEASE.jar:3.2.0.RELEASE]
	at org.springframework.batch.core.step.tasklet.TaskletStep$2.doInChunkContext(TaskletStep.java:267) [spring-batch-core-2.2.0.RELEASE.jar:?]
	at org.springframework.batch.core.scope.context.StepContextRepeatCallback.doInIteration(StepContextRepeatCallback.java:77) [spring-batch-core-2.2.0.RELEASE.jar:?]
	at org.springframework.batch.repeat.support.RepeatTemplate.getNextResult(RepeatTemplate.java:368) [spring-batch-infrastructure-2.2.0.RELEASE.jar:?]
	at org.springframework.batch.repeat.support.RepeatTemplate.executeInternal(RepeatTemplate.java:215) [spring-batch-infrastructure-2.2.0.RELEASE.jar:?]
	at org.springframework.batch.repeat.support.RepeatTemplate.iterate(RepeatTemplate.java:144) [spring-batch-infrastructure-2.2.0.RELEASE.jar:?]
	at org.springframework.batch.core.step.tasklet.TaskletStep.doExecute(TaskletStep.java:253) [spring-batch-core-2.2.0.RELEASE.jar:?]
	at org.springframework.batch.core.step.AbstractStep.execute(AbstractStep.java:195) [spring-batch-core-2.2.0.RELEASE.jar:?]
	at org.springframework.batch.core.job.SimpleStepHandler.handleStep(SimpleStepHandler.java:137) [spring-batch-core-2.2.0.RELEASE.jar:?]
	at org.springframework.batch.core.job.flow.JobFlowExecutor.executeStep(JobFlowExecutor.java:64) [spring-batch-core-2.2.0.RELEASE.jar:?]
	at org.springframework.batch.core.job.flow.support.state.StepState.handle(StepState.java:60) [spring-batch-core-2.2.0.RELEASE.jar:?]
	at org.springframework.batch.core.job.flow.support.SimpleFlow.resume(SimpleFlow.java:152) [spring-batch-core-2.2.0.RELEASE.jar:?]
	at org.springframework.batch.core.job.flow.support.SimpleFlow.start(SimpleFlow.java:131) [spring-batch-core-2.2.0.RELEASE.jar:?]
	at org.springframework.batch.core.job.flow.FlowJob.doExecute(FlowJob.java:135) [spring-batch-core-2.2.0.RELEASE.jar:?]
	at org.springframework.batch.core.job.AbstractJob.execute(AbstractJob.java:301) [spring-batch-core-2.2.0.RELEASE.jar:?]
	at org.springframework.batch.core.launch.support.SimpleJobLauncher$1.run(SimpleJobLauncher.java:134) [spring-batch-core-2.2.0.RELEASE.jar:?]
	at org.springframework.core.task.SyncTaskExecutor.execute(SyncTaskExecutor.java:48) [spring-core-3.2.0.RELEASE.jar:3.2.0.RELEASE]
	at org.springframework.batch.core.launch.support.SimpleJobLauncher.run(SimpleJobLauncher.java:127) [spring-batch-core-2.2.0.RELEASE.jar:?]
	at com.numazu.export.Application.runJob(Application.java:80) [bin/:?]
	at com.numazu.export.Application.main(Application.java:34) [bin/:?]
2016-03-24 18:07:15.221 [ERROR] com.numazu.export.dao.DummyDataDAO "Parameter index out of range (2 > number of parameters, which is 1)."
java.sql.SQLException: Parameter index out of range (2 > number of parameters, which is 1).
	at com.mysql.jdbc.SQLError.createSQLException(SQLError.java:959) ~[mysql-connector-java-5.1.37-bin.jar:5.1.37]
	at com.mysql.jdbc.SQLError.createSQLException(SQLError.java:898) ~[mysql-connector-java-5.1.37-bin.jar:5.1.37]
	at com.mysql.jdbc.SQLError.createSQLException(SQLError.java:887) ~[mysql-connector-java-5.1.37-bin.jar:5.1.37]
	at com.mysql.jdbc.SQLError.createSQLException(SQLError.java:862) ~[mysql-connector-java-5.1.37-bin.jar:5.1.37]
	at com.mysql.jdbc.PreparedStatement.checkBounds(PreparedStatement.java:3319) ~[mysql-connector-java-5.1.37-bin.jar:5.1.37]
	at com.mysql.jdbc.PreparedStatement.setInternal(PreparedStatement.java:3304) ~[mysql-connector-java-5.1.37-bin.jar:5.1.37]
	at com.mysql.jdbc.PreparedStatement.setInternal(PreparedStatement.java:3341) ~[mysql-connector-java-5.1.37-bin.jar:5.1.37]
	at com.mysql.jdbc.PreparedStatement.setInt(PreparedStatement.java:3294) ~[mysql-connector-java-5.1.37-bin.jar:5.1.37]
	at org.apache.commons.dbcp2.DelegatingPreparedStatement.setInt(DelegatingPreparedStatement.java:123) ~[commons-dbcp2-2.1.1.jar:2.1.1]
	at org.apache.commons.dbcp2.DelegatingPreparedStatement.setInt(DelegatingPreparedStatement.java:123) ~[commons-dbcp2-2.1.1.jar:2.1.1]
	at com.numazu.export.dao.DummyDataDAO.getSelectAllDAO(DummyDataDAO.java:82) [bin/:?]
	at com.numazu.export.bl.DummyDataBL.getSelectAll(DummyDataBL.java:23) [bin/:?]
	at com.numazu.export.task.CreateFileTask.createFile(CreateFileTask.java:65) [bin/:?]
	at com.numazu.export.task.CreateFileTask.checkStepRunning(CreateFileTask.java:59) [bin/:?]
	at com.numazu.export.task.CreateFileTask.execute(CreateFileTask.java:47) [bin/:?]
	at org.springframework.batch.core.step.tasklet.TaskletStep$ChunkTransactionCallback.doInTransaction(TaskletStep.java:395) [spring-batch-core-2.2.0.RELEASE.jar:?]
	at org.springframework.transaction.support.TransactionTemplate.execute(TransactionTemplate.java:130) [spring-tx-3.2.0.RELEASE.jar:3.2.0.RELEASE]
	at org.springframework.batch.core.step.tasklet.TaskletStep$2.doInChunkContext(TaskletStep.java:267) [spring-batch-core-2.2.0.RELEASE.jar:?]
	at org.springframework.batch.core.scope.context.StepContextRepeatCallback.doInIteration(StepContextRepeatCallback.java:77) [spring-batch-core-2.2.0.RELEASE.jar:?]
	at org.springframework.batch.repeat.support.RepeatTemplate.getNextResult(RepeatTemplate.java:368) [spring-batch-infrastructure-2.2.0.RELEASE.jar:?]
	at org.springframework.batch.repeat.support.RepeatTemplate.executeInternal(RepeatTemplate.java:215) [spring-batch-infrastructure-2.2.0.RELEASE.jar:?]
	at org.springframework.batch.repeat.support.RepeatTemplate.iterate(RepeatTemplate.java:144) [spring-batch-infrastructure-2.2.0.RELEASE.jar:?]
	at org.springframework.batch.core.step.tasklet.TaskletStep.doExecute(TaskletStep.java:253) [spring-batch-core-2.2.0.RELEASE.jar:?]
	at org.springframework.batch.core.step.AbstractStep.execute(AbstractStep.java:195) [spring-batch-core-2.2.0.RELEASE.jar:?]
	at org.springframework.batch.core.job.SimpleStepHandler.handleStep(SimpleStepHandler.java:137) [spring-batch-core-2.2.0.RELEASE.jar:?]
	at org.springframework.batch.core.job.flow.JobFlowExecutor.executeStep(JobFlowExecutor.java:64) [spring-batch-core-2.2.0.RELEASE.jar:?]
	at org.springframework.batch.core.job.flow.support.state.StepState.handle(StepState.java:60) [spring-batch-core-2.2.0.RELEASE.jar:?]
	at org.springframework.batch.core.job.flow.support.SimpleFlow.resume(SimpleFlow.java:152) [spring-batch-core-2.2.0.RELEASE.jar:?]
	at org.springframework.batch.core.job.flow.support.SimpleFlow.start(SimpleFlow.java:131) [spring-batch-core-2.2.0.RELEASE.jar:?]
	at org.springframework.batch.core.job.flow.FlowJob.doExecute(FlowJob.java:135) [spring-batch-core-2.2.0.RELEASE.jar:?]
	at org.springframework.batch.core.job.AbstractJob.execute(AbstractJob.java:301) [spring-batch-core-2.2.0.RELEASE.jar:?]
	at org.springframework.batch.core.launch.support.SimpleJobLauncher$1.run(SimpleJobLauncher.java:134) [spring-batch-core-2.2.0.RELEASE.jar:?]
	at org.springframework.core.task.SyncTaskExecutor.execute(SyncTaskExecutor.java:48) [spring-core-3.2.0.RELEASE.jar:3.2.0.RELEASE]
	at org.springframework.batch.core.launch.support.SimpleJobLauncher.run(SimpleJobLauncher.java:127) [spring-batch-core-2.2.0.RELEASE.jar:?]
	at com.numazu.export.Application.runJob(Application.java:80) [bin/:?]
	at com.numazu.export.Application.main(Application.java:34) [bin/:?]
